2024/12/17 07:41:38 
2024/12/17 07:41:38 ## OPEN LOG FILE  rumctl  20241217 07:41:38.632 ##
2024/12/17 07:41:38 
2024/12/17 07:41:38 [tytttt] [tytttt] 

2024/12/17 07:41:38 [31m[Error] Error 
[0m
2024/12/17 07:41:38 
2024/12/17 07:41:38 ## OPEN LOG FILE  rumctl  20241217 07:41:38.632 ##
2024/12/17 07:41:38 
2024/12/17 07:41:38 [tytttt] [tytttt] 

2024/12/17 07:41:38 [31m[Error] Error 
[0m
2024/12/17 07:41:38 
2024/12/17 07:41:38 ## OPEN LOG FILE  rumctl  20241217 07:41:38.632 ##
2024/12/17 07:41:38 
2024/12/17 07:41:38 [tytttt] [tytttt] 

2024/12/17 07:41:38 [31m[Error] Error 
[0m
2024/12/17 07:47:14 
2024/12/17 07:47:14 ## OPEN LOG FILE  rumctl  20241217 07:47:14.572 ##
2024/12/17 07:47:14 
2024/12/17 07:47:14 [tytttt] [tytttt] 

2024/12/17 07:47:14 [31m[Error] Error 
[0m
2024/12/17 07:47:14 
2024/12/17 07:47:14 ## OPEN LOG FILE  rumctl  20241217 07:47:14.572 ##
2024/12/17 07:47:14 
2024/12/17 07:47:14 [tytttt] [tytttt] 

2024/12/17 07:47:14 [31m[Error] Error 
[0m
2024/12/17 07:47:14 
2024/12/17 07:47:14 ## OPEN LOG FILE  rumctl  20241217 07:47:14.572 ##
2024/12/17 07:47:14 
2024/12/17 07:47:14 [tytttt] [tytttt] 

2024/12/17 07:47:14 [31m[Error] Error 
[0m
2024/12/17 07:54:59 
2024/12/17 07:54:59 ## OPEN LOG FILE  rumctl  20241217 07:54:59.483 ##
2024/12/17 07:54:59 
2024/12/17 07:54:59 [tytttt] [tytttt] 

2024/12/17 07:54:59 [31m[Error] Error 
[0m
2024/12/17 07:54:59 
2024/12/17 07:54:59 ## OPEN LOG FILE  rumctl  20241217 07:54:59.484 ##
2024/12/17 07:54:59 
2024/12/17 07:54:59 [tytttt] [tytttt] 

2024/12/17 07:54:59 [31m[Error] Error 
[0m
2024/12/17 07:54:59 
2024/12/17 07:54:59 ## OPEN LOG FILE  rumctl  20241217 07:54:59.484 ##
2024/12/17 07:54:59 
2024/12/17 07:54:59 [tytttt] [tytttt] 

2024/12/17 07:54:59 [31m[Error] Error 
[0m
