2025/04/21 11:27:21 
2025/04/21 11:27:21 ## OPEN LOG FILE  rumctl  20250421 11:27:21.169 ##
2025/04/21 11:27:21 
2025/04/21 11:27:21 [tytttt] [tytttt] 

2025/04/21 11:27:21 [31m[Error] Error 
[0m
2025/04/21 11:27:21 
2025/04/21 11:27:21 ## OPEN LOG FILE  rumctl  20250421 11:27:21.169 ##
2025/04/21 11:27:21 
2025/04/21 11:27:21 [tytttt] [tytttt] 

2025/04/21 11:27:21 [31m[Error] Error 
[0m
2025/04/21 11:27:21 
2025/04/21 11:27:21 ## OPEN LOG FILE  rumctl  20250421 11:27:21.170 ##
2025/04/21 11:27:21 
2025/04/21 11:27:21 [tytttt] [tytttt] 

2025/04/21 11:27:21 [31m[Error] Error 
[0m
2025/04/21 11:34:07 
2025/04/21 11:34:07 ## OPEN LOG FILE  rumctl  20250421 11:34:07.559 ##
2025/04/21 11:34:07 
2025/04/21 11:34:07 [tytttt] [tytttt] 

2025/04/21 11:34:07 [31m[Error] Error 
[0m
2025/04/21 11:34:07 
2025/04/21 11:34:07 ## OPEN LOG FILE  rumctl  20250421 11:34:07.559 ##
2025/04/21 11:34:07 
2025/04/21 11:34:07 [tytttt] [tytttt] 

2025/04/21 11:34:07 [31m[Error] Error 
[0m
2025/04/21 11:34:07 
2025/04/21 11:34:07 ## OPEN LOG FILE  rumctl  20250421 11:34:07.560 ##
2025/04/21 11:34:07 
2025/04/21 11:34:07 [tytttt] [tytttt] 

2025/04/21 11:34:07 [31m[Error] Error 
[0m
2025/04/21 11:38:36 
2025/04/21 11:38:36 ## OPEN LOG FILE  rumctl  20250421 11:38:36.180 ##
2025/04/21 11:38:36 
2025/04/21 11:38:36 [tytttt] [tytttt] 

2025/04/21 11:38:36 [31m[Error] Error 
[0m
2025/04/21 11:38:36 
2025/04/21 11:38:36 ## OPEN LOG FILE  rumctl  20250421 11:38:36.180 ##
2025/04/21 11:38:36 
2025/04/21 11:38:36 [tytttt] [tytttt] 

2025/04/21 11:38:36 [31m[Error] Error 
[0m
2025/04/21 11:38:36 
2025/04/21 11:38:36 ## OPEN LOG FILE  rumctl  20250421 11:38:36.180 ##
2025/04/21 11:38:36 
2025/04/21 11:38:36 [tytttt] [tytttt] 

2025/04/21 11:38:36 [31m[Error] Error 
[0m
