2025/03/24 05:10:02 
2025/03/24 05:10:02 ## OPEN LOG FILE  rumctl  20250324 05:10:02.21 ##
2025/03/24 05:10:02 
2025/03/24 05:10:02 [tytttt] [tytttt] 

2025/03/24 05:10:02 [31m[Error] Error 
[0m
2025/03/24 05:10:02 
2025/03/24 05:10:02 ## OPEN LOG FILE  rumctl  20250324 05:10:02.21 ##
2025/03/24 05:10:02 
2025/03/24 05:10:02 [tytttt] [tytttt] 

2025/03/24 05:10:02 [31m[Error] Error 
[0m
2025/03/24 05:10:02 
2025/03/24 05:10:02 ## OPEN LOG FILE  rumctl  20250324 05:10:02.22 ##
2025/03/24 05:10:02 
2025/03/24 05:10:02 [tytttt] [tytttt] 

2025/03/24 05:10:02 [31m[Error] Error 
[0m
2025/03/24 05:14:15 
2025/03/24 05:14:15 ## OPEN LOG FILE  rumctl  20250324 05:14:15.781 ##
2025/03/24 05:14:15 
2025/03/24 05:14:15 [tytttt] [tytttt] 

2025/03/24 05:14:15 [31m[Error] Error 
[0m
2025/03/24 05:14:15 
2025/03/24 05:14:15 ## OPEN LOG FILE  rumctl  20250324 05:14:15.781 ##
2025/03/24 05:14:15 
2025/03/24 05:14:15 [tytttt] [tytttt] 

2025/03/24 05:14:15 [31m[Error] Error 
[0m
2025/03/24 05:14:15 
2025/03/24 05:14:15 ## OPEN LOG FILE  rumctl  20250324 05:14:15.782 ##
2025/03/24 05:14:15 
2025/03/24 05:14:15 [tytttt] [tytttt] 

2025/03/24 05:14:15 [31m[Error] Error 
[0m
2025/03/24 05:16:29 
2025/03/24 05:16:29 ## OPEN LOG FILE  rumctl  20250324 05:16:29.226 ##
2025/03/24 05:16:29 
2025/03/24 05:16:29 [tytttt] [tytttt] 

2025/03/24 05:16:29 [31m[Error] Error 
[0m
2025/03/24 05:16:29 
2025/03/24 05:16:29 ## OPEN LOG FILE  rumctl  20250324 05:16:29.226 ##
2025/03/24 05:16:29 
2025/03/24 05:16:29 [tytttt] [tytttt] 

2025/03/24 05:16:29 [31m[Error] Error 
[0m
2025/03/24 05:16:29 
2025/03/24 05:16:29 ## OPEN LOG FILE  rumctl  20250324 05:16:29.226 ##
2025/03/24 05:16:29 
2025/03/24 05:16:29 [tytttt] [tytttt] 

2025/03/24 05:16:29 [31m[Error] Error 
[0m
