2024/02/22 05:00:28 
2024/02/22 05:00:28 ## OPEN LOG FILE  rumctl  20240222 05:00:28.132 ##
2024/02/22 05:00:28 
2024/02/22 05:00:28 [tytttt] [tytttt] 

2024/02/22 05:00:28 [31m[Error] Error 
[0m
2024/02/22 05:00:28 
2024/02/22 05:00:28 ## OPEN LOG FILE  rumctl  20240222 05:00:28.132 ##
2024/02/22 05:00:28 
2024/02/22 05:00:28 [tytttt] [tytttt] 

2024/02/22 05:00:28 [31m[Error] Error 
[0m
2024/02/22 05:00:28 
2024/02/22 05:00:28 ## OPEN LOG FILE  rumctl  20240222 05:00:28.132 ##
2024/02/22 05:00:28 
2024/02/22 05:00:28 [tytttt] [tytttt] 

2024/02/22 05:00:28 [31m[Error] Error 
[0m
2024/02/22 05:01:11 
2024/02/22 05:01:11 ## OPEN LOG FILE  rumctl  20240222 05:01:11.306 ##
2024/02/22 05:01:11 
2024/02/22 05:01:11 [tytttt] [tytttt] 

2024/02/22 05:01:11 [31m[Error] Error 
[0m
2024/02/22 05:01:11 
2024/02/22 05:01:11 ## OPEN LOG FILE  rumctl  20240222 05:01:11.306 ##
2024/02/22 05:01:11 
2024/02/22 05:01:11 [tytttt] [tytttt] 

2024/02/22 05:01:11 [31m[Error] Error 
[0m
2024/02/22 05:01:11 
2024/02/22 05:01:11 ## OPEN LOG FILE  rumctl  20240222 05:01:11.306 ##
2024/02/22 05:01:11 
2024/02/22 05:01:11 [tytttt] [tytttt] 

2024/02/22 05:01:11 [31m[Error] Error 
[0m
2024/02/22 05:03:24 
2024/02/22 05:03:24 ## OPEN LOG FILE  rumctl  20240222 05:03:24.885 ##
2024/02/22 05:03:24 
2024/02/22 05:03:24 [tytttt] [tytttt] 

2024/02/22 05:03:24 [31m[Error] Error 
[0m
2024/02/22 05:03:24 
2024/02/22 05:03:24 ## OPEN LOG FILE  rumctl  20240222 05:03:24.885 ##
2024/02/22 05:03:24 
2024/02/22 05:03:24 [tytttt] [tytttt] 

2024/02/22 05:03:24 [31m[Error] Error 
[0m
2024/02/22 05:03:24 
2024/02/22 05:03:24 ## OPEN LOG FILE  rumctl  20240222 05:03:24.885 ##
2024/02/22 05:03:24 
2024/02/22 05:03:24 [tytttt] [tytttt] 

2024/02/22 05:03:24 [31m[Error] Error 
[0m
2024/02/22 05:05:26 
2024/02/22 05:05:26 ## OPEN LOG FILE  rumctl  20240222 05:05:26.836 ##
2024/02/22 05:05:26 
2024/02/22 05:05:26 [tytttt] [tytttt] 

2024/02/22 05:05:26 [31m[Error] Error 
[0m
2024/02/22 05:05:26 
2024/02/22 05:05:26 ## OPEN LOG FILE  rumctl  20240222 05:05:26.837 ##
2024/02/22 05:05:26 
2024/02/22 05:05:26 [tytttt] [tytttt] 

2024/02/22 05:05:26 [31m[Error] Error 
[0m
2024/02/22 05:05:26 
2024/02/22 05:05:26 ## OPEN LOG FILE  rumctl  20240222 05:05:26.837 ##
2024/02/22 05:05:26 
2024/02/22 05:05:26 [tytttt] [tytttt] 

2024/02/22 05:05:26 [31m[Error] Error 
[0m
2024/02/22 05:06:02 
2024/02/22 05:06:02 ## OPEN LOG FILE  rumctl  20240222 05:06:02.82 ##
2024/02/22 05:06:02 
2024/02/22 05:06:02 [tytttt] [tytttt] 

2024/02/22 05:06:02 [31m[Error] Error 
[0m
2024/02/22 05:06:02 
2024/02/22 05:06:02 ## OPEN LOG FILE  rumctl  20240222 05:06:02.83 ##
2024/02/22 05:06:02 
2024/02/22 05:06:02 [tytttt] [tytttt] 

2024/02/22 05:06:02 [31m[Error] Error 
[0m
2024/02/22 05:06:02 
2024/02/22 05:06:02 ## OPEN LOG FILE  rumctl  20240222 05:06:02.84 ##
2024/02/22 05:06:02 
2024/02/22 05:06:02 [tytttt] [tytttt] 

2024/02/22 05:06:02 [31m[Error] Error 
[0m
2024/02/22 05:08:22 
2024/02/22 05:08:22 ## OPEN LOG FILE  rumctl  20240222 05:08:22.185 ##
2024/02/22 05:08:22 
2024/02/22 05:08:22 [tytttt] [tytttt] 

2024/02/22 05:08:22 [31m[Error] Error 
[0m
2024/02/22 05:08:22 
2024/02/22 05:08:22 ## OPEN LOG FILE  rumctl  20240222 05:08:22.185 ##
2024/02/22 05:08:22 
2024/02/22 05:08:22 [tytttt] [tytttt] 

2024/02/22 05:08:22 [31m[Error] Error 
[0m
2024/02/22 05:08:22 
2024/02/22 05:08:22 ## OPEN LOG FILE  rumctl  20240222 05:08:22.185 ##
2024/02/22 05:08:22 
2024/02/22 05:08:22 [tytttt] [tytttt] 

2024/02/22 05:08:22 [31m[Error] Error 
[0m
