2025/03/13 08:25:13 
2025/03/13 08:25:13 ## OPEN LOG FILE  rumctl  20250313 08:25:13.84 ##
2025/03/13 08:25:13 
2025/03/13 08:25:13 [tytttt] [tytttt] 

2025/03/13 08:25:13 [31m[Error] Error 
[0m
2025/03/13 08:25:13 
2025/03/13 08:25:13 ## OPEN LOG FILE  rumctl  20250313 08:25:13.84 ##
2025/03/13 08:25:13 
2025/03/13 08:25:13 [tytttt] [tytttt] 

2025/03/13 08:25:13 [31m[Error] Error 
[0m
2025/03/13 08:25:13 
2025/03/13 08:25:13 ## OPEN LOG FILE  rumctl  20250313 08:25:13.84 ##
2025/03/13 08:25:13 
2025/03/13 08:25:13 [tytttt] [tytttt] 

2025/03/13 08:25:13 [31m[Error] Error 
[0m
2025/03/13 08:31:59 
2025/03/13 08:31:59 ## OPEN LOG FILE  rumctl  20250313 08:31:59.985 ##
2025/03/13 08:31:59 
2025/03/13 08:31:59 [tytttt] [tytttt] 

2025/03/13 08:31:59 [31m[Error] Error 
[0m
2025/03/13 08:31:59 
2025/03/13 08:31:59 ## OPEN LOG FILE  rumctl  20250313 08:31:59.986 ##
2025/03/13 08:31:59 
2025/03/13 08:31:59 [tytttt] [tytttt] 

2025/03/13 08:31:59 [31m[Error] Error 
[0m
2025/03/13 08:31:59 
2025/03/13 08:31:59 ## OPEN LOG FILE  rumctl  20250313 08:31:59.986 ##
2025/03/13 08:31:59 
2025/03/13 08:31:59 [tytttt] [tytttt] 

2025/03/13 08:31:59 [31m[Error] Error 
[0m
2025/03/13 08:36:40 
2025/03/13 08:36:40 ## OPEN LOG FILE  rumctl  20250313 08:36:40.551 ##
2025/03/13 08:36:40 
2025/03/13 08:36:40 [tytttt] [tytttt] 

2025/03/13 08:36:40 [31m[Error] Error 
[0m
2025/03/13 08:36:40 
2025/03/13 08:36:40 ## OPEN LOG FILE  rumctl  20250313 08:36:40.551 ##
2025/03/13 08:36:40 
2025/03/13 08:36:40 [tytttt] [tytttt] 

2025/03/13 08:36:40 [31m[Error] Error 
[0m
2025/03/13 08:36:40 
2025/03/13 08:36:40 ## OPEN LOG FILE  rumctl  20250313 08:36:40.551 ##
2025/03/13 08:36:40 
2025/03/13 08:36:40 [tytttt] [tytttt] 

2025/03/13 08:36:40 [31m[Error] Error 
[0m
