2024/08/27 08:39:35 
2024/08/27 08:39:35 ## OPEN LOG FILE  rumctl  20240827 08:39:35.662 ##
2024/08/27 08:39:35 
2024/08/27 08:39:35 [tytttt] [tytttt] 

2024/08/27 08:39:35 [31m[Error] Error 
[0m
2024/08/27 08:39:35 
2024/08/27 08:39:35 ## OPEN LOG FILE  rumctl  20240827 08:39:35.662 ##
2024/08/27 08:39:35 
2024/08/27 08:39:35 [tytttt] [tytttt] 

2024/08/27 08:39:35 [31m[Error] Error 
[0m
2024/08/27 08:39:35 
2024/08/27 08:39:35 ## OPEN LOG FILE  rumctl  20240827 08:39:35.663 ##
2024/08/27 08:39:35 
2024/08/27 08:39:35 [tytttt] [tytttt] 

2024/08/27 08:39:35 [31m[Error] Error 
[0m
2024/08/27 08:46:33 
2024/08/27 08:46:33 ## OPEN LOG FILE  rumctl  20240827 08:46:33.905 ##
2024/08/27 08:46:33 
2024/08/27 08:46:33 [tytttt] [tytttt] 

2024/08/27 08:46:33 [31m[Error] Error 
[0m
2024/08/27 08:46:33 
2024/08/27 08:46:33 ## OPEN LOG FILE  rumctl  20240827 08:46:33.905 ##
2024/08/27 08:46:33 
2024/08/27 08:46:33 [tytttt] [tytttt] 

2024/08/27 08:46:33 [31m[Error] Error 
[0m
2024/08/27 08:46:33 
2024/08/27 08:46:33 ## OPEN LOG FILE  rumctl  20240827 08:46:33.906 ##
2024/08/27 08:46:33 
2024/08/27 08:46:33 [tytttt] [tytttt] 

2024/08/27 08:46:33 [31m[Error] Error 
[0m
2024/08/27 08:49:18 
2024/08/27 08:49:18 ## OPEN LOG FILE  rumctl  20240827 08:49:18.464 ##
2024/08/27 08:49:18 
2024/08/27 08:49:18 [tytttt] [tytttt] 

2024/08/27 08:49:18 [31m[Error] Error 
[0m
2024/08/27 08:49:18 
2024/08/27 08:49:18 ## OPEN LOG FILE  rumctl  20240827 08:49:18.464 ##
2024/08/27 08:49:18 
2024/08/27 08:49:18 [tytttt] [tytttt] 

2024/08/27 08:49:18 [31m[Error] Error 
[0m
2024/08/27 08:49:18 
2024/08/27 08:49:18 ## OPEN LOG FILE  rumctl  20240827 08:49:18.464 ##
2024/08/27 08:49:18 
2024/08/27 08:49:18 [tytttt] [tytttt] 

2024/08/27 08:49:18 [31m[Error] Error 
[0m
2024/08/27 08:53:36 
2024/08/27 08:53:36 ## OPEN LOG FILE  rumctl  20240827 08:53:36.603 ##
2024/08/27 08:53:36 
2024/08/27 08:53:36 [tytttt] [tytttt] 

2024/08/27 08:53:36 [31m[Error] Error 
[0m
2024/08/27 08:53:36 
2024/08/27 08:53:36 ## OPEN LOG FILE  rumctl  20240827 08:53:36.603 ##
2024/08/27 08:53:36 
2024/08/27 08:53:36 [tytttt] [tytttt] 

2024/08/27 08:53:36 [31m[Error] Error 
[0m
2024/08/27 08:53:36 
2024/08/27 08:53:36 ## OPEN LOG FILE  rumctl  20240827 08:53:36.604 ##
2024/08/27 08:53:36 
2024/08/27 08:53:36 [tytttt] [tytttt] 

2024/08/27 08:53:36 [31m[Error] Error 
[0m
2024/08/27 08:57:11 
2024/08/27 08:57:11 ## OPEN LOG FILE  rumctl  20240827 08:57:11.525 ##
2024/08/27 08:57:11 
2024/08/27 08:57:11 [tytttt] [tytttt] 

2024/08/27 08:57:11 [31m[Error] Error 
[0m
2024/08/27 08:57:11 
2024/08/27 08:57:11 ## OPEN LOG FILE  rumctl  20240827 08:57:11.525 ##
2024/08/27 08:57:11 
2024/08/27 08:57:11 [tytttt] [tytttt] 

2024/08/27 08:57:11 [31m[Error] Error 
[0m
2024/08/27 08:57:11 
2024/08/27 08:57:11 ## OPEN LOG FILE  rumctl  20240827 08:57:11.526 ##
2024/08/27 08:57:11 
2024/08/27 08:57:11 [tytttt] [tytttt] 

2024/08/27 08:57:11 [31m[Error] Error 
[0m
2024/08/27 08:59:55 
2024/08/27 08:59:55 ## OPEN LOG FILE  rumctl  20240827 08:59:55.737 ##
2024/08/27 08:59:55 
2024/08/27 08:59:55 [tytttt] [tytttt] 

2024/08/27 08:59:55 [31m[Error] Error 
[0m
2024/08/27 08:59:55 
2024/08/27 08:59:55 ## OPEN LOG FILE  rumctl  20240827 08:59:55.737 ##
2024/08/27 08:59:55 
2024/08/27 08:59:55 [tytttt] [tytttt] 

2024/08/27 08:59:55 [31m[Error] Error 
[0m
2024/08/27 08:59:55 
2024/08/27 08:59:55 ## OPEN LOG FILE  rumctl  20240827 08:59:55.737 ##
2024/08/27 08:59:55 
2024/08/27 08:59:55 [tytttt] [tytttt] 

2024/08/27 08:59:55 [31m[Error] Error 
[0m
