2023/05/23 04:52:08 
2023/05/23 04:52:08 ## OPEN LOG FILE  rumctl  20230523 04:52:08.837 ##
2023/05/23 04:52:08 
2023/05/23 04:52:08 [tytttt] [tytttt] 

2023/05/23 04:52:08 [31m[Error] Error 
[0m
2023/05/23 04:52:08 
2023/05/23 04:52:08 ## OPEN LOG FILE  rumctl  20230523 04:52:08.837 ##
2023/05/23 04:52:08 
2023/05/23 04:52:08 [tytttt] [tytttt] 

2023/05/23 04:52:08 [31m[Error] Error 
[0m
2023/05/23 04:52:08 
2023/05/23 04:52:08 ## OPEN LOG FILE  rumctl  20230523 04:52:08.837 ##
2023/05/23 04:52:08 
2023/05/23 04:52:08 [tytttt] [tytttt] 

2023/05/23 04:52:08 [31m[Error] Error 
[0m
2023/05/23 05:00:39 
2023/05/23 05:00:39 ## OPEN LOG FILE  rumctl  20230523 05:00:39.130 ##
2023/05/23 05:00:39 
2023/05/23 05:00:39 [tytttt] [tytttt] 

2023/05/23 05:00:39 [31m[Error] Error 
[0m
2023/05/23 05:00:39 
2023/05/23 05:00:39 ## OPEN LOG FILE  rumctl  20230523 05:00:39.130 ##
2023/05/23 05:00:39 
2023/05/23 05:00:39 [tytttt] [tytttt] 

2023/05/23 05:00:39 [31m[Error] Error 
[0m
2023/05/23 05:00:39 
2023/05/23 05:00:39 ## OPEN LOG FILE  rumctl  20230523 05:00:39.130 ##
2023/05/23 05:00:39 
2023/05/23 05:00:39 [tytttt] [tytttt] 

2023/05/23 05:00:39 [31m[Error] Error 
[0m
2023/05/23 05:05:10 
2023/05/23 05:05:10 ## OPEN LOG FILE  rumctl  20230523 05:05:10.403 ##
2023/05/23 05:05:10 
2023/05/23 05:05:10 [tytttt] [tytttt] 

2023/05/23 05:05:10 [31m[Error] Error 
[0m
2023/05/23 05:05:10 
2023/05/23 05:05:10 ## OPEN LOG FILE  rumctl  20230523 05:05:10.403 ##
2023/05/23 05:05:10 
2023/05/23 05:05:10 [tytttt] [tytttt] 

2023/05/23 05:05:10 [31m[Error] Error 
[0m
2023/05/23 05:05:10 
2023/05/23 05:05:10 ## OPEN LOG FILE  rumctl  20230523 05:05:10.403 ##
2023/05/23 05:05:10 
2023/05/23 05:05:10 [tytttt] [tytttt] 

2023/05/23 05:05:10 [31m[Error] Error 
[0m
2023/05/23 05:05:45 
2023/05/23 05:05:45 ## OPEN LOG FILE  rumctl  20230523 05:05:45.254 ##
2023/05/23 05:05:45 
2023/05/23 05:05:45 [tytttt] [tytttt] 

2023/05/23 05:05:45 [31m[Error] Error 
[0m
2023/05/23 05:05:45 
2023/05/23 05:05:45 ## OPEN LOG FILE  rumctl  20230523 05:05:45.254 ##
2023/05/23 05:05:45 
2023/05/23 05:05:45 [tytttt] [tytttt] 

2023/05/23 05:05:45 [31m[Error] Error 
[0m
2023/05/23 05:05:45 
2023/05/23 05:05:45 ## OPEN LOG FILE  rumctl  20230523 05:05:45.254 ##
2023/05/23 05:05:45 
2023/05/23 05:05:45 [tytttt] [tytttt] 

2023/05/23 05:05:45 [31m[Error] Error 
[0m
2023/05/23 05:06:25 
2023/05/23 05:06:25 ## OPEN LOG FILE  rumctl  20230523 05:06:25.43 ##
2023/05/23 05:06:25 
2023/05/23 05:06:25 [tytttt] [tytttt] 

2023/05/23 05:06:25 [31m[Error] Error 
[0m
2023/05/23 05:06:25 
2023/05/23 05:06:25 ## OPEN LOG FILE  rumctl  20230523 05:06:25.43 ##
2023/05/23 05:06:25 
2023/05/23 05:06:25 [tytttt] [tytttt] 

2023/05/23 05:06:25 [31m[Error] Error 
[0m
2023/05/23 05:06:25 
2023/05/23 05:06:25 ## OPEN LOG FILE  rumctl  20230523 05:06:25.43 ##
2023/05/23 05:06:25 
2023/05/23 05:06:25 [tytttt] [tytttt] 

2023/05/23 05:06:25 [31m[Error] Error 
[0m
2023/05/23 05:07:04 
2023/05/23 05:07:04 ## OPEN LOG FILE  rumctl  20230523 05:07:04.237 ##
2023/05/23 05:07:04 
2023/05/23 05:07:04 [tytttt] [tytttt] 

2023/05/23 05:07:04 [31m[Error] Error 
[0m
2023/05/23 05:07:04 
2023/05/23 05:07:04 ## OPEN LOG FILE  rumctl  20230523 05:07:04.238 ##
2023/05/23 05:07:04 
2023/05/23 05:07:04 [tytttt] [tytttt] 

2023/05/23 05:07:04 [31m[Error] Error 
[0m
2023/05/23 05:07:04 
2023/05/23 05:07:04 ## OPEN LOG FILE  rumctl  20230523 05:07:04.238 ##
2023/05/23 05:07:04 
2023/05/23 05:07:04 [tytttt] [tytttt] 

2023/05/23 05:07:04 [31m[Error] Error 
[0m
2023/05/23 05:07:43 
2023/05/23 05:07:43 ## OPEN LOG FILE  rumctl  20230523 05:07:43.695 ##
2023/05/23 05:07:43 
2023/05/23 05:07:43 [tytttt] [tytttt] 

2023/05/23 05:07:43 [31m[Error] Error 
[0m
2023/05/23 05:07:43 
2023/05/23 05:07:43 ## OPEN LOG FILE  rumctl  20230523 05:07:43.695 ##
2023/05/23 05:07:43 
2023/05/23 05:07:43 [tytttt] [tytttt] 

2023/05/23 05:07:43 [31m[Error] Error 
[0m
2023/05/23 05:07:43 
2023/05/23 05:07:43 ## OPEN LOG FILE  rumctl  20230523 05:07:43.695 ##
2023/05/23 05:07:43 
2023/05/23 05:07:43 [tytttt] [tytttt] 

2023/05/23 05:07:43 [31m[Error] Error 
[0m
2023/05/23 05:08:25 
2023/05/23 05:08:25 ## OPEN LOG FILE  rumctl  20230523 05:08:25.623 ##
2023/05/23 05:08:25 
2023/05/23 05:08:25 [tytttt] [tytttt] 

2023/05/23 05:08:25 [31m[Error] Error 
[0m
2023/05/23 05:08:25 
2023/05/23 05:08:25 ## OPEN LOG FILE  rumctl  20230523 05:08:25.623 ##
2023/05/23 05:08:25 
2023/05/23 05:08:25 [tytttt] [tytttt] 

2023/05/23 05:08:25 [31m[Error] Error 
[0m
2023/05/23 05:08:25 
2023/05/23 05:08:25 ## OPEN LOG FILE  rumctl  20230523 05:08:25.623 ##
2023/05/23 05:08:25 
2023/05/23 05:08:25 [tytttt] [tytttt] 

2023/05/23 05:08:25 [31m[Error] Error 
[0m
2023/05/23 05:09:08 
2023/05/23 05:09:08 ## OPEN LOG FILE  rumctl  20230523 05:09:08.345 ##
2023/05/23 05:09:08 
2023/05/23 05:09:08 [tytttt] [tytttt] 

2023/05/23 05:09:08 [31m[Error] Error 
[0m
2023/05/23 05:09:08 
2023/05/23 05:09:08 ## OPEN LOG FILE  rumctl  20230523 05:09:08.345 ##
2023/05/23 05:09:08 
2023/05/23 05:09:08 [tytttt] [tytttt] 

2023/05/23 05:09:08 [31m[Error] Error 
[0m
2023/05/23 05:09:08 
2023/05/23 05:09:08 ## OPEN LOG FILE  rumctl  20230523 05:09:08.346 ##
2023/05/23 05:09:08 
2023/05/23 05:09:08 [tytttt] [tytttt] 

2023/05/23 05:09:08 [31m[Error] Error 
[0m
2023/05/23 05:09:47 
2023/05/23 05:09:47 ## OPEN LOG FILE  rumctl  20230523 05:09:47.66 ##
2023/05/23 05:09:47 
2023/05/23 05:09:47 [tytttt] [tytttt] 

2023/05/23 05:09:47 [31m[Error] Error 
[0m
2023/05/23 05:09:47 
2023/05/23 05:09:47 ## OPEN LOG FILE  rumctl  20230523 05:09:47.66 ##
2023/05/23 05:09:47 
2023/05/23 05:09:47 [tytttt] [tytttt] 

2023/05/23 05:09:47 [31m[Error] Error 
[0m
2023/05/23 05:09:47 
2023/05/23 05:09:47 ## OPEN LOG FILE  rumctl  20230523 05:09:47.67 ##
2023/05/23 05:09:47 
2023/05/23 05:09:47 [tytttt] [tytttt] 

2023/05/23 05:09:47 [31m[Error] Error 
[0m
2023/05/23 05:10:26 
2023/05/23 05:10:26 ## OPEN LOG FILE  rumctl  20230523 05:10:26.32 ##
2023/05/23 05:10:26 
2023/05/23 05:10:26 [tytttt] [tytttt] 

2023/05/23 05:10:26 [31m[Error] Error 
[0m
2023/05/23 05:10:26 
2023/05/23 05:10:26 ## OPEN LOG FILE  rumctl  20230523 05:10:26.32 ##
2023/05/23 05:10:26 
2023/05/23 05:10:26 [tytttt] [tytttt] 

2023/05/23 05:10:26 [31m[Error] Error 
[0m
2023/05/23 05:10:26 
2023/05/23 05:10:26 ## OPEN LOG FILE  rumctl  20230523 05:10:26.32 ##
2023/05/23 05:10:26 
2023/05/23 05:10:26 [tytttt] [tytttt] 

2023/05/23 05:10:26 [31m[Error] Error 
[0m
2023/05/23 05:11:08 
2023/05/23 05:11:08 ## OPEN LOG FILE  rumctl  20230523 05:11:08.648 ##
2023/05/23 05:11:08 
2023/05/23 05:11:08 [tytttt] [tytttt] 

2023/05/23 05:11:08 [31m[Error] Error 
[0m
2023/05/23 05:11:08 
2023/05/23 05:11:08 ## OPEN LOG FILE  rumctl  20230523 05:11:08.648 ##
2023/05/23 05:11:08 
2023/05/23 05:11:08 [tytttt] [tytttt] 

2023/05/23 05:11:08 [31m[Error] Error 
[0m
2023/05/23 05:11:08 
2023/05/23 05:11:08 ## OPEN LOG FILE  rumctl  20230523 05:11:08.648 ##
2023/05/23 05:11:08 
2023/05/23 05:11:08 [tytttt] [tytttt] 

2023/05/23 05:11:08 [31m[Error] Error 
[0m
