2022/10/13 01:17:04 
2022/10/13 01:17:04 ## OPEN LOG FILE  rumctl  20221013 01:17:04.636 ##
2022/10/13 01:17:04 
2022/10/13 01:17:04 [tytttt] [tytttt] 

2022/10/13 01:17:04 [31m[Error] Error 
[0m
2022/10/13 01:17:04 
2022/10/13 01:17:04 ## OPEN LOG FILE  rumctl  20221013 01:17:04.636 ##
2022/10/13 01:17:04 
2022/10/13 01:17:04 [tytttt] [tytttt] 

2022/10/13 01:17:04 [31m[Error] Error 
[0m
2022/10/13 01:17:04 
2022/10/13 01:17:04 ## OPEN LOG FILE  rumctl  20221013 01:17:04.637 ##
2022/10/13 01:17:04 
2022/10/13 01:17:04 [tytttt] [tytttt] 

2022/10/13 01:17:04 [31m[Error] Error 
[0m
2022/10/13 01:17:48 
2022/10/13 01:17:48 ## OPEN LOG FILE  rumctl  20221013 01:17:48.929 ##
2022/10/13 01:17:48 
2022/10/13 01:17:48 [tytttt] [tytttt] 

2022/10/13 01:17:48 [31m[Error] Error 
[0m
2022/10/13 01:17:48 
2022/10/13 01:17:48 ## OPEN LOG FILE  rumctl  20221013 01:17:48.929 ##
2022/10/13 01:17:48 
2022/10/13 01:17:48 [tytttt] [tytttt] 

2022/10/13 01:17:48 [31m[Error] Error 
[0m
2022/10/13 01:17:48 
2022/10/13 01:17:48 ## OPEN LOG FILE  rumctl  20221013 01:17:48.930 ##
2022/10/13 01:17:48 
2022/10/13 01:17:48 [tytttt] [tytttt] 

2022/10/13 01:17:48 [31m[Error] Error 
[0m
2022/10/13 01:18:34 
2022/10/13 01:18:34 ## OPEN LOG FILE  rumctl  20221013 01:18:34.258 ##
2022/10/13 01:18:34 
2022/10/13 01:18:34 [tytttt] [tytttt] 

2022/10/13 01:18:34 [31m[Error] Error 
[0m
2022/10/13 01:18:34 
2022/10/13 01:18:34 ## OPEN LOG FILE  rumctl  20221013 01:18:34.258 ##
2022/10/13 01:18:34 
2022/10/13 01:18:34 [tytttt] [tytttt] 

2022/10/13 01:18:34 [31m[Error] Error 
[0m
2022/10/13 01:18:34 
2022/10/13 01:18:34 ## OPEN LOG FILE  rumctl  20221013 01:18:34.258 ##
2022/10/13 01:18:34 
2022/10/13 01:18:34 [tytttt] [tytttt] 

2022/10/13 01:18:34 [31m[Error] Error 
[0m
2022/10/13 01:19:16 
2022/10/13 01:19:16 ## OPEN LOG FILE  rumctl  20221013 01:19:16.468 ##
2022/10/13 01:19:16 
2022/10/13 01:19:16 [tytttt] [tytttt] 

2022/10/13 01:19:16 [31m[Error] Error 
[0m
2022/10/13 01:19:16 
2022/10/13 01:19:16 ## OPEN LOG FILE  rumctl  20221013 01:19:16.469 ##
2022/10/13 01:19:16 
2022/10/13 01:19:16 [tytttt] [tytttt] 

2022/10/13 01:19:16 [31m[Error] Error 
[0m
2022/10/13 01:19:16 
2022/10/13 01:19:16 ## OPEN LOG FILE  rumctl  20221013 01:19:16.469 ##
2022/10/13 01:19:16 
2022/10/13 01:19:16 [tytttt] [tytttt] 

2022/10/13 01:19:16 [31m[Error] Error 
[0m
