2022/12/08 01:56:54 
2022/12/08 01:56:54 ## OPEN LOG FILE  rumctl  20221208 01:56:54.95 ##
2022/12/08 01:56:54 
2022/12/08 01:56:54 [tytttt] [tytttt] 

2022/12/08 01:56:54 [31m[Error] Error 
[0m
2022/12/08 01:56:54 
2022/12/08 01:56:54 ## OPEN LOG FILE  rumctl  20221208 01:56:54.95 ##
2022/12/08 01:56:54 
2022/12/08 01:56:54 [tytttt] [tytttt] 

2022/12/08 01:56:54 [31m[Error] Error 
[0m
2022/12/08 01:56:54 
2022/12/08 01:56:54 ## OPEN LOG FILE  rumctl  20221208 01:56:54.95 ##
2022/12/08 01:56:54 
2022/12/08 01:56:54 [tytttt] [tytttt] 

2022/12/08 01:56:54 [31m[Error] Error 
[0m
2022/12/08 01:57:08 
2022/12/08 01:57:08 ## OPEN LOG FILE  rumctl  20221208 01:57:08.266 ##
2022/12/08 01:57:08 
2022/12/08 01:57:08 [tytttt] [tytttt] 

2022/12/08 01:57:08 [31m[Error] Error 
[0m
2022/12/08 01:57:08 
2022/12/08 01:57:08 ## OPEN LOG FILE  rumctl  20221208 01:57:08.266 ##
2022/12/08 01:57:08 
2022/12/08 01:57:08 [tytttt] [tytttt] 

2022/12/08 01:57:08 [31m[Error] Error 
[0m
2022/12/08 01:57:08 
2022/12/08 01:57:08 ## OPEN LOG FILE  rumctl  20221208 01:57:08.266 ##
2022/12/08 01:57:08 
2022/12/08 01:57:08 [tytttt] [tytttt] 

2022/12/08 01:57:08 [31m[Error] Error 
[0m
2022/12/08 01:57:19 
2022/12/08 01:57:19 ## OPEN LOG FILE  rumctl  20221208 01:57:19.522 ##
2022/12/08 01:57:19 
2022/12/08 01:57:19 [tytttt] [tytttt] 

2022/12/08 01:57:19 [31m[Error] Error 
[0m
2022/12/08 01:57:19 
2022/12/08 01:57:19 ## OPEN LOG FILE  rumctl  20221208 01:57:19.523 ##
2022/12/08 01:57:19 
2022/12/08 01:57:19 [tytttt] [tytttt] 

2022/12/08 01:57:19 [31m[Error] Error 
[0m
2022/12/08 01:57:19 
2022/12/08 01:57:19 ## OPEN LOG FILE  rumctl  20221208 01:57:19.523 ##
2022/12/08 01:57:19 
2022/12/08 01:57:19 [tytttt] [tytttt] 

2022/12/08 01:57:19 [31m[Error] Error 
[0m
2022/12/08 01:57:28 
2022/12/08 01:57:28 ## OPEN LOG FILE  rumctl  20221208 01:57:28.796 ##
2022/12/08 01:57:28 
2022/12/08 01:57:28 [tytttt] [tytttt] 

2022/12/08 01:57:28 [31m[Error] Error 
[0m
2022/12/08 01:57:28 
2022/12/08 01:57:28 ## OPEN LOG FILE  rumctl  20221208 01:57:28.796 ##
2022/12/08 01:57:28 
2022/12/08 01:57:28 [tytttt] [tytttt] 

2022/12/08 01:57:28 [31m[Error] Error 
[0m
2022/12/08 01:57:28 
2022/12/08 01:57:28 ## OPEN LOG FILE  rumctl  20221208 01:57:28.796 ##
2022/12/08 01:57:28 
2022/12/08 01:57:28 [tytttt] [tytttt] 

2022/12/08 01:57:28 [31m[Error] Error 
[0m
2022/12/08 01:57:38 
2022/12/08 01:57:38 ## OPEN LOG FILE  rumctl  20221208 01:57:38.98 ##
2022/12/08 01:57:38 
2022/12/08 01:57:38 [tytttt] [tytttt] 

2022/12/08 01:57:38 [31m[Error] Error 
[0m
2022/12/08 01:57:38 
2022/12/08 01:57:38 ## OPEN LOG FILE  rumctl  20221208 01:57:38.98 ##
2022/12/08 01:57:38 
2022/12/08 01:57:38 [tytttt] [tytttt] 

2022/12/08 01:57:38 [31m[Error] Error 
[0m
2022/12/08 01:57:38 
2022/12/08 01:57:38 ## OPEN LOG FILE  rumctl  20221208 01:57:38.99 ##
2022/12/08 01:57:38 
2022/12/08 01:57:38 [tytttt] [tytttt] 

2022/12/08 01:57:38 [31m[Error] Error 
[0m
2022/12/08 01:57:48 
2022/12/08 01:57:48 ## OPEN LOG FILE  rumctl  20221208 01:57:48.118 ##
2022/12/08 01:57:48 
2022/12/08 01:57:48 [tytttt] [tytttt] 

2022/12/08 01:57:48 [31m[Error] Error 
[0m
2022/12/08 01:57:48 
2022/12/08 01:57:48 ## OPEN LOG FILE  rumctl  20221208 01:57:48.118 ##
2022/12/08 01:57:48 
2022/12/08 01:57:48 [tytttt] [tytttt] 

2022/12/08 01:57:48 [31m[Error] Error 
[0m
2022/12/08 01:57:48 
2022/12/08 01:57:48 ## OPEN LOG FILE  rumctl  20221208 01:57:48.119 ##
2022/12/08 01:57:48 
2022/12/08 01:57:48 [tytttt] [tytttt] 

2022/12/08 01:57:48 [31m[Error] Error 
[0m
2022/12/08 02:07:14 
2022/12/08 02:07:14 ## OPEN LOG FILE  rumctl  20221208 02:07:14.326 ##
2022/12/08 02:07:14 
2022/12/08 02:07:14 [tytttt] [tytttt] 

2022/12/08 02:07:14 [31m[Error] Error 
[0m
2022/12/08 02:07:14 
2022/12/08 02:07:14 ## OPEN LOG FILE  rumctl  20221208 02:07:14.327 ##
2022/12/08 02:07:14 
2022/12/08 02:07:14 [tytttt] [tytttt] 

2022/12/08 02:07:14 [31m[Error] Error 
[0m
2022/12/08 02:07:14 
2022/12/08 02:07:14 ## OPEN LOG FILE  rumctl  20221208 02:07:14.328 ##
2022/12/08 02:07:14 
2022/12/08 02:07:14 [tytttt] [tytttt] 

2022/12/08 02:07:14 [31m[Error] Error 
[0m
2022/12/08 02:19:01 
2022/12/08 02:19:01 ## OPEN LOG FILE  rumctl  20221208 02:19:01.225 ##
2022/12/08 02:19:01 
2022/12/08 02:19:01 [tytttt] [tytttt] 

2022/12/08 02:19:01 [31m[Error] Error 
[0m
2022/12/08 02:19:01 
2022/12/08 02:19:01 ## OPEN LOG FILE  rumctl  20221208 02:19:01.225 ##
2022/12/08 02:19:01 
2022/12/08 02:19:01 [tytttt] [tytttt] 

2022/12/08 02:19:01 [31m[Error] Error 
[0m
2022/12/08 02:19:01 
2022/12/08 02:19:01 ## OPEN LOG FILE  rumctl  20221208 02:19:01.226 ##
2022/12/08 02:19:01 
2022/12/08 02:19:01 [tytttt] [tytttt] 

2022/12/08 02:19:01 [31m[Error] Error 
[0m
2022/12/08 02:23:14 
2022/12/08 02:23:14 ## OPEN LOG FILE  rumctl  20221208 02:23:14.514 ##
2022/12/08 02:23:14 
2022/12/08 02:23:14 [tytttt] [tytttt] 

2022/12/08 02:23:14 [31m[Error] Error 
[0m
2022/12/08 02:23:14 
2022/12/08 02:23:14 ## OPEN LOG FILE  rumctl  20221208 02:23:14.514 ##
2022/12/08 02:23:14 
2022/12/08 02:23:14 [tytttt] [tytttt] 

2022/12/08 02:23:14 [31m[Error] Error 
[0m
2022/12/08 02:23:14 
2022/12/08 02:23:14 ## OPEN LOG FILE  rumctl  20221208 02:23:14.514 ##
2022/12/08 02:23:14 
2022/12/08 02:23:14 [tytttt] [tytttt] 

2022/12/08 02:23:14 [31m[Error] Error 
[0m
2022/12/08 02:28:48 
2022/12/08 02:28:48 ## OPEN LOG FILE  rumctl  20221208 02:28:48.334 ##
2022/12/08 02:28:48 
2022/12/08 02:28:48 [tytttt] [tytttt] 

2022/12/08 02:28:48 [31m[Error] Error 
[0m
2022/12/08 02:28:48 
2022/12/08 02:28:48 ## OPEN LOG FILE  rumctl  20221208 02:28:48.334 ##
2022/12/08 02:28:48 
2022/12/08 02:28:48 [tytttt] [tytttt] 

2022/12/08 02:28:48 [31m[Error] Error 
[0m
2022/12/08 02:28:48 
2022/12/08 02:28:48 ## OPEN LOG FILE  rumctl  20221208 02:28:48.334 ##
2022/12/08 02:28:48 
2022/12/08 02:28:48 [tytttt] [tytttt] 

2022/12/08 02:28:48 [31m[Error] Error 
[0m
2022/12/08 02:29:04 
2022/12/08 02:29:04 ## OPEN LOG FILE  rumctl  20221208 02:29:04.875 ##
2022/12/08 02:29:04 
2022/12/08 02:29:04 [tytttt] [tytttt] 

2022/12/08 02:29:04 [31m[Error] Error 
[0m
2022/12/08 02:29:04 
2022/12/08 02:29:04 ## OPEN LOG FILE  rumctl  20221208 02:29:04.876 ##
2022/12/08 02:29:04 
2022/12/08 02:29:04 [tytttt] [tytttt] 

2022/12/08 02:29:04 [31m[Error] Error 
[0m
2022/12/08 02:29:04 
2022/12/08 02:29:04 ## OPEN LOG FILE  rumctl  20221208 02:29:04.876 ##
2022/12/08 02:29:04 
2022/12/08 02:29:04 [tytttt] [tytttt] 

2022/12/08 02:29:04 [31m[Error] Error 
[0m
2022/12/08 02:29:20 
2022/12/08 02:29:20 ## OPEN LOG FILE  rumctl  20221208 02:29:20.406 ##
2022/12/08 02:29:20 
2022/12/08 02:29:20 [tytttt] [tytttt] 

2022/12/08 02:29:20 [31m[Error] Error 
[0m
2022/12/08 02:29:20 
2022/12/08 02:29:20 ## OPEN LOG FILE  rumctl  20221208 02:29:20.406 ##
2022/12/08 02:29:20 
2022/12/08 02:29:20 [tytttt] [tytttt] 

2022/12/08 02:29:20 [31m[Error] Error 
[0m
2022/12/08 02:29:20 
2022/12/08 02:29:20 ## OPEN LOG FILE  rumctl  20221208 02:29:20.406 ##
2022/12/08 02:29:20 
2022/12/08 02:29:20 [tytttt] [tytttt] 

2022/12/08 02:29:20 [31m[Error] Error 
[0m
2022/12/08 02:29:35 
2022/12/08 02:29:35 ## OPEN LOG FILE  rumctl  20221208 02:29:35.147 ##
2022/12/08 02:29:35 
2022/12/08 02:29:35 [tytttt] [tytttt] 

2022/12/08 02:29:35 [31m[Error] Error 
[0m
2022/12/08 02:29:35 
2022/12/08 02:29:35 ## OPEN LOG FILE  rumctl  20221208 02:29:35.147 ##
2022/12/08 02:29:35 
2022/12/08 02:29:35 [tytttt] [tytttt] 

2022/12/08 02:29:35 [31m[Error] Error 
[0m
2022/12/08 02:29:35 
2022/12/08 02:29:35 ## OPEN LOG FILE  rumctl  20221208 02:29:35.148 ##
2022/12/08 02:29:35 
2022/12/08 02:29:35 [tytttt] [tytttt] 

2022/12/08 02:29:35 [31m[Error] Error 
[0m
2022/12/08 02:29:48 
2022/12/08 02:29:48 ## OPEN LOG FILE  rumctl  20221208 02:29:48.838 ##
2022/12/08 02:29:48 
2022/12/08 02:29:48 [tytttt] [tytttt] 

2022/12/08 02:29:48 [31m[Error] Error 
[0m
2022/12/08 02:29:48 
2022/12/08 02:29:48 ## OPEN LOG FILE  rumctl  20221208 02:29:48.838 ##
2022/12/08 02:29:48 
2022/12/08 02:29:48 [tytttt] [tytttt] 

2022/12/08 02:29:48 [31m[Error] Error 
[0m
2022/12/08 02:29:48 
2022/12/08 02:29:48 ## OPEN LOG FILE  rumctl  20221208 02:29:48.838 ##
2022/12/08 02:29:48 
2022/12/08 02:29:48 [tytttt] [tytttt] 

2022/12/08 02:29:48 [31m[Error] Error 
[0m
2022/12/08 03:24:16 
2022/12/08 03:24:16 ## OPEN LOG FILE  rumctl  20221208 03:24:16.599 ##
2022/12/08 03:24:16 
2022/12/08 03:24:16 [tytttt] [tytttt] 

2022/12/08 03:24:16 [31m[Error] Error 
[0m
2022/12/08 03:24:16 
2022/12/08 03:24:16 ## OPEN LOG FILE  rumctl  20221208 03:24:16.599 ##
2022/12/08 03:24:16 
2022/12/08 03:24:16 [tytttt] [tytttt] 

2022/12/08 03:24:16 [31m[Error] Error 
[0m
2022/12/08 03:24:16 
2022/12/08 03:24:16 ## OPEN LOG FILE  rumctl  20221208 03:24:16.600 ##
2022/12/08 03:24:16 
2022/12/08 03:24:16 [tytttt] [tytttt] 

2022/12/08 03:24:16 [31m[Error] Error 
[0m
2022/12/08 03:24:31 
2022/12/08 03:24:31 ## OPEN LOG FILE  rumctl  20221208 03:24:31.791 ##
2022/12/08 03:24:31 
2022/12/08 03:24:31 [tytttt] [tytttt] 

2022/12/08 03:24:31 [31m[Error] Error 
[0m
2022/12/08 03:24:31 
2022/12/08 03:24:31 ## OPEN LOG FILE  rumctl  20221208 03:24:31.791 ##
2022/12/08 03:24:31 
2022/12/08 03:24:31 [tytttt] [tytttt] 

2022/12/08 03:24:31 [31m[Error] Error 
[0m
2022/12/08 03:24:31 
2022/12/08 03:24:31 ## OPEN LOG FILE  rumctl  20221208 03:24:31.791 ##
2022/12/08 03:24:31 
2022/12/08 03:24:31 [tytttt] [tytttt] 

2022/12/08 03:24:31 [31m[Error] Error 
[0m
2022/12/08 03:24:43 
2022/12/08 03:24:43 ## OPEN LOG FILE  rumctl  20221208 03:24:43.539 ##
2022/12/08 03:24:43 
2022/12/08 03:24:43 [tytttt] [tytttt] 

2022/12/08 03:24:43 [31m[Error] Error 
[0m
2022/12/08 03:24:43 
2022/12/08 03:24:43 ## OPEN LOG FILE  rumctl  20221208 03:24:43.539 ##
2022/12/08 03:24:43 
2022/12/08 03:24:43 [tytttt] [tytttt] 

2022/12/08 03:24:43 [31m[Error] Error 
[0m
2022/12/08 03:24:43 
2022/12/08 03:24:43 ## OPEN LOG FILE  rumctl  20221208 03:24:43.539 ##
2022/12/08 03:24:43 
2022/12/08 03:24:43 [tytttt] [tytttt] 

2022/12/08 03:24:43 [31m[Error] Error 
[0m
2022/12/08 03:24:53 
2022/12/08 03:24:53 ## OPEN LOG FILE  rumctl  20221208 03:24:53.348 ##
2022/12/08 03:24:53 
2022/12/08 03:24:53 [tytttt] [tytttt] 

2022/12/08 03:24:53 [31m[Error] Error 
[0m
2022/12/08 03:24:53 
2022/12/08 03:24:53 ## OPEN LOG FILE  rumctl  20221208 03:24:53.348 ##
2022/12/08 03:24:53 
2022/12/08 03:24:53 [tytttt] [tytttt] 

2022/12/08 03:24:53 [31m[Error] Error 
[0m
2022/12/08 03:24:53 
2022/12/08 03:24:53 ## OPEN LOG FILE  rumctl  20221208 03:24:53.348 ##
2022/12/08 03:24:53 
2022/12/08 03:24:53 [tytttt] [tytttt] 

2022/12/08 03:24:53 [31m[Error] Error 
[0m
2022/12/08 03:25:02 
2022/12/08 03:25:02 ## OPEN LOG FILE  rumctl  20221208 03:25:02.824 ##
2022/12/08 03:25:02 
2022/12/08 03:25:02 [tytttt] [tytttt] 

2022/12/08 03:25:02 [31m[Error] Error 
[0m
2022/12/08 03:25:02 
2022/12/08 03:25:02 ## OPEN LOG FILE  rumctl  20221208 03:25:02.824 ##
2022/12/08 03:25:02 
2022/12/08 03:25:02 [tytttt] [tytttt] 

2022/12/08 03:25:02 [31m[Error] Error 
[0m
2022/12/08 03:25:02 
2022/12/08 03:25:02 ## OPEN LOG FILE  rumctl  20221208 03:25:02.824 ##
2022/12/08 03:25:02 
2022/12/08 03:25:02 [tytttt] [tytttt] 

2022/12/08 03:25:02 [31m[Error] Error 
[0m
2022/12/08 03:25:54 
2022/12/08 03:25:54 ## OPEN LOG FILE  rumctl  20221208 03:25:54.990 ##
2022/12/08 03:25:54 
2022/12/08 03:25:54 [tytttt] [tytttt] 

2022/12/08 03:25:54 [31m[Error] Error 
[0m
2022/12/08 03:25:54 
2022/12/08 03:25:54 ## OPEN LOG FILE  rumctl  20221208 03:25:54.990 ##
2022/12/08 03:25:54 
2022/12/08 03:25:54 [tytttt] [tytttt] 

2022/12/08 03:25:54 [31m[Error] Error 
[0m
2022/12/08 03:25:54 
2022/12/08 03:25:54 ## OPEN LOG FILE  rumctl  20221208 03:25:54.993 ##
2022/12/08 03:25:54 
2022/12/08 03:25:54 [tytttt] [tytttt] 

2022/12/08 03:25:54 [31m[Error] Error 
[0m
2022/12/08 03:26:17 
2022/12/08 03:26:17 ## OPEN LOG FILE  rumctl  20221208 03:26:17.624 ##
2022/12/08 03:26:17 
2022/12/08 03:26:17 [tytttt] [tytttt] 

2022/12/08 03:26:17 [31m[Error] Error 
[0m
2022/12/08 03:26:17 
2022/12/08 03:26:17 ## OPEN LOG FILE  rumctl  20221208 03:26:17.624 ##
2022/12/08 03:26:17 
2022/12/08 03:26:17 [tytttt] [tytttt] 

2022/12/08 03:26:17 [31m[Error] Error 
[0m
2022/12/08 03:26:17 
2022/12/08 03:26:17 ## OPEN LOG FILE  rumctl  20221208 03:26:17.624 ##
2022/12/08 03:26:17 
2022/12/08 03:26:17 [tytttt] [tytttt] 

2022/12/08 03:26:17 [31m[Error] Error 
[0m
2022/12/08 03:26:35 
2022/12/08 03:26:35 ## OPEN LOG FILE  rumctl  20221208 03:26:35.778 ##
2022/12/08 03:26:35 
2022/12/08 03:26:35 [tytttt] [tytttt] 

2022/12/08 03:26:35 [31m[Error] Error 
[0m
2022/12/08 03:26:35 
2022/12/08 03:26:35 ## OPEN LOG FILE  rumctl  20221208 03:26:35.778 ##
2022/12/08 03:26:35 
2022/12/08 03:26:35 [tytttt] [tytttt] 

2022/12/08 03:26:35 [31m[Error] Error 
[0m
2022/12/08 03:26:35 
2022/12/08 03:26:35 ## OPEN LOG FILE  rumctl  20221208 03:26:35.779 ##
2022/12/08 03:26:35 
2022/12/08 03:26:35 [tytttt] [tytttt] 

2022/12/08 03:26:35 [31m[Error] Error 
[0m
2022/12/08 03:26:49 
2022/12/08 03:26:49 ## OPEN LOG FILE  rumctl  20221208 03:26:49.162 ##
2022/12/08 03:26:49 
2022/12/08 03:26:49 [tytttt] [tytttt] 

2022/12/08 03:26:49 [31m[Error] Error 
[0m
2022/12/08 03:26:49 
2022/12/08 03:26:49 ## OPEN LOG FILE  rumctl  20221208 03:26:49.162 ##
2022/12/08 03:26:49 
2022/12/08 03:26:49 [tytttt] [tytttt] 

2022/12/08 03:26:49 [31m[Error] Error 
[0m
2022/12/08 03:26:49 
2022/12/08 03:26:49 ## OPEN LOG FILE  rumctl  20221208 03:26:49.162 ##
2022/12/08 03:26:49 
2022/12/08 03:26:49 [tytttt] [tytttt] 

2022/12/08 03:26:49 [31m[Error] Error 
[0m
2022/12/08 03:27:02 
2022/12/08 03:27:02 ## OPEN LOG FILE  rumctl  20221208 03:27:02.201 ##
2022/12/08 03:27:02 
2022/12/08 03:27:02 [tytttt] [tytttt] 

2022/12/08 03:27:02 [31m[Error] Error 
[0m
2022/12/08 03:27:02 
2022/12/08 03:27:02 ## OPEN LOG FILE  rumctl  20221208 03:27:02.201 ##
2022/12/08 03:27:02 
2022/12/08 03:27:02 [tytttt] [tytttt] 

2022/12/08 03:27:02 [31m[Error] Error 
[0m
2022/12/08 03:27:02 
2022/12/08 03:27:02 ## OPEN LOG FILE  rumctl  20221208 03:27:02.202 ##
2022/12/08 03:27:02 
2022/12/08 03:27:02 [tytttt] [tytttt] 

2022/12/08 03:27:02 [31m[Error] Error 
[0m
