2024/07/17 06:45:51 
2024/07/17 06:45:51 ## OPEN LOG FILE  rumctl  20240717 06:45:51.981 ##
2024/07/17 06:45:51 
2024/07/17 06:45:51 [tytttt] [tytttt] 

2024/07/17 06:45:51 [31m[Error] Error 
[0m
2024/07/17 06:45:51 
2024/07/17 06:45:51 ## OPEN LOG FILE  rumctl  20240717 06:45:51.981 ##
2024/07/17 06:45:51 
2024/07/17 06:45:51 [tytttt] [tytttt] 

2024/07/17 06:45:51 [31m[Error] Error 
[0m
2024/07/17 06:45:51 
2024/07/17 06:45:51 ## OPEN LOG FILE  rumctl  20240717 06:45:51.981 ##
2024/07/17 06:45:51 
2024/07/17 06:45:51 [tytttt] [tytttt] 

2024/07/17 06:45:51 [31m[Error] Error 
[0m
2024/07/17 06:52:43 
2024/07/17 06:52:43 ## OPEN LOG FILE  rumctl  20240717 06:52:43.131 ##
2024/07/17 06:52:43 
2024/07/17 06:52:43 [tytttt] [tytttt] 

2024/07/17 06:52:43 [31m[Error] Error 
[0m
2024/07/17 06:52:43 
2024/07/17 06:52:43 ## OPEN LOG FILE  rumctl  20240717 06:52:43.131 ##
2024/07/17 06:52:43 
2024/07/17 06:52:43 [tytttt] [tytttt] 

2024/07/17 06:52:43 [31m[Error] Error 
[0m
2024/07/17 06:52:43 
2024/07/17 06:52:43 ## OPEN LOG FILE  rumctl  20240717 06:52:43.132 ##
2024/07/17 06:52:43 
2024/07/17 06:52:43 [tytttt] [tytttt] 

2024/07/17 06:52:43 [31m[Error] Error 
[0m
2024/07/17 06:57:19 
2024/07/17 06:57:19 ## OPEN LOG FILE  rumctl  20240717 06:57:19.372 ##
2024/07/17 06:57:19 
2024/07/17 06:57:19 [tytttt] [tytttt] 

2024/07/17 06:57:19 [31m[Error] Error 
[0m
2024/07/17 06:57:19 
2024/07/17 06:57:19 ## OPEN LOG FILE  rumctl  20240717 06:57:19.372 ##
2024/07/17 06:57:19 
2024/07/17 06:57:19 [tytttt] [tytttt] 

2024/07/17 06:57:19 [31m[Error] Error 
[0m
2024/07/17 06:57:19 
2024/07/17 06:57:19 ## OPEN LOG FILE  rumctl  20240717 06:57:19.373 ##
2024/07/17 06:57:19 
2024/07/17 06:57:19 [tytttt] [tytttt] 

2024/07/17 06:57:19 [31m[Error] Error 
[0m
2024/07/17 07:04:27 
2024/07/17 07:04:27 ## OPEN LOG FILE  rumctl  20240717 07:04:27.174 ##
2024/07/17 07:04:27 
2024/07/17 07:04:27 [tytttt] [tytttt] 

2024/07/17 07:04:27 [31m[Error] Error 
[0m
2024/07/17 07:04:27 
2024/07/17 07:04:27 ## OPEN LOG FILE  rumctl  20240717 07:04:27.174 ##
2024/07/17 07:04:27 
2024/07/17 07:04:27 [tytttt] [tytttt] 

2024/07/17 07:04:27 [31m[Error] Error 
[0m
2024/07/17 07:04:27 
2024/07/17 07:04:27 ## OPEN LOG FILE  rumctl  20240717 07:04:27.175 ##
2024/07/17 07:04:27 
2024/07/17 07:04:27 [tytttt] [tytttt] 

2024/07/17 07:04:27 [31m[Error] Error 
[0m
2024/07/17 07:12:03 
2024/07/17 07:12:03 ## OPEN LOG FILE  rumctl  20240717 07:12:03.669 ##
2024/07/17 07:12:03 
2024/07/17 07:12:03 [tytttt] [tytttt] 

2024/07/17 07:12:03 [31m[Error] Error 
[0m
2024/07/17 07:12:03 
2024/07/17 07:12:03 ## OPEN LOG FILE  rumctl  20240717 07:12:03.669 ##
2024/07/17 07:12:03 
2024/07/17 07:12:03 [tytttt] [tytttt] 

2024/07/17 07:12:03 [31m[Error] Error 
[0m
2024/07/17 07:12:03 
2024/07/17 07:12:03 ## OPEN LOG FILE  rumctl  20240717 07:12:03.669 ##
2024/07/17 07:12:03 
2024/07/17 07:12:03 [tytttt] [tytttt] 

2024/07/17 07:12:03 [31m[Error] Error 
[0m
2024/07/17 07:17:27 
2024/07/17 07:17:27 ## OPEN LOG FILE  rumctl  20240717 07:17:27.09 ##
2024/07/17 07:17:27 
2024/07/17 07:17:27 [tytttt] [tytttt] 

2024/07/17 07:17:27 [31m[Error] Error 
[0m
2024/07/17 07:17:27 
2024/07/17 07:17:27 ## OPEN LOG FILE  rumctl  20240717 07:17:27.09 ##
2024/07/17 07:17:27 
2024/07/17 07:17:27 [tytttt] [tytttt] 

2024/07/17 07:17:27 [31m[Error] Error 
[0m
2024/07/17 07:17:27 
2024/07/17 07:17:27 ## OPEN LOG FILE  rumctl  20240717 07:17:27.09 ##
2024/07/17 07:17:27 
2024/07/17 07:17:27 [tytttt] [tytttt] 

2024/07/17 07:17:27 [31m[Error] Error 
[0m
