2026/02/23 07:25:40 
2026/02/23 07:25:40 ## OPEN LOG FILE  rumctl  20260223 07:25:40.237 ##
2026/02/23 07:25:40 
2026/02/23 07:25:40 [tytttt] [tytttt] 

2026/02/23 07:25:40 [31m[Error] Error 
[0m
2026/02/23 07:25:40 
2026/02/23 07:25:40 ## OPEN LOG FILE  rumctl  20260223 07:25:40.237 ##
2026/02/23 07:25:40 
2026/02/23 07:25:40 [tytttt] [tytttt] 

2026/02/23 07:25:40 [31m[Error] Error 
[0m
2026/02/23 07:25:40 
2026/02/23 07:25:40 ## OPEN LOG FILE  rumctl  20260223 07:25:40.237 ##
2026/02/23 07:25:40 
2026/02/23 07:25:40 [tytttt] [tytttt] 

2026/02/23 07:25:40 [31m[Error] Error 
[0m
2026/02/23 07:26:13 
2026/02/23 07:26:13 ## OPEN LOG FILE  rumctl  20260223 07:26:13.765 ##
2026/02/23 07:26:13 
2026/02/23 07:26:13 [tytttt] [tytttt] 

2026/02/23 07:26:13 [31m[Error] Error 
[0m
2026/02/23 07:26:13 
2026/02/23 07:26:13 ## OPEN LOG FILE  rumctl  20260223 07:26:13.765 ##
2026/02/23 07:26:13 
2026/02/23 07:26:13 [tytttt] [tytttt] 

2026/02/23 07:26:13 [31m[Error] Error 
[0m
2026/02/23 07:26:13 
2026/02/23 07:26:13 ## OPEN LOG FILE  rumctl  20260223 07:26:13.765 ##
2026/02/23 07:26:13 
2026/02/23 07:26:13 [tytttt] [tytttt] 

2026/02/23 07:26:13 [31m[Error] Error 
[0m
2026/02/23 07:26:46 
2026/02/23 07:26:46 ## OPEN LOG FILE  rumctl  20260223 07:26:46.511 ##
2026/02/23 07:26:46 
2026/02/23 07:26:46 [tytttt] [tytttt] 

2026/02/23 07:26:46 [31m[Error] Error 
[0m
2026/02/23 07:26:46 
2026/02/23 07:26:46 ## OPEN LOG FILE  rumctl  20260223 07:26:46.511 ##
2026/02/23 07:26:46 
2026/02/23 07:26:46 [tytttt] [tytttt] 

2026/02/23 07:26:46 [31m[Error] Error 
[0m
2026/02/23 07:26:46 
2026/02/23 07:26:46 ## OPEN LOG FILE  rumctl  20260223 07:26:46.512 ##
2026/02/23 07:26:46 
2026/02/23 07:26:46 [tytttt] [tytttt] 

2026/02/23 07:26:46 [31m[Error] Error 
[0m
