2022/12/07 09:10:39 
2022/12/07 09:10:39 ## OPEN LOG FILE  rumctl  20221207 09:10:39.314 ##
2022/12/07 09:10:39 
2022/12/07 09:10:39 [tytttt] [tytttt] 

2022/12/07 09:10:39 [31m[Error] Error 
[0m
2022/12/07 09:10:39 
2022/12/07 09:10:39 ## OPEN LOG FILE  rumctl  20221207 09:10:39.314 ##
2022/12/07 09:10:39 
2022/12/07 09:10:39 [tytttt] [tytttt] 

2022/12/07 09:10:39 [31m[Error] Error 
[0m
2022/12/07 09:10:39 
2022/12/07 09:10:39 ## OPEN LOG FILE  rumctl  20221207 09:10:39.315 ##
2022/12/07 09:10:39 
2022/12/07 09:10:39 [tytttt] [tytttt] 

2022/12/07 09:10:39 [31m[Error] Error 
[0m
2022/12/07 09:11:56 
2022/12/07 09:11:56 ## OPEN LOG FILE  rumctl  20221207 09:11:56.58 ##
2022/12/07 09:11:56 
2022/12/07 09:11:56 [tytttt] [tytttt] 

2022/12/07 09:11:56 [31m[Error] Error 
[0m
2022/12/07 09:11:56 
2022/12/07 09:11:56 ## OPEN LOG FILE  rumctl  20221207 09:11:56.58 ##
2022/12/07 09:11:56 
2022/12/07 09:11:56 [tytttt] [tytttt] 

2022/12/07 09:11:56 [31m[Error] Error 
[0m
2022/12/07 09:11:56 
2022/12/07 09:11:56 ## OPEN LOG FILE  rumctl  20221207 09:11:56.58 ##
2022/12/07 09:11:56 
2022/12/07 09:11:56 [tytttt] [tytttt] 

2022/12/07 09:11:56 [31m[Error] Error 
[0m
2022/12/07 09:13:29 
2022/12/07 09:13:29 ## OPEN LOG FILE  rumctl  20221207 09:13:29.896 ##
2022/12/07 09:13:29 
2022/12/07 09:13:29 [tytttt] [tytttt] 

2022/12/07 09:13:29 [31m[Error] Error 
[0m
2022/12/07 09:13:29 
2022/12/07 09:13:29 ## OPEN LOG FILE  rumctl  20221207 09:13:29.897 ##
2022/12/07 09:13:29 
2022/12/07 09:13:29 [tytttt] [tytttt] 

2022/12/07 09:13:29 [31m[Error] Error 
[0m
2022/12/07 09:13:29 
2022/12/07 09:13:29 ## OPEN LOG FILE  rumctl  20221207 09:13:29.900 ##
2022/12/07 09:13:29 
2022/12/07 09:13:29 [tytttt] [tytttt] 

2022/12/07 09:13:29 [31m[Error] Error 
[0m
2022/12/07 09:14:54 
2022/12/07 09:14:54 ## OPEN LOG FILE  rumctl  20221207 09:14:54.481 ##
2022/12/07 09:14:54 
2022/12/07 09:14:54 [tytttt] [tytttt] 

2022/12/07 09:14:54 [31m[Error] Error 
[0m
2022/12/07 09:14:54 
2022/12/07 09:14:54 ## OPEN LOG FILE  rumctl  20221207 09:14:54.481 ##
2022/12/07 09:14:54 
2022/12/07 09:14:54 [tytttt] [tytttt] 

2022/12/07 09:14:54 [31m[Error] Error 
[0m
2022/12/07 09:14:54 
2022/12/07 09:14:54 ## OPEN LOG FILE  rumctl  20221207 09:14:54.482 ##
2022/12/07 09:14:54 
2022/12/07 09:14:54 [tytttt] [tytttt] 

2022/12/07 09:14:54 [31m[Error] Error 
[0m
2022/12/07 09:27:23 
2022/12/07 09:27:23 ## OPEN LOG FILE  rumctl  20221207 09:27:23.146 ##
2022/12/07 09:27:23 
2022/12/07 09:27:23 [tytttt] [tytttt] 

2022/12/07 09:27:23 [31m[Error] Error 
[0m
2022/12/07 09:27:23 
2022/12/07 09:27:23 ## OPEN LOG FILE  rumctl  20221207 09:27:23.146 ##
2022/12/07 09:27:23 
2022/12/07 09:27:23 [tytttt] [tytttt] 

2022/12/07 09:27:23 [31m[Error] Error 
[0m
2022/12/07 09:27:23 
2022/12/07 09:27:23 ## OPEN LOG FILE  rumctl  20221207 09:27:23.147 ##
2022/12/07 09:27:23 
2022/12/07 09:27:23 [tytttt] [tytttt] 

2022/12/07 09:27:23 [31m[Error] Error 
[0m
2022/12/07 09:28:02 
2022/12/07 09:28:02 ## OPEN LOG FILE  rumctl  20221207 09:28:02.621 ##
2022/12/07 09:28:02 
2022/12/07 09:28:02 [tytttt] [tytttt] 

2022/12/07 09:28:02 [31m[Error] Error 
[0m
2022/12/07 09:28:02 
2022/12/07 09:28:02 ## OPEN LOG FILE  rumctl  20221207 09:28:02.622 ##
2022/12/07 09:28:02 
2022/12/07 09:28:02 [tytttt] [tytttt] 

2022/12/07 09:28:02 [31m[Error] Error 
[0m
2022/12/07 09:28:02 
2022/12/07 09:28:02 ## OPEN LOG FILE  rumctl  20221207 09:28:02.622 ##
2022/12/07 09:28:02 
2022/12/07 09:28:02 [tytttt] [tytttt] 

2022/12/07 09:28:02 [31m[Error] Error 
[0m
2022/12/07 09:29:49 
2022/12/07 09:29:49 ## OPEN LOG FILE  rumctl  20221207 09:29:49.505 ##
2022/12/07 09:29:49 
2022/12/07 09:29:49 [tytttt] [tytttt] 

2022/12/07 09:29:49 [31m[Error] Error 
[0m
2022/12/07 09:29:49 
2022/12/07 09:29:49 ## OPEN LOG FILE  rumctl  20221207 09:29:49.505 ##
2022/12/07 09:29:49 
2022/12/07 09:29:49 [tytttt] [tytttt] 

2022/12/07 09:29:49 [31m[Error] Error 
[0m
2022/12/07 09:29:49 
2022/12/07 09:29:49 ## OPEN LOG FILE  rumctl  20221207 09:29:49.505 ##
2022/12/07 09:29:49 
2022/12/07 09:29:49 [tytttt] [tytttt] 

2022/12/07 09:29:49 [31m[Error] Error 
[0m
2022/12/07 09:30:05 
2022/12/07 09:30:05 ## OPEN LOG FILE  rumctl  20221207 09:30:05.585 ##
2022/12/07 09:30:05 
2022/12/07 09:30:05 [tytttt] [tytttt] 

2022/12/07 09:30:05 [31m[Error] Error 
[0m
2022/12/07 09:30:05 
2022/12/07 09:30:05 ## OPEN LOG FILE  rumctl  20221207 09:30:05.585 ##
2022/12/07 09:30:05 
2022/12/07 09:30:05 [tytttt] [tytttt] 

2022/12/07 09:30:05 [31m[Error] Error 
[0m
2022/12/07 09:30:05 
2022/12/07 09:30:05 ## OPEN LOG FILE  rumctl  20221207 09:30:05.585 ##
2022/12/07 09:30:05 
2022/12/07 09:30:05 [tytttt] [tytttt] 

2022/12/07 09:30:05 [31m[Error] Error 
[0m
2022/12/07 09:30:20 
2022/12/07 09:30:20 ## OPEN LOG FILE  rumctl  20221207 09:30:20.115 ##
2022/12/07 09:30:20 
2022/12/07 09:30:20 [tytttt] [tytttt] 

2022/12/07 09:30:20 [31m[Error] Error 
[0m
2022/12/07 09:30:20 
2022/12/07 09:30:20 ## OPEN LOG FILE  rumctl  20221207 09:30:20.115 ##
2022/12/07 09:30:20 
2022/12/07 09:30:20 [tytttt] [tytttt] 

2022/12/07 09:30:20 [31m[Error] Error 
[0m
2022/12/07 09:30:20 
2022/12/07 09:30:20 ## OPEN LOG FILE  rumctl  20221207 09:30:20.115 ##
2022/12/07 09:30:20 
2022/12/07 09:30:20 [tytttt] [tytttt] 

2022/12/07 09:30:20 [31m[Error] Error 
[0m
2022/12/07 09:30:34 
2022/12/07 09:30:34 ## OPEN LOG FILE  rumctl  20221207 09:30:34.151 ##
2022/12/07 09:30:34 
2022/12/07 09:30:34 [tytttt] [tytttt] 

2022/12/07 09:30:34 [31m[Error] Error 
[0m
2022/12/07 09:30:34 
2022/12/07 09:30:34 ## OPEN LOG FILE  rumctl  20221207 09:30:34.151 ##
2022/12/07 09:30:34 
2022/12/07 09:30:34 [tytttt] [tytttt] 

2022/12/07 09:30:34 [31m[Error] Error 
[0m
2022/12/07 09:30:34 
2022/12/07 09:30:34 ## OPEN LOG FILE  rumctl  20221207 09:30:34.151 ##
2022/12/07 09:30:34 
2022/12/07 09:30:34 [tytttt] [tytttt] 

2022/12/07 09:30:34 [31m[Error] Error 
[0m
2022/12/07 09:37:59 
2022/12/07 09:37:59 ## OPEN LOG FILE  rumctl  20221207 09:37:59.423 ##
2022/12/07 09:37:59 
2022/12/07 09:37:59 [tytttt] [tytttt] 

2022/12/07 09:37:59 [31m[Error] Error 
[0m
2022/12/07 09:37:59 
2022/12/07 09:37:59 ## OPEN LOG FILE  rumctl  20221207 09:37:59.423 ##
2022/12/07 09:37:59 
2022/12/07 09:37:59 [tytttt] [tytttt] 

2022/12/07 09:37:59 [31m[Error] Error 
[0m
2022/12/07 09:37:59 
2022/12/07 09:37:59 ## OPEN LOG FILE  rumctl  20221207 09:37:59.423 ##
2022/12/07 09:37:59 
2022/12/07 09:37:59 [tytttt] [tytttt] 

2022/12/07 09:37:59 [31m[Error] Error 
[0m
2022/12/07 09:38:13 
2022/12/07 09:38:13 ## OPEN LOG FILE  rumctl  20221207 09:38:13.21 ##
2022/12/07 09:38:13 
2022/12/07 09:38:13 [tytttt] [tytttt] 

2022/12/07 09:38:13 [31m[Error] Error 
[0m
2022/12/07 09:38:13 
2022/12/07 09:38:13 ## OPEN LOG FILE  rumctl  20221207 09:38:13.21 ##
2022/12/07 09:38:13 
2022/12/07 09:38:13 [tytttt] [tytttt] 

2022/12/07 09:38:13 [31m[Error] Error 
[0m
2022/12/07 09:38:13 
2022/12/07 09:38:13 ## OPEN LOG FILE  rumctl  20221207 09:38:13.21 ##
2022/12/07 09:38:13 
2022/12/07 09:38:13 [tytttt] [tytttt] 

2022/12/07 09:38:13 [31m[Error] Error 
[0m
2022/12/07 09:38:23 
2022/12/07 09:38:23 ## OPEN LOG FILE  rumctl  20221207 09:38:23.586 ##
2022/12/07 09:38:23 
2022/12/07 09:38:23 [tytttt] [tytttt] 

2022/12/07 09:38:23 [31m[Error] Error 
[0m
2022/12/07 09:38:23 
2022/12/07 09:38:23 ## OPEN LOG FILE  rumctl  20221207 09:38:23.586 ##
2022/12/07 09:38:23 
2022/12/07 09:38:23 [tytttt] [tytttt] 

2022/12/07 09:38:23 [31m[Error] Error 
[0m
2022/12/07 09:38:23 
2022/12/07 09:38:23 ## OPEN LOG FILE  rumctl  20221207 09:38:23.586 ##
2022/12/07 09:38:23 
2022/12/07 09:38:23 [tytttt] [tytttt] 

2022/12/07 09:38:23 [31m[Error] Error 
[0m
2022/12/07 09:38:33 
2022/12/07 09:38:33 ## OPEN LOG FILE  rumctl  20221207 09:38:33.66 ##
2022/12/07 09:38:33 
2022/12/07 09:38:33 [tytttt] [tytttt] 

2022/12/07 09:38:33 [31m[Error] Error 
[0m
2022/12/07 09:38:33 
2022/12/07 09:38:33 ## OPEN LOG FILE  rumctl  20221207 09:38:33.66 ##
2022/12/07 09:38:33 
2022/12/07 09:38:33 [tytttt] [tytttt] 

2022/12/07 09:38:33 [31m[Error] Error 
[0m
2022/12/07 09:38:33 
2022/12/07 09:38:33 ## OPEN LOG FILE  rumctl  20221207 09:38:33.66 ##
2022/12/07 09:38:33 
2022/12/07 09:38:33 [tytttt] [tytttt] 

2022/12/07 09:38:33 [31m[Error] Error 
[0m
2022/12/07 09:38:41 
2022/12/07 09:38:41 ## OPEN LOG FILE  rumctl  20221207 09:38:41.311 ##
2022/12/07 09:38:41 
2022/12/07 09:38:41 [tytttt] [tytttt] 

2022/12/07 09:38:41 [31m[Error] Error 
[0m
2022/12/07 09:38:41 
2022/12/07 09:38:41 ## OPEN LOG FILE  rumctl  20221207 09:38:41.311 ##
2022/12/07 09:38:41 
2022/12/07 09:38:41 [tytttt] [tytttt] 

2022/12/07 09:38:41 [31m[Error] Error 
[0m
2022/12/07 09:38:41 
2022/12/07 09:38:41 ## OPEN LOG FILE  rumctl  20221207 09:38:41.311 ##
2022/12/07 09:38:41 
2022/12/07 09:38:41 [tytttt] [tytttt] 

2022/12/07 09:38:41 [31m[Error] Error 
[0m
2022/12/07 09:38:54 
2022/12/07 09:38:54 ## OPEN LOG FILE  rumctl  20221207 09:38:54.475 ##
2022/12/07 09:38:54 
2022/12/07 09:38:54 [tytttt] [tytttt] 

2022/12/07 09:38:54 [31m[Error] Error 
[0m
2022/12/07 09:38:54 
2022/12/07 09:38:54 ## OPEN LOG FILE  rumctl  20221207 09:38:54.475 ##
2022/12/07 09:38:54 
2022/12/07 09:38:54 [tytttt] [tytttt] 

2022/12/07 09:38:54 [31m[Error] Error 
[0m
2022/12/07 09:38:54 
2022/12/07 09:38:54 ## OPEN LOG FILE  rumctl  20221207 09:38:54.476 ##
2022/12/07 09:38:54 
2022/12/07 09:38:54 [tytttt] [tytttt] 

2022/12/07 09:38:54 [31m[Error] Error 
[0m
