2025/06/10 02:46:30 
2025/06/10 02:46:30 ## OPEN LOG FILE  rumctl  20250610 02:46:30.592 ##
2025/06/10 02:46:30 
2025/06/10 02:46:30 [tytttt] [tytttt] 

2025/06/10 02:46:30 [31m[Error] Error 
[0m
2025/06/10 02:46:30 
2025/06/10 02:46:30 ## OPEN LOG FILE  rumctl  20250610 02:46:30.592 ##
2025/06/10 02:46:30 
2025/06/10 02:46:30 [tytttt] [tytttt] 

2025/06/10 02:46:30 [31m[Error] Error 
[0m
2025/06/10 02:46:30 
2025/06/10 02:46:30 ## OPEN LOG FILE  rumctl  20250610 02:46:30.593 ##
2025/06/10 02:46:30 
2025/06/10 02:46:30 [tytttt] [tytttt] 

2025/06/10 02:46:30 [31m[Error] Error 
[0m
2025/06/10 02:52:36 
2025/06/10 02:52:36 ## OPEN LOG FILE  rumctl  20250610 02:52:36.277 ##
2025/06/10 02:52:36 
2025/06/10 02:52:36 [tytttt] [tytttt] 

2025/06/10 02:52:36 [31m[Error] Error 
[0m
2025/06/10 02:52:36 
2025/06/10 02:52:36 ## OPEN LOG FILE  rumctl  20250610 02:52:36.277 ##
2025/06/10 02:52:36 
2025/06/10 02:52:36 [tytttt] [tytttt] 

2025/06/10 02:52:36 [31m[Error] Error 
[0m
2025/06/10 02:52:36 
2025/06/10 02:52:36 ## OPEN LOG FILE  rumctl  20250610 02:52:36.277 ##
2025/06/10 02:52:36 
2025/06/10 02:52:36 [tytttt] [tytttt] 

2025/06/10 02:52:36 [31m[Error] Error 
[0m
2025/06/10 02:59:59 
2025/06/10 02:59:59 ## OPEN LOG FILE  rumctl  20250610 02:59:59.792 ##
2025/06/10 02:59:59 
2025/06/10 02:59:59 [tytttt] [tytttt] 

2025/06/10 02:59:59 [31m[Error] Error 
[0m
2025/06/10 02:59:59 
2025/06/10 02:59:59 ## OPEN LOG FILE  rumctl  20250610 02:59:59.792 ##
2025/06/10 02:59:59 
2025/06/10 02:59:59 [tytttt] [tytttt] 

2025/06/10 02:59:59 [31m[Error] Error 
[0m
2025/06/10 02:59:59 
2025/06/10 02:59:59 ## OPEN LOG FILE  rumctl  20250610 02:59:59.792 ##
2025/06/10 02:59:59 
2025/06/10 02:59:59 [tytttt] [tytttt] 

2025/06/10 02:59:59 [31m[Error] Error 
[0m
