2022/09/06 03:46:32 
2022/09/06 03:46:32 ## OPEN LOG FILE  rumctl  20220906 03:46:32.975 ##
2022/09/06 03:46:32 
2022/09/06 03:46:32 [tytttt] [tytttt] 

2022/09/06 03:46:32 [31m[Error] Error 
[0m
2022/09/06 03:46:32 
2022/09/06 03:46:32 ## OPEN LOG FILE  rumctl  20220906 03:46:32.975 ##
2022/09/06 03:46:32 
2022/09/06 03:46:32 [tytttt] [tytttt] 

2022/09/06 03:46:32 [31m[Error] Error 
[0m
2022/09/06 03:46:32 
2022/09/06 03:46:32 ## OPEN LOG FILE  rumctl  20220906 03:46:32.975 ##
2022/09/06 03:46:32 
2022/09/06 03:46:32 [tytttt] [tytttt] 

2022/09/06 03:46:32 [31m[Error] Error 
[0m
2022/09/06 03:47:32 
2022/09/06 03:47:32 ## OPEN LOG FILE  rumctl  20220906 03:47:32.342 ##
2022/09/06 03:47:32 
2022/09/06 03:47:32 [tytttt] [tytttt] 

2022/09/06 03:47:32 [31m[Error] Error 
[0m
2022/09/06 03:47:32 
2022/09/06 03:47:32 ## OPEN LOG FILE  rumctl  20220906 03:47:32.342 ##
2022/09/06 03:47:32 
2022/09/06 03:47:32 [tytttt] [tytttt] 

2022/09/06 03:47:32 [31m[Error] Error 
[0m
2022/09/06 03:47:32 
2022/09/06 03:47:32 ## OPEN LOG FILE  rumctl  20220906 03:47:32.342 ##
2022/09/06 03:47:32 
2022/09/06 03:47:32 [tytttt] [tytttt] 

2022/09/06 03:47:32 [31m[Error] Error 
[0m
2022/09/06 03:48:32 
2022/09/06 03:48:32 ## OPEN LOG FILE  rumctl  20220906 03:48:32.492 ##
2022/09/06 03:48:32 
2022/09/06 03:48:32 [tytttt] [tytttt] 

2022/09/06 03:48:32 [31m[Error] Error 
[0m
2022/09/06 03:48:32 
2022/09/06 03:48:32 ## OPEN LOG FILE  rumctl  20220906 03:48:32.492 ##
2022/09/06 03:48:32 
2022/09/06 03:48:32 [tytttt] [tytttt] 

2022/09/06 03:48:32 [31m[Error] Error 
[0m
2022/09/06 03:48:32 
2022/09/06 03:48:32 ## OPEN LOG FILE  rumctl  20220906 03:48:32.492 ##
2022/09/06 03:48:32 
2022/09/06 03:48:32 [tytttt] [tytttt] 

2022/09/06 03:48:32 [31m[Error] Error 
[0m
2022/09/06 03:49:27 
2022/09/06 03:49:27 ## OPEN LOG FILE  rumctl  20220906 03:49:27.709 ##
2022/09/06 03:49:27 
2022/09/06 03:49:27 [tytttt] [tytttt] 

2022/09/06 03:49:27 [31m[Error] Error 
[0m
2022/09/06 03:49:27 
2022/09/06 03:49:27 ## OPEN LOG FILE  rumctl  20220906 03:49:27.709 ##
2022/09/06 03:49:27 
2022/09/06 03:49:27 [tytttt] [tytttt] 

2022/09/06 03:49:27 [31m[Error] Error 
[0m
2022/09/06 03:49:27 
2022/09/06 03:49:27 ## OPEN LOG FILE  rumctl  20220906 03:49:27.709 ##
2022/09/06 03:49:27 
2022/09/06 03:49:27 [tytttt] [tytttt] 

2022/09/06 03:49:27 [31m[Error] Error 
[0m
