2022/09/13 07:39:38 
2022/09/13 07:39:38 ## OPEN LOG FILE  rumctl  20220913 07:39:38.205 ##
2022/09/13 07:39:38 
2022/09/13 07:39:38 [tytttt] [tytttt] 

2022/09/13 07:39:38 [31m[Error] Error 
[0m
2022/09/13 07:39:38 
2022/09/13 07:39:38 ## OPEN LOG FILE  rumctl  20220913 07:39:38.205 ##
2022/09/13 07:39:38 
2022/09/13 07:39:38 [tytttt] [tytttt] 

2022/09/13 07:39:38 [31m[Error] Error 
[0m
2022/09/13 07:39:38 
2022/09/13 07:39:38 ## OPEN LOG FILE  rumctl  20220913 07:39:38.205 ##
2022/09/13 07:39:38 
2022/09/13 07:39:38 [tytttt] [tytttt] 

2022/09/13 07:39:38 [31m[Error] Error 
[0m
2022/09/13 07:40:03 
2022/09/13 07:40:03 ## OPEN LOG FILE  rumctl  20220913 07:40:03.988 ##
2022/09/13 07:40:03 
2022/09/13 07:40:03 [tytttt] [tytttt] 

2022/09/13 07:40:03 [31m[Error] Error 
[0m
2022/09/13 07:40:03 
2022/09/13 07:40:03 ## OPEN LOG FILE  rumctl  20220913 07:40:03.988 ##
2022/09/13 07:40:03 
2022/09/13 07:40:03 [tytttt] [tytttt] 

2022/09/13 07:40:03 [31m[Error] Error 
[0m
2022/09/13 07:40:03 
2022/09/13 07:40:03 ## OPEN LOG FILE  rumctl  20220913 07:40:03.989 ##
2022/09/13 07:40:03 
2022/09/13 07:40:03 [tytttt] [tytttt] 

2022/09/13 07:40:03 [31m[Error] Error 
[0m
2022/09/13 07:40:30 
2022/09/13 07:40:30 ## OPEN LOG FILE  rumctl  20220913 07:40:30.290 ##
2022/09/13 07:40:30 
2022/09/13 07:40:30 [tytttt] [tytttt] 

2022/09/13 07:40:30 [31m[Error] Error 
[0m
2022/09/13 07:40:30 
2022/09/13 07:40:30 ## OPEN LOG FILE  rumctl  20220913 07:40:30.290 ##
2022/09/13 07:40:30 
2022/09/13 07:40:30 [tytttt] [tytttt] 

2022/09/13 07:40:30 [31m[Error] Error 
[0m
2022/09/13 07:40:30 
2022/09/13 07:40:30 ## OPEN LOG FILE  rumctl  20220913 07:40:30.291 ##
2022/09/13 07:40:30 
2022/09/13 07:40:30 [tytttt] [tytttt] 

2022/09/13 07:40:30 [31m[Error] Error 
[0m
2022/09/13 07:40:54 
2022/09/13 07:40:54 ## OPEN LOG FILE  rumctl  20220913 07:40:54.652 ##
2022/09/13 07:40:54 
2022/09/13 07:40:54 [tytttt] [tytttt] 

2022/09/13 07:40:54 [31m[Error] Error 
[0m
2022/09/13 07:40:54 
2022/09/13 07:40:54 ## OPEN LOG FILE  rumctl  20220913 07:40:54.652 ##
2022/09/13 07:40:54 
2022/09/13 07:40:54 [tytttt] [tytttt] 

2022/09/13 07:40:54 [31m[Error] Error 
[0m
2022/09/13 07:40:54 
2022/09/13 07:40:54 ## OPEN LOG FILE  rumctl  20220913 07:40:54.652 ##
2022/09/13 07:40:54 
2022/09/13 07:40:54 [tytttt] [tytttt] 

2022/09/13 07:40:54 [31m[Error] Error 
[0m
