2026/03/30 06:36:22 
2026/03/30 06:36:22 ## OPEN LOG FILE  rumctl  20260330 06:36:22.667 ##
2026/03/30 06:36:22 
2026/03/30 06:36:22 [tytttt] [tytttt] 

2026/03/30 06:36:22 [31m[Error] Error 
[0m
2026/03/30 06:36:22 
2026/03/30 06:36:22 ## OPEN LOG FILE  rumctl  20260330 06:36:22.667 ##
2026/03/30 06:36:22 
2026/03/30 06:36:22 [tytttt] [tytttt] 

2026/03/30 06:36:22 [31m[Error] Error 
[0m
2026/03/30 06:36:22 
2026/03/30 06:36:22 ## OPEN LOG FILE  rumctl  20260330 06:36:22.667 ##
2026/03/30 06:36:22 
2026/03/30 06:36:22 [tytttt] [tytttt] 

2026/03/30 06:36:22 [31m[Error] Error 
[0m
2026/03/30 06:36:36 
2026/03/30 06:36:36 ## OPEN LOG FILE  rumctl  20260330 06:36:36.411 ##
2026/03/30 06:36:36 
2026/03/30 06:36:36 [tytttt] [tytttt] 

2026/03/30 06:36:36 [31m[Error] Error 
[0m
2026/03/30 06:36:36 
2026/03/30 06:36:36 ## OPEN LOG FILE  rumctl  20260330 06:36:36.411 ##
2026/03/30 06:36:36 
2026/03/30 06:36:36 [tytttt] [tytttt] 

2026/03/30 06:36:36 [31m[Error] Error 
[0m
2026/03/30 06:36:36 
2026/03/30 06:36:36 ## OPEN LOG FILE  rumctl  20260330 06:36:36.411 ##
2026/03/30 06:36:36 
2026/03/30 06:36:36 [tytttt] [tytttt] 

2026/03/30 06:36:36 [31m[Error] Error 
[0m
