2025/08/29 05:28:12 
2025/08/29 05:28:12 ## OPEN LOG FILE  rumctl  20250829 05:28:12.306 ##
2025/08/29 05:28:12 
2025/08/29 05:28:12 [tytttt] [tytttt] 

2025/08/29 05:28:12 [31m[Error] Error 
[0m
2025/08/29 05:28:12 
2025/08/29 05:28:12 ## OPEN LOG FILE  rumctl  20250829 05:28:12.306 ##
2025/08/29 05:28:12 
2025/08/29 05:28:12 [tytttt] [tytttt] 

2025/08/29 05:28:12 [31m[Error] Error 
[0m
2025/08/29 05:28:12 
2025/08/29 05:28:12 ## OPEN LOG FILE  rumctl  20250829 05:28:12.306 ##
2025/08/29 05:28:12 
2025/08/29 05:28:12 [tytttt] [tytttt] 

2025/08/29 05:28:12 [31m[Error] Error 
[0m
2025/08/29 05:36:11 
2025/08/29 05:36:11 ## OPEN LOG FILE  rumctl  20250829 05:36:11.872 ##
2025/08/29 05:36:11 
2025/08/29 05:36:11 [tytttt] [tytttt] 

2025/08/29 05:36:11 [31m[Error] Error 
[0m
2025/08/29 05:36:11 
2025/08/29 05:36:11 ## OPEN LOG FILE  rumctl  20250829 05:36:11.872 ##
2025/08/29 05:36:11 
2025/08/29 05:36:11 [tytttt] [tytttt] 

2025/08/29 05:36:11 [31m[Error] Error 
[0m
2025/08/29 05:36:11 
2025/08/29 05:36:11 ## OPEN LOG FILE  rumctl  20250829 05:36:11.873 ##
2025/08/29 05:36:11 
2025/08/29 05:36:11 [tytttt] [tytttt] 

2025/08/29 05:36:11 [31m[Error] Error 
[0m
2025/08/29 05:41:52 
2025/08/29 05:41:52 ## OPEN LOG FILE  rumctl  20250829 05:41:52.128 ##
2025/08/29 05:41:52 
2025/08/29 05:41:52 [tytttt] [tytttt] 

2025/08/29 05:41:52 [31m[Error] Error 
[0m
2025/08/29 05:41:52 
2025/08/29 05:41:52 ## OPEN LOG FILE  rumctl  20250829 05:41:52.128 ##
2025/08/29 05:41:52 
2025/08/29 05:41:52 [tytttt] [tytttt] 

2025/08/29 05:41:52 [31m[Error] Error 
[0m
2025/08/29 05:41:52 
2025/08/29 05:41:52 ## OPEN LOG FILE  rumctl  20250829 05:41:52.128 ##
2025/08/29 05:41:52 
2025/08/29 05:41:52 [tytttt] [tytttt] 

2025/08/29 05:41:52 [31m[Error] Error 
[0m
2025/08/29 05:48:44 
2025/08/29 05:48:44 ## OPEN LOG FILE  rumctl  20250829 05:48:44.455 ##
2025/08/29 05:48:44 
2025/08/29 05:48:44 [tytttt] [tytttt] 

2025/08/29 05:48:44 [31m[Error] Error 
[0m
2025/08/29 05:48:44 
2025/08/29 05:48:44 ## OPEN LOG FILE  rumctl  20250829 05:48:44.455 ##
2025/08/29 05:48:44 
2025/08/29 05:48:44 [tytttt] [tytttt] 

2025/08/29 05:48:44 [31m[Error] Error 
[0m
2025/08/29 05:48:44 
2025/08/29 05:48:44 ## OPEN LOG FILE  rumctl  20250829 05:48:44.455 ##
2025/08/29 05:48:44 
2025/08/29 05:48:44 [tytttt] [tytttt] 

2025/08/29 05:48:44 [31m[Error] Error 
[0m
