2023/06/16 02:44:36 
2023/06/16 02:44:36 ## OPEN LOG FILE  rumctl  20230616 02:44:36.476 ##
2023/06/16 02:44:36 
2023/06/16 02:44:36 [tytttt] [tytttt] 

2023/06/16 02:44:36 [31m[Error] Error 
[0m
2023/06/16 02:44:36 
2023/06/16 02:44:36 ## OPEN LOG FILE  rumctl  20230616 02:44:36.476 ##
2023/06/16 02:44:36 
2023/06/16 02:44:36 [tytttt] [tytttt] 

2023/06/16 02:44:36 [31m[Error] Error 
[0m
2023/06/16 02:44:36 
2023/06/16 02:44:36 ## OPEN LOG FILE  rumctl  20230616 02:44:36.476 ##
2023/06/16 02:44:36 
2023/06/16 02:44:36 [tytttt] [tytttt] 

2023/06/16 02:44:36 [31m[Error] Error 
[0m
2023/06/16 02:56:23 
2023/06/16 02:56:23 ## OPEN LOG FILE  rumctl  20230616 02:56:23.844 ##
2023/06/16 02:56:23 
2023/06/16 02:56:23 [tytttt] [tytttt] 

2023/06/16 02:56:23 [31m[Error] Error 
[0m
2023/06/16 02:56:23 
2023/06/16 02:56:23 ## OPEN LOG FILE  rumctl  20230616 02:56:23.844 ##
2023/06/16 02:56:23 
2023/06/16 02:56:23 [tytttt] [tytttt] 

2023/06/16 02:56:23 [31m[Error] Error 
[0m
2023/06/16 02:56:23 
2023/06/16 02:56:23 ## OPEN LOG FILE  rumctl  20230616 02:56:23.844 ##
2023/06/16 02:56:23 
2023/06/16 02:56:23 [tytttt] [tytttt] 

2023/06/16 02:56:23 [31m[Error] Error 
[0m
2023/06/16 08:38:51 
2023/06/16 08:38:51 ## OPEN LOG FILE  rumctl  20230616 08:38:51.224 ##
2023/06/16 08:38:51 
2023/06/16 08:38:51 [tytttt] [tytttt] 

2023/06/16 08:38:51 [31m[Error] Error 
[0m
2023/06/16 08:38:51 
2023/06/16 08:38:51 ## OPEN LOG FILE  rumctl  20230616 08:38:51.224 ##
2023/06/16 08:38:51 
2023/06/16 08:38:51 [tytttt] [tytttt] 

2023/06/16 08:38:51 [31m[Error] Error 
[0m
2023/06/16 08:38:51 
2023/06/16 08:38:51 ## OPEN LOG FILE  rumctl  20230616 08:38:51.224 ##
2023/06/16 08:38:51 
2023/06/16 08:38:51 [tytttt] [tytttt] 

2023/06/16 08:38:51 [31m[Error] Error 
[0m
2023/06/16 08:39:25 
2023/06/16 08:39:25 ## OPEN LOG FILE  rumctl  20230616 08:39:25.588 ##
2023/06/16 08:39:25 
2023/06/16 08:39:25 [tytttt] [tytttt] 

2023/06/16 08:39:25 [31m[Error] Error 
[0m
2023/06/16 08:39:25 
2023/06/16 08:39:25 ## OPEN LOG FILE  rumctl  20230616 08:39:25.588 ##
2023/06/16 08:39:25 
2023/06/16 08:39:25 [tytttt] [tytttt] 

2023/06/16 08:39:25 [31m[Error] Error 
[0m
2023/06/16 08:39:25 
2023/06/16 08:39:25 ## OPEN LOG FILE  rumctl  20230616 08:39:25.588 ##
2023/06/16 08:39:25 
2023/06/16 08:39:25 [tytttt] [tytttt] 

2023/06/16 08:39:25 [31m[Error] Error 
[0m
2023/06/16 08:39:54 
2023/06/16 08:39:54 ## OPEN LOG FILE  rumctl  20230616 08:39:54.301 ##
2023/06/16 08:39:54 
2023/06/16 08:39:54 [tytttt] [tytttt] 

2023/06/16 08:39:54 [31m[Error] Error 
[0m
2023/06/16 08:39:54 
2023/06/16 08:39:54 ## OPEN LOG FILE  rumctl  20230616 08:39:54.301 ##
2023/06/16 08:39:54 
2023/06/16 08:39:54 [tytttt] [tytttt] 

2023/06/16 08:39:54 [31m[Error] Error 
[0m
2023/06/16 08:39:54 
2023/06/16 08:39:54 ## OPEN LOG FILE  rumctl  20230616 08:39:54.301 ##
2023/06/16 08:39:54 
2023/06/16 08:39:54 [tytttt] [tytttt] 

2023/06/16 08:39:54 [31m[Error] Error 
[0m
2023/06/16 08:43:56 
2023/06/16 08:43:56 ## OPEN LOG FILE  rumctl  20230616 08:43:56.683 ##
2023/06/16 08:43:56 
2023/06/16 08:43:56 [tytttt] [tytttt] 

2023/06/16 08:43:56 [31m[Error] Error 
[0m
2023/06/16 08:43:56 
2023/06/16 08:43:56 ## OPEN LOG FILE  rumctl  20230616 08:43:56.683 ##
2023/06/16 08:43:56 
2023/06/16 08:43:56 [tytttt] [tytttt] 

2023/06/16 08:43:56 [31m[Error] Error 
[0m
2023/06/16 08:43:56 
2023/06/16 08:43:56 ## OPEN LOG FILE  rumctl  20230616 08:43:56.683 ##
2023/06/16 08:43:56 
2023/06/16 08:43:56 [tytttt] [tytttt] 

2023/06/16 08:43:56 [31m[Error] Error 
[0m
2023/06/16 08:44:00 
2023/06/16 08:44:00 ## OPEN LOG FILE  rumctl  20230616 08:44:00.926 ##
2023/06/16 08:44:00 
2023/06/16 08:44:00 [tytttt] [tytttt] 

2023/06/16 08:44:00 [31m[Error] Error 
[0m
2023/06/16 08:44:00 
2023/06/16 08:44:00 ## OPEN LOG FILE  rumctl  20230616 08:44:00.926 ##
2023/06/16 08:44:00 
2023/06/16 08:44:00 [tytttt] [tytttt] 

2023/06/16 08:44:00 [31m[Error] Error 
[0m
2023/06/16 08:44:00 
2023/06/16 08:44:00 ## OPEN LOG FILE  rumctl  20230616 08:44:00.926 ##
2023/06/16 08:44:00 
2023/06/16 08:44:00 [tytttt] [tytttt] 

2023/06/16 08:44:00 [31m[Error] Error 
[0m
2023/06/16 08:44:04 
2023/06/16 08:44:04 ## OPEN LOG FILE  rumctl  20230616 08:44:04.317 ##
2023/06/16 08:44:04 
2023/06/16 08:44:04 [tytttt] [tytttt] 

2023/06/16 08:44:04 [31m[Error] Error 
[0m
2023/06/16 08:44:04 
2023/06/16 08:44:04 ## OPEN LOG FILE  rumctl  20230616 08:44:04.317 ##
2023/06/16 08:44:04 
2023/06/16 08:44:04 [tytttt] [tytttt] 

2023/06/16 08:44:04 [31m[Error] Error 
[0m
2023/06/16 08:44:04 
2023/06/16 08:44:04 ## OPEN LOG FILE  rumctl  20230616 08:44:04.318 ##
2023/06/16 08:44:04 
2023/06/16 08:44:04 [tytttt] [tytttt] 

2023/06/16 08:44:04 [31m[Error] Error 
[0m
2023/06/16 08:44:32 
2023/06/16 08:44:32 ## OPEN LOG FILE  rumctl  20230616 08:44:32.495 ##
2023/06/16 08:44:32 
2023/06/16 08:44:32 [tytttt] [tytttt] 

2023/06/16 08:44:32 [31m[Error] Error 
[0m
2023/06/16 08:44:32 
2023/06/16 08:44:32 ## OPEN LOG FILE  rumctl  20230616 08:44:32.500 ##
2023/06/16 08:44:32 
2023/06/16 08:44:32 [tytttt] [tytttt] 

2023/06/16 08:44:32 [31m[Error] Error 
[0m
2023/06/16 08:44:32 
2023/06/16 08:44:32 ## OPEN LOG FILE  rumctl  20230616 08:44:32.500 ##
2023/06/16 08:44:32 
2023/06/16 08:44:32 [tytttt] [tytttt] 

2023/06/16 08:44:32 [31m[Error] Error 
[0m
2023/06/16 08:45:02 
2023/06/16 08:45:02 ## OPEN LOG FILE  rumctl  20230616 08:45:02.734 ##
2023/06/16 08:45:02 
2023/06/16 08:45:02 [tytttt] [tytttt] 

2023/06/16 08:45:02 [31m[Error] Error 
[0m
2023/06/16 08:45:02 
2023/06/16 08:45:02 ## OPEN LOG FILE  rumctl  20230616 08:45:02.735 ##
2023/06/16 08:45:02 
2023/06/16 08:45:02 [tytttt] [tytttt] 

2023/06/16 08:45:02 [31m[Error] Error 
[0m
2023/06/16 08:45:02 
2023/06/16 08:45:02 ## OPEN LOG FILE  rumctl  20230616 08:45:02.741 ##
2023/06/16 08:45:02 
2023/06/16 08:45:02 [tytttt] [tytttt] 

2023/06/16 08:45:02 [31m[Error] Error 
[0m
2023/06/16 08:45:31 
2023/06/16 08:45:31 ## OPEN LOG FILE  rumctl  20230616 08:45:31.882 ##
2023/06/16 08:45:31 
2023/06/16 08:45:31 [tytttt] [tytttt] 

2023/06/16 08:45:31 [31m[Error] Error 
[0m
2023/06/16 08:45:31 
2023/06/16 08:45:31 ## OPEN LOG FILE  rumctl  20230616 08:45:31.882 ##
2023/06/16 08:45:31 
2023/06/16 08:45:31 [tytttt] [tytttt] 

2023/06/16 08:45:31 [31m[Error] Error 
[0m
2023/06/16 08:45:31 
2023/06/16 08:45:31 ## OPEN LOG FILE  rumctl  20230616 08:45:31.882 ##
2023/06/16 08:45:31 
2023/06/16 08:45:31 [tytttt] [tytttt] 

2023/06/16 08:45:31 [31m[Error] Error 
[0m
