2026/03/17 07:37:13 
2026/03/17 07:37:13 ## OPEN LOG FILE  rumctl  20260317 07:37:13.315 ##
2026/03/17 07:37:13 
2026/03/17 07:37:13 [tytttt] [tytttt] 

2026/03/17 07:37:13 [31m[Error] Error 
[0m
2026/03/17 07:37:13 
2026/03/17 07:37:13 ## OPEN LOG FILE  rumctl  20260317 07:37:13.315 ##
2026/03/17 07:37:13 
2026/03/17 07:37:13 [tytttt] [tytttt] 

2026/03/17 07:37:13 [31m[Error] Error 
[0m
2026/03/17 07:37:13 
2026/03/17 07:37:13 ## OPEN LOG FILE  rumctl  20260317 07:37:13.315 ##
2026/03/17 07:37:13 
2026/03/17 07:37:13 [tytttt] [tytttt] 

2026/03/17 07:37:13 [31m[Error] Error 
[0m
2026/03/17 07:37:59 
2026/03/17 07:37:59 ## OPEN LOG FILE  rumctl  20260317 07:37:59.343 ##
2026/03/17 07:37:59 
2026/03/17 07:37:59 [tytttt] [tytttt] 

2026/03/17 07:37:59 [31m[Error] Error 
[0m
2026/03/17 07:37:59 
2026/03/17 07:37:59 ## OPEN LOG FILE  rumctl  20260317 07:37:59.343 ##
2026/03/17 07:37:59 
2026/03/17 07:37:59 [tytttt] [tytttt] 

2026/03/17 07:37:59 [31m[Error] Error 
[0m
2026/03/17 07:37:59 
2026/03/17 07:37:59 ## OPEN LOG FILE  rumctl  20260317 07:37:59.343 ##
2026/03/17 07:37:59 
2026/03/17 07:37:59 [tytttt] [tytttt] 

2026/03/17 07:37:59 [31m[Error] Error 
[0m
