2024/04/17 02:02:20 
2024/04/17 02:02:20 ## OPEN LOG FILE  rumctl  20240417 02:02:20.231 ##
2024/04/17 02:02:20 
2024/04/17 02:02:20 [tytttt] [tytttt] 

2024/04/17 02:02:20 [31m[Error] Error 
[0m
2024/04/17 02:02:20 
2024/04/17 02:02:20 ## OPEN LOG FILE  rumctl  20240417 02:02:20.231 ##
2024/04/17 02:02:20 
2024/04/17 02:02:20 [tytttt] [tytttt] 

2024/04/17 02:02:20 [31m[Error] Error 
[0m
2024/04/17 02:02:20 
2024/04/17 02:02:20 ## OPEN LOG FILE  rumctl  20240417 02:02:20.231 ##
2024/04/17 02:02:20 
2024/04/17 02:02:20 [tytttt] [tytttt] 

2024/04/17 02:02:20 [31m[Error] Error 
[0m
2024/04/17 02:07:49 
2024/04/17 02:07:49 ## OPEN LOG FILE  rumctl  20240417 02:07:49.70 ##
2024/04/17 02:07:49 
2024/04/17 02:07:49 [tytttt] [tytttt] 

2024/04/17 02:07:49 [31m[Error] Error 
[0m
2024/04/17 02:07:49 
2024/04/17 02:07:49 ## OPEN LOG FILE  rumctl  20240417 02:07:49.70 ##
2024/04/17 02:07:49 
2024/04/17 02:07:49 [tytttt] [tytttt] 

2024/04/17 02:07:49 [31m[Error] Error 
[0m
2024/04/17 02:07:49 
2024/04/17 02:07:49 ## OPEN LOG FILE  rumctl  20240417 02:07:49.70 ##
2024/04/17 02:07:49 
2024/04/17 02:07:49 [tytttt] [tytttt] 

2024/04/17 02:07:49 [31m[Error] Error 
[0m
2024/04/17 02:14:29 
2024/04/17 02:14:29 ## OPEN LOG FILE  rumctl  20240417 02:14:29.941 ##
2024/04/17 02:14:29 
2024/04/17 02:14:29 [tytttt] [tytttt] 

2024/04/17 02:14:29 [31m[Error] Error 
[0m
2024/04/17 02:14:29 
2024/04/17 02:14:29 ## OPEN LOG FILE  rumctl  20240417 02:14:29.941 ##
2024/04/17 02:14:29 
2024/04/17 02:14:29 [tytttt] [tytttt] 

2024/04/17 02:14:29 [31m[Error] Error 
[0m
2024/04/17 02:14:29 
2024/04/17 02:14:29 ## OPEN LOG FILE  rumctl  20240417 02:14:29.941 ##
2024/04/17 02:14:29 
2024/04/17 02:14:29 [tytttt] [tytttt] 

2024/04/17 02:14:29 [31m[Error] Error 
[0m
2024/04/17 02:27:02 
2024/04/17 02:27:02 ## OPEN LOG FILE  rumctl  20240417 02:27:02.150 ##
2024/04/17 02:27:02 
2024/04/17 02:27:02 [tytttt] [tytttt] 

2024/04/17 02:27:02 [31m[Error] Error 
[0m
2024/04/17 02:27:02 
2024/04/17 02:27:02 ## OPEN LOG FILE  rumctl  20240417 02:27:02.150 ##
2024/04/17 02:27:02 
2024/04/17 02:27:02 [tytttt] [tytttt] 

2024/04/17 02:27:02 [31m[Error] Error 
[0m
2024/04/17 02:27:02 
2024/04/17 02:27:02 ## OPEN LOG FILE  rumctl  20240417 02:27:02.150 ##
2024/04/17 02:27:02 
2024/04/17 02:27:02 [tytttt] [tytttt] 

2024/04/17 02:27:02 [31m[Error] Error 
[0m
2024/04/17 02:27:23 
2024/04/17 02:27:23 ## OPEN LOG FILE  rumctl  20240417 02:27:23.659 ##
2024/04/17 02:27:23 
2024/04/17 02:27:23 [tytttt] [tytttt] 

2024/04/17 02:27:23 [31m[Error] Error 
[0m
2024/04/17 02:27:23 
2024/04/17 02:27:23 ## OPEN LOG FILE  rumctl  20240417 02:27:23.659 ##
2024/04/17 02:27:23 
2024/04/17 02:27:23 [tytttt] [tytttt] 

2024/04/17 02:27:23 [31m[Error] Error 
[0m
2024/04/17 02:27:23 
2024/04/17 02:27:23 ## OPEN LOG FILE  rumctl  20240417 02:27:23.659 ##
2024/04/17 02:27:23 
2024/04/17 02:27:23 [tytttt] [tytttt] 

2024/04/17 02:27:23 [31m[Error] Error 
[0m
2024/04/17 02:27:35 
2024/04/17 02:27:35 ## OPEN LOG FILE  rumctl  20240417 02:27:35.478 ##
2024/04/17 02:27:35 
2024/04/17 02:27:35 [tytttt] [tytttt] 

2024/04/17 02:27:35 [31m[Error] Error 
[0m
2024/04/17 02:27:35 
2024/04/17 02:27:35 ## OPEN LOG FILE  rumctl  20240417 02:27:35.478 ##
2024/04/17 02:27:35 
2024/04/17 02:27:35 [tytttt] [tytttt] 

2024/04/17 02:27:35 [31m[Error] Error 
[0m
2024/04/17 02:27:35 
2024/04/17 02:27:35 ## OPEN LOG FILE  rumctl  20240417 02:27:35.478 ##
2024/04/17 02:27:35 
2024/04/17 02:27:35 [tytttt] [tytttt] 

2024/04/17 02:27:35 [31m[Error] Error 
[0m
2024/04/17 02:30:03 
2024/04/17 02:30:03 ## OPEN LOG FILE  rumctl  20240417 02:30:03.85 ##
2024/04/17 02:30:03 
2024/04/17 02:30:03 [tytttt] [tytttt] 

2024/04/17 02:30:03 [31m[Error] Error 
[0m
2024/04/17 02:30:03 
2024/04/17 02:30:03 ## OPEN LOG FILE  rumctl  20240417 02:30:03.85 ##
2024/04/17 02:30:03 
2024/04/17 02:30:03 [tytttt] [tytttt] 

2024/04/17 02:30:03 [31m[Error] Error 
[0m
2024/04/17 02:30:03 
2024/04/17 02:30:03 ## OPEN LOG FILE  rumctl  20240417 02:30:03.85 ##
2024/04/17 02:30:03 
2024/04/17 02:30:03 [tytttt] [tytttt] 

2024/04/17 02:30:03 [31m[Error] Error 
[0m
