2023/10/26 08:03:48 
2023/10/26 08:03:48 ## OPEN LOG FILE  rumctl  20231026 08:03:48.539 ##
2023/10/26 08:03:48 
2023/10/26 08:03:48 [tytttt] [tytttt] 

2023/10/26 08:03:48 [31m[Error] Error 
[0m
2023/10/26 08:03:48 
2023/10/26 08:03:48 ## OPEN LOG FILE  rumctl  20231026 08:03:48.539 ##
2023/10/26 08:03:48 
2023/10/26 08:03:48 [tytttt] [tytttt] 

2023/10/26 08:03:48 [31m[Error] Error 
[0m
2023/10/26 08:03:48 
2023/10/26 08:03:48 ## OPEN LOG FILE  rumctl  20231026 08:03:48.539 ##
2023/10/26 08:03:48 
2023/10/26 08:03:48 [tytttt] [tytttt] 

2023/10/26 08:03:48 [31m[Error] Error 
[0m
2023/10/26 08:04:09 
2023/10/26 08:04:09 ## OPEN LOG FILE  rumctl  20231026 08:04:09.298 ##
2023/10/26 08:04:09 
2023/10/26 08:04:09 [tytttt] [tytttt] 

2023/10/26 08:04:09 [31m[Error] Error 
[0m
2023/10/26 08:04:09 
2023/10/26 08:04:09 ## OPEN LOG FILE  rumctl  20231026 08:04:09.298 ##
2023/10/26 08:04:09 
2023/10/26 08:04:09 [tytttt] [tytttt] 

2023/10/26 08:04:09 [31m[Error] Error 
[0m
2023/10/26 08:04:09 
2023/10/26 08:04:09 ## OPEN LOG FILE  rumctl  20231026 08:04:09.299 ##
2023/10/26 08:04:09 
2023/10/26 08:04:09 [tytttt] [tytttt] 

2023/10/26 08:04:09 [31m[Error] Error 
[0m
2023/10/26 08:04:29 
2023/10/26 08:04:29 ## OPEN LOG FILE  rumctl  20231026 08:04:29.99 ##
2023/10/26 08:04:29 
2023/10/26 08:04:29 [tytttt] [tytttt] 

2023/10/26 08:04:29 [31m[Error] Error 
[0m
2023/10/26 08:04:29 
2023/10/26 08:04:29 ## OPEN LOG FILE  rumctl  20231026 08:04:29.99 ##
2023/10/26 08:04:29 
2023/10/26 08:04:29 [tytttt] [tytttt] 

2023/10/26 08:04:29 [31m[Error] Error 
[0m
2023/10/26 08:04:29 
2023/10/26 08:04:29 ## OPEN LOG FILE  rumctl  20231026 08:04:29.99 ##
2023/10/26 08:04:29 
2023/10/26 08:04:29 [tytttt] [tytttt] 

2023/10/26 08:04:29 [31m[Error] Error 
[0m
2023/10/26 08:04:52 
2023/10/26 08:04:52 ## OPEN LOG FILE  rumctl  20231026 08:04:52.24 ##
2023/10/26 08:04:52 
2023/10/26 08:04:52 [tytttt] [tytttt] 

2023/10/26 08:04:52 [31m[Error] Error 
[0m
2023/10/26 08:04:52 
2023/10/26 08:04:52 ## OPEN LOG FILE  rumctl  20231026 08:04:52.24 ##
2023/10/26 08:04:52 
2023/10/26 08:04:52 [tytttt] [tytttt] 

2023/10/26 08:04:52 [31m[Error] Error 
[0m
2023/10/26 08:04:52 
2023/10/26 08:04:52 ## OPEN LOG FILE  rumctl  20231026 08:04:52.25 ##
2023/10/26 08:04:52 
2023/10/26 08:04:52 [tytttt] [tytttt] 

2023/10/26 08:04:52 [31m[Error] Error 
[0m
2023/10/26 08:05:13 
2023/10/26 08:05:13 ## OPEN LOG FILE  rumctl  20231026 08:05:13.455 ##
2023/10/26 08:05:13 
2023/10/26 08:05:13 [tytttt] [tytttt] 

2023/10/26 08:05:13 [31m[Error] Error 
[0m
2023/10/26 08:05:13 
2023/10/26 08:05:13 ## OPEN LOG FILE  rumctl  20231026 08:05:13.455 ##
2023/10/26 08:05:13 
2023/10/26 08:05:13 [tytttt] [tytttt] 

2023/10/26 08:05:13 [31m[Error] Error 
[0m
2023/10/26 08:05:13 
2023/10/26 08:05:13 ## OPEN LOG FILE  rumctl  20231026 08:05:13.455 ##
2023/10/26 08:05:13 
2023/10/26 08:05:13 [tytttt] [tytttt] 

2023/10/26 08:05:13 [31m[Error] Error 
[0m
2023/10/26 08:05:33 
2023/10/26 08:05:33 ## OPEN LOG FILE  rumctl  20231026 08:05:33.787 ##
2023/10/26 08:05:33 
2023/10/26 08:05:33 [tytttt] [tytttt] 

2023/10/26 08:05:33 [31m[Error] Error 
[0m
2023/10/26 08:05:33 
2023/10/26 08:05:33 ## OPEN LOG FILE  rumctl  20231026 08:05:33.787 ##
2023/10/26 08:05:33 
2023/10/26 08:05:33 [tytttt] [tytttt] 

2023/10/26 08:05:33 [31m[Error] Error 
[0m
2023/10/26 08:05:33 
2023/10/26 08:05:33 ## OPEN LOG FILE  rumctl  20231026 08:05:33.787 ##
2023/10/26 08:05:33 
2023/10/26 08:05:33 [tytttt] [tytttt] 

2023/10/26 08:05:33 [31m[Error] Error 
[0m
