2024/09/05 07:42:55 
2024/09/05 07:42:55 ## OPEN LOG FILE  rumctl  20240905 07:42:55.924 ##
2024/09/05 07:42:55 
2024/09/05 07:42:55 [tytttt] [tytttt] 

2024/09/05 07:42:55 [31m[Error] Error 
[0m
2024/09/05 07:42:55 
2024/09/05 07:42:55 ## OPEN LOG FILE  rumctl  20240905 07:42:55.925 ##
2024/09/05 07:42:55 
2024/09/05 07:42:55 [tytttt] [tytttt] 

2024/09/05 07:42:55 [31m[Error] Error 
[0m
2024/09/05 07:42:55 
2024/09/05 07:42:55 ## OPEN LOG FILE  rumctl  20240905 07:42:55.925 ##
2024/09/05 07:42:55 
2024/09/05 07:42:55 [tytttt] [tytttt] 

2024/09/05 07:42:55 [31m[Error] Error 
[0m
2024/09/05 07:47:16 
2024/09/05 07:47:16 ## OPEN LOG FILE  rumctl  20240905 07:47:16.731 ##
2024/09/05 07:47:16 
2024/09/05 07:47:16 [tytttt] [tytttt] 

2024/09/05 07:47:16 [31m[Error] Error 
[0m
2024/09/05 07:47:16 
2024/09/05 07:47:16 ## OPEN LOG FILE  rumctl  20240905 07:47:16.732 ##
2024/09/05 07:47:16 
2024/09/05 07:47:16 [tytttt] [tytttt] 

2024/09/05 07:47:16 [31m[Error] Error 
[0m
2024/09/05 07:47:16 
2024/09/05 07:47:16 ## OPEN LOG FILE  rumctl  20240905 07:47:16.732 ##
2024/09/05 07:47:16 
2024/09/05 07:47:16 [tytttt] [tytttt] 

2024/09/05 07:47:16 [31m[Error] Error 
[0m
2024/09/05 07:52:07 
2024/09/05 07:52:07 ## OPEN LOG FILE  rumctl  20240905 07:52:07.644 ##
2024/09/05 07:52:07 
2024/09/05 07:52:07 [tytttt] [tytttt] 

2024/09/05 07:52:07 [31m[Error] Error 
[0m
2024/09/05 07:52:07 
2024/09/05 07:52:07 ## OPEN LOG FILE  rumctl  20240905 07:52:07.644 ##
2024/09/05 07:52:07 
2024/09/05 07:52:07 [tytttt] [tytttt] 

2024/09/05 07:52:07 [31m[Error] Error 
[0m
2024/09/05 07:52:07 
2024/09/05 07:52:07 ## OPEN LOG FILE  rumctl  20240905 07:52:07.644 ##
2024/09/05 07:52:07 
2024/09/05 07:52:07 [tytttt] [tytttt] 

2024/09/05 07:52:07 [31m[Error] Error 
[0m
2024/09/05 07:59:25 
2024/09/05 07:59:25 ## OPEN LOG FILE  rumctl  20240905 07:59:25.79 ##
2024/09/05 07:59:25 
2024/09/05 07:59:25 [tytttt] [tytttt] 

2024/09/05 07:59:25 [31m[Error] Error 
[0m
2024/09/05 07:59:25 
2024/09/05 07:59:25 ## OPEN LOG FILE  rumctl  20240905 07:59:25.79 ##
2024/09/05 07:59:25 
2024/09/05 07:59:25 [tytttt] [tytttt] 

2024/09/05 07:59:25 [31m[Error] Error 
[0m
2024/09/05 07:59:25 
2024/09/05 07:59:25 ## OPEN LOG FILE  rumctl  20240905 07:59:25.80 ##
2024/09/05 07:59:25 
2024/09/05 07:59:25 [tytttt] [tytttt] 

2024/09/05 07:59:25 [31m[Error] Error 
[0m
2024/09/05 08:07:05 
2024/09/05 08:07:05 ## OPEN LOG FILE  rumctl  20240905 08:07:05.133 ##
2024/09/05 08:07:05 
2024/09/05 08:07:05 [tytttt] [tytttt] 

2024/09/05 08:07:05 [31m[Error] Error 
[0m
2024/09/05 08:07:05 
2024/09/05 08:07:05 ## OPEN LOG FILE  rumctl  20240905 08:07:05.133 ##
2024/09/05 08:07:05 
2024/09/05 08:07:05 [tytttt] [tytttt] 

2024/09/05 08:07:05 [31m[Error] Error 
[0m
2024/09/05 08:07:05 
2024/09/05 08:07:05 ## OPEN LOG FILE  rumctl  20240905 08:07:05.134 ##
2024/09/05 08:07:05 
2024/09/05 08:07:05 [tytttt] [tytttt] 

2024/09/05 08:07:05 [31m[Error] Error 
[0m
2024/09/05 08:12:46 
2024/09/05 08:12:46 ## OPEN LOG FILE  rumctl  20240905 08:12:46.398 ##
2024/09/05 08:12:46 
2024/09/05 08:12:46 [tytttt] [tytttt] 

2024/09/05 08:12:46 [31m[Error] Error 
[0m
2024/09/05 08:12:46 
2024/09/05 08:12:46 ## OPEN LOG FILE  rumctl  20240905 08:12:46.398 ##
2024/09/05 08:12:46 
2024/09/05 08:12:46 [tytttt] [tytttt] 

2024/09/05 08:12:46 [31m[Error] Error 
[0m
2024/09/05 08:12:46 
2024/09/05 08:12:46 ## OPEN LOG FILE  rumctl  20240905 08:12:46.398 ##
2024/09/05 08:12:46 
2024/09/05 08:12:46 [tytttt] [tytttt] 

2024/09/05 08:12:46 [31m[Error] Error 
[0m
