2026/06/11 01:12:13 
2026/06/11 01:12:13 ## OPEN LOG FILE  rumctl  20260611 01:12:13.210 ##
2026/06/11 01:12:13 
2026/06/11 01:12:13 [tytttt] [tytttt] 

2026/06/11 01:12:13 [31m[Error] Error 
[0m
2026/06/11 01:12:13 
2026/06/11 01:12:13 ## OPEN LOG FILE  rumctl  20260611 01:12:13.210 ##
2026/06/11 01:12:13 
2026/06/11 01:12:13 [tytttt] [tytttt] 

2026/06/11 01:12:13 [31m[Error] Error 
[0m
2026/06/11 01:12:13 
2026/06/11 01:12:13 ## OPEN LOG FILE  rumctl  20260611 01:12:13.210 ##
2026/06/11 01:12:13 
2026/06/11 01:12:13 [tytttt] [tytttt] 

2026/06/11 01:12:13 [31m[Error] Error 
[0m
2026/06/11 01:12:27 
2026/06/11 01:12:27 ## OPEN LOG FILE  rumctl  20260611 01:12:27.132 ##
2026/06/11 01:12:27 
2026/06/11 01:12:27 [tytttt] [tytttt] 

2026/06/11 01:12:27 [31m[Error] Error 
[0m
2026/06/11 01:12:27 
2026/06/11 01:12:27 ## OPEN LOG FILE  rumctl  20260611 01:12:27.132 ##
2026/06/11 01:12:27 
2026/06/11 01:12:27 [tytttt] [tytttt] 

2026/06/11 01:12:27 [31m[Error] Error 
[0m
2026/06/11 01:12:27 
2026/06/11 01:12:27 ## OPEN LOG FILE  rumctl  20260611 01:12:27.132 ##
2026/06/11 01:12:27 
2026/06/11 01:12:27 [tytttt] [tytttt] 

2026/06/11 01:12:27 [31m[Error] Error 
[0m
