2022/09/16 05:44:23 
2022/09/16 05:44:23 ## OPEN LOG FILE  rumctl  20220916 05:44:23.402 ##
2022/09/16 05:44:23 
2022/09/16 05:44:23 [tytttt] [tytttt] 

2022/09/16 05:44:23 [31m[Error] Error 
[0m
2022/09/16 05:44:23 
2022/09/16 05:44:23 ## OPEN LOG FILE  rumctl  20220916 05:44:23.402 ##
2022/09/16 05:44:23 
2022/09/16 05:44:23 [tytttt] [tytttt] 

2022/09/16 05:44:23 [31m[Error] Error 
[0m
2022/09/16 05:44:23 
2022/09/16 05:44:23 ## OPEN LOG FILE  rumctl  20220916 05:44:23.402 ##
2022/09/16 05:44:23 
2022/09/16 05:44:23 [tytttt] [tytttt] 

2022/09/16 05:44:23 [31m[Error] Error 
[0m
2022/09/16 05:44:42 
2022/09/16 05:44:42 ## OPEN LOG FILE  rumctl  20220916 05:44:42.43 ##
2022/09/16 05:44:42 
2022/09/16 05:44:42 [tytttt] [tytttt] 

2022/09/16 05:44:42 [31m[Error] Error 
[0m
2022/09/16 05:44:42 
2022/09/16 05:44:42 ## OPEN LOG FILE  rumctl  20220916 05:44:42.43 ##
2022/09/16 05:44:42 
2022/09/16 05:44:42 [tytttt] [tytttt] 

2022/09/16 05:44:42 [31m[Error] Error 
[0m
2022/09/16 05:44:42 
2022/09/16 05:44:42 ## OPEN LOG FILE  rumctl  20220916 05:44:42.43 ##
2022/09/16 05:44:42 
2022/09/16 05:44:42 [tytttt] [tytttt] 

2022/09/16 05:44:42 [31m[Error] Error 
[0m
2022/09/16 05:44:57 
2022/09/16 05:44:57 ## OPEN LOG FILE  rumctl  20220916 05:44:57.423 ##
2022/09/16 05:44:57 
2022/09/16 05:44:57 [tytttt] [tytttt] 

2022/09/16 05:44:57 [31m[Error] Error 
[0m
2022/09/16 05:44:57 
2022/09/16 05:44:57 ## OPEN LOG FILE  rumctl  20220916 05:44:57.423 ##
2022/09/16 05:44:57 
2022/09/16 05:44:57 [tytttt] [tytttt] 

2022/09/16 05:44:57 [31m[Error] Error 
[0m
2022/09/16 05:44:57 
2022/09/16 05:44:57 ## OPEN LOG FILE  rumctl  20220916 05:44:57.423 ##
2022/09/16 05:44:57 
2022/09/16 05:44:57 [tytttt] [tytttt] 

2022/09/16 05:44:57 [31m[Error] Error 
[0m
2022/09/16 05:45:10 
2022/09/16 05:45:10 ## OPEN LOG FILE  rumctl  20220916 05:45:10.37 ##
2022/09/16 05:45:10 
2022/09/16 05:45:10 [tytttt] [tytttt] 

2022/09/16 05:45:10 [31m[Error] Error 
[0m
2022/09/16 05:45:10 
2022/09/16 05:45:10 ## OPEN LOG FILE  rumctl  20220916 05:45:10.37 ##
2022/09/16 05:45:10 
2022/09/16 05:45:10 [tytttt] [tytttt] 

2022/09/16 05:45:10 [31m[Error] Error 
[0m
2022/09/16 05:45:10 
2022/09/16 05:45:10 ## OPEN LOG FILE  rumctl  20220916 05:45:10.37 ##
2022/09/16 05:45:10 
2022/09/16 05:45:10 [tytttt] [tytttt] 

2022/09/16 05:45:10 [31m[Error] Error 
[0m
