2023/08/21 05:28:21 
2023/08/21 05:28:21 ## OPEN LOG FILE  rumctl  20230821 05:28:21.798 ##
2023/08/21 05:28:21 
2023/08/21 05:28:21 [tytttt] [tytttt] 

2023/08/21 05:28:21 [31m[Error] Error 
[0m
2023/08/21 05:28:21 
2023/08/21 05:28:21 ## OPEN LOG FILE  rumctl  20230821 05:28:21.798 ##
2023/08/21 05:28:21 
2023/08/21 05:28:21 [tytttt] [tytttt] 

2023/08/21 05:28:21 [31m[Error] Error 
[0m
2023/08/21 05:28:21 
2023/08/21 05:28:21 ## OPEN LOG FILE  rumctl  20230821 05:28:21.798 ##
2023/08/21 05:28:21 
2023/08/21 05:28:21 [tytttt] [tytttt] 

2023/08/21 05:28:21 [31m[Error] Error 
[0m
2023/08/21 05:32:13 
2023/08/21 05:32:13 ## OPEN LOG FILE  rumctl  20230821 05:32:13.800 ##
2023/08/21 05:32:13 
2023/08/21 05:32:13 [tytttt] [tytttt] 

2023/08/21 05:32:13 [31m[Error] Error 
[0m
2023/08/21 05:32:13 
2023/08/21 05:32:13 ## OPEN LOG FILE  rumctl  20230821 05:32:13.800 ##
2023/08/21 05:32:13 
2023/08/21 05:32:13 [tytttt] [tytttt] 

2023/08/21 05:32:13 [31m[Error] Error 
[0m
2023/08/21 05:32:13 
2023/08/21 05:32:13 ## OPEN LOG FILE  rumctl  20230821 05:32:13.800 ##
2023/08/21 05:32:13 
2023/08/21 05:32:13 [tytttt] [tytttt] 

2023/08/21 05:32:13 [31m[Error] Error 
[0m
2023/08/21 05:36:17 
2023/08/21 05:36:17 ## OPEN LOG FILE  rumctl  20230821 05:36:17.804 ##
2023/08/21 05:36:17 
2023/08/21 05:36:17 [tytttt] [tytttt] 

2023/08/21 05:36:17 [31m[Error] Error 
[0m
2023/08/21 05:36:17 
2023/08/21 05:36:17 ## OPEN LOG FILE  rumctl  20230821 05:36:17.804 ##
2023/08/21 05:36:17 
2023/08/21 05:36:17 [tytttt] [tytttt] 

2023/08/21 05:36:17 [31m[Error] Error 
[0m
2023/08/21 05:36:17 
2023/08/21 05:36:17 ## OPEN LOG FILE  rumctl  20230821 05:36:17.804 ##
2023/08/21 05:36:17 
2023/08/21 05:36:17 [tytttt] [tytttt] 

2023/08/21 05:36:17 [31m[Error] Error 
[0m
2023/08/21 05:40:19 
2023/08/21 05:40:19 ## OPEN LOG FILE  rumctl  20230821 05:40:19.471 ##
2023/08/21 05:40:19 
2023/08/21 05:40:19 [tytttt] [tytttt] 

2023/08/21 05:40:19 [31m[Error] Error 
[0m
2023/08/21 05:40:19 
2023/08/21 05:40:19 ## OPEN LOG FILE  rumctl  20230821 05:40:19.471 ##
2023/08/21 05:40:19 
2023/08/21 05:40:19 [tytttt] [tytttt] 

2023/08/21 05:40:19 [31m[Error] Error 
[0m
2023/08/21 05:40:19 
2023/08/21 05:40:19 ## OPEN LOG FILE  rumctl  20230821 05:40:19.471 ##
2023/08/21 05:40:19 
2023/08/21 05:40:19 [tytttt] [tytttt] 

2023/08/21 05:40:19 [31m[Error] Error 
[0m
2023/08/21 05:44:16 
2023/08/21 05:44:16 ## OPEN LOG FILE  rumctl  20230821 05:44:16.430 ##
2023/08/21 05:44:16 
2023/08/21 05:44:16 [tytttt] [tytttt] 

2023/08/21 05:44:16 [31m[Error] Error 
[0m
2023/08/21 05:44:16 
2023/08/21 05:44:16 ## OPEN LOG FILE  rumctl  20230821 05:44:16.430 ##
2023/08/21 05:44:16 
2023/08/21 05:44:16 [tytttt] [tytttt] 

2023/08/21 05:44:16 [31m[Error] Error 
[0m
2023/08/21 05:44:16 
2023/08/21 05:44:16 ## OPEN LOG FILE  rumctl  20230821 05:44:16.431 ##
2023/08/21 05:44:16 
2023/08/21 05:44:16 [tytttt] [tytttt] 

2023/08/21 05:44:16 [31m[Error] Error 
[0m
2023/08/21 05:48:16 
2023/08/21 05:48:16 ## OPEN LOG FILE  rumctl  20230821 05:48:16.511 ##
2023/08/21 05:48:16 
2023/08/21 05:48:16 [tytttt] [tytttt] 

2023/08/21 05:48:16 [31m[Error] Error 
[0m
2023/08/21 05:48:16 
2023/08/21 05:48:16 ## OPEN LOG FILE  rumctl  20230821 05:48:16.511 ##
2023/08/21 05:48:16 
2023/08/21 05:48:16 [tytttt] [tytttt] 

2023/08/21 05:48:16 [31m[Error] Error 
[0m
2023/08/21 05:48:16 
2023/08/21 05:48:16 ## OPEN LOG FILE  rumctl  20230821 05:48:16.511 ##
2023/08/21 05:48:16 
2023/08/21 05:48:16 [tytttt] [tytttt] 

2023/08/21 05:48:16 [31m[Error] Error 
[0m
