2025/02/10 07:03:20 
2025/02/10 07:03:20 ## OPEN LOG FILE  rumctl  20250210 07:03:20.294 ##
2025/02/10 07:03:20 
2025/02/10 07:03:20 [tytttt] [tytttt] 

2025/02/10 07:03:20 [31m[Error] Error 
[0m
2025/02/10 07:03:20 
2025/02/10 07:03:20 ## OPEN LOG FILE  rumctl  20250210 07:03:20.295 ##
2025/02/10 07:03:20 
2025/02/10 07:03:20 [tytttt] [tytttt] 

2025/02/10 07:03:20 [31m[Error] Error 
[0m
2025/02/10 07:03:20 
2025/02/10 07:03:20 ## OPEN LOG FILE  rumctl  20250210 07:03:20.295 ##
2025/02/10 07:03:20 
2025/02/10 07:03:20 [tytttt] [tytttt] 

2025/02/10 07:03:20 [31m[Error] Error 
[0m
2025/02/10 07:09:00 
2025/02/10 07:09:00 ## OPEN LOG FILE  rumctl  20250210 07:09:00.66 ##
2025/02/10 07:09:00 
2025/02/10 07:09:00 [tytttt] [tytttt] 

2025/02/10 07:09:00 [31m[Error] Error 
[0m
2025/02/10 07:09:00 
2025/02/10 07:09:00 ## OPEN LOG FILE  rumctl  20250210 07:09:00.66 ##
2025/02/10 07:09:00 
2025/02/10 07:09:00 [tytttt] [tytttt] 

2025/02/10 07:09:00 [31m[Error] Error 
[0m
2025/02/10 07:09:00 
2025/02/10 07:09:00 ## OPEN LOG FILE  rumctl  20250210 07:09:00.66 ##
2025/02/10 07:09:00 
2025/02/10 07:09:00 [tytttt] [tytttt] 

2025/02/10 07:09:00 [31m[Error] Error 
[0m
2025/02/10 07:15:49 
2025/02/10 07:15:49 ## OPEN LOG FILE  rumctl  20250210 07:15:49.125 ##
2025/02/10 07:15:49 
2025/02/10 07:15:49 [tytttt] [tytttt] 

2025/02/10 07:15:49 [31m[Error] Error 
[0m
2025/02/10 07:15:49 
2025/02/10 07:15:49 ## OPEN LOG FILE  rumctl  20250210 07:15:49.125 ##
2025/02/10 07:15:49 
2025/02/10 07:15:49 [tytttt] [tytttt] 

2025/02/10 07:15:49 [31m[Error] Error 
[0m
2025/02/10 07:15:49 
2025/02/10 07:15:49 ## OPEN LOG FILE  rumctl  20250210 07:15:49.125 ##
2025/02/10 07:15:49 
2025/02/10 07:15:49 [tytttt] [tytttt] 

2025/02/10 07:15:49 [31m[Error] Error 
[0m
