2022/09/19 02:36:53 
2022/09/19 02:36:53 ## OPEN LOG FILE  rumctl  20220919 02:36:53.194 ##
2022/09/19 02:36:53 
2022/09/19 02:36:53 [tytttt] [tytttt] 

2022/09/19 02:36:53 [31m[Error] Error 
[0m
2022/09/19 02:36:53 
2022/09/19 02:36:53 ## OPEN LOG FILE  rumctl  20220919 02:36:53.194 ##
2022/09/19 02:36:53 
2022/09/19 02:36:53 [tytttt] [tytttt] 

2022/09/19 02:36:53 [31m[Error] Error 
[0m
2022/09/19 02:36:53 
2022/09/19 02:36:53 ## OPEN LOG FILE  rumctl  20220919 02:36:53.194 ##
2022/09/19 02:36:53 
2022/09/19 02:36:53 [tytttt] [tytttt] 

2022/09/19 02:36:53 [31m[Error] Error 
[0m
2022/09/19 02:37:07 
2022/09/19 02:37:07 ## OPEN LOG FILE  rumctl  20220919 02:37:07.249 ##
2022/09/19 02:37:07 
2022/09/19 02:37:07 [tytttt] [tytttt] 

2022/09/19 02:37:07 [31m[Error] Error 
[0m
2022/09/19 02:37:07 
2022/09/19 02:37:07 ## OPEN LOG FILE  rumctl  20220919 02:37:07.250 ##
2022/09/19 02:37:07 
2022/09/19 02:37:07 [tytttt] [tytttt] 

2022/09/19 02:37:07 [31m[Error] Error 
[0m
2022/09/19 02:37:07 
2022/09/19 02:37:07 ## OPEN LOG FILE  rumctl  20220919 02:37:07.250 ##
2022/09/19 02:37:07 
2022/09/19 02:37:07 [tytttt] [tytttt] 

2022/09/19 02:37:07 [31m[Error] Error 
[0m
2022/09/19 02:37:18 
2022/09/19 02:37:18 ## OPEN LOG FILE  rumctl  20220919 02:37:18.966 ##
2022/09/19 02:37:18 
2022/09/19 02:37:18 [tytttt] [tytttt] 

2022/09/19 02:37:18 [31m[Error] Error 
[0m
2022/09/19 02:37:18 
2022/09/19 02:37:18 ## OPEN LOG FILE  rumctl  20220919 02:37:18.966 ##
2022/09/19 02:37:18 
2022/09/19 02:37:18 [tytttt] [tytttt] 

2022/09/19 02:37:18 [31m[Error] Error 
[0m
2022/09/19 02:37:18 
2022/09/19 02:37:18 ## OPEN LOG FILE  rumctl  20220919 02:37:18.966 ##
2022/09/19 02:37:18 
2022/09/19 02:37:18 [tytttt] [tytttt] 

2022/09/19 02:37:18 [31m[Error] Error 
[0m
2022/09/19 02:37:29 
2022/09/19 02:37:29 ## OPEN LOG FILE  rumctl  20220919 02:37:29.281 ##
2022/09/19 02:37:29 
2022/09/19 02:37:29 [tytttt] [tytttt] 

2022/09/19 02:37:29 [31m[Error] Error 
[0m
2022/09/19 02:37:29 
2022/09/19 02:37:29 ## OPEN LOG FILE  rumctl  20220919 02:37:29.281 ##
2022/09/19 02:37:29 
2022/09/19 02:37:29 [tytttt] [tytttt] 

2022/09/19 02:37:29 [31m[Error] Error 
[0m
2022/09/19 02:37:29 
2022/09/19 02:37:29 ## OPEN LOG FILE  rumctl  20220919 02:37:29.281 ##
2022/09/19 02:37:29 
2022/09/19 02:37:29 [tytttt] [tytttt] 

2022/09/19 02:37:29 [31m[Error] Error 
[0m
