2024/05/13 07:27:40 
2024/05/13 07:27:40 ## OPEN LOG FILE  rumctl  20240513 07:27:40.722 ##
2024/05/13 07:27:40 
2024/05/13 07:27:40 [tytttt] [tytttt] 

2024/05/13 07:27:40 [31m[Error] Error 
[0m
2024/05/13 07:27:40 
2024/05/13 07:27:40 ## OPEN LOG FILE  rumctl  20240513 07:27:40.722 ##
2024/05/13 07:27:40 
2024/05/13 07:27:40 [tytttt] [tytttt] 

2024/05/13 07:27:40 [31m[Error] Error 
[0m
2024/05/13 07:27:40 
2024/05/13 07:27:40 ## OPEN LOG FILE  rumctl  20240513 07:27:40.723 ##
2024/05/13 07:27:40 
2024/05/13 07:27:40 [tytttt] [tytttt] 

2024/05/13 07:27:40 [31m[Error] Error 
[0m
2024/05/13 07:34:39 
2024/05/13 07:34:39 ## OPEN LOG FILE  rumctl  20240513 07:34:39.464 ##
2024/05/13 07:34:39 
2024/05/13 07:34:39 [tytttt] [tytttt] 

2024/05/13 07:34:39 [31m[Error] Error 
[0m
2024/05/13 07:34:39 
2024/05/13 07:34:39 ## OPEN LOG FILE  rumctl  20240513 07:34:39.464 ##
2024/05/13 07:34:39 
2024/05/13 07:34:39 [tytttt] [tytttt] 

2024/05/13 07:34:39 [31m[Error] Error 
[0m
2024/05/13 07:34:39 
2024/05/13 07:34:39 ## OPEN LOG FILE  rumctl  20240513 07:34:39.465 ##
2024/05/13 07:34:39 
2024/05/13 07:34:39 [tytttt] [tytttt] 

2024/05/13 07:34:39 [31m[Error] Error 
[0m
2024/05/13 07:39:12 
2024/05/13 07:39:12 ## OPEN LOG FILE  rumctl  20240513 07:39:12.869 ##
2024/05/13 07:39:12 
2024/05/13 07:39:12 [tytttt] [tytttt] 

2024/05/13 07:39:12 [31m[Error] Error 
[0m
2024/05/13 07:39:12 
2024/05/13 07:39:12 ## OPEN LOG FILE  rumctl  20240513 07:39:12.869 ##
2024/05/13 07:39:12 
2024/05/13 07:39:12 [tytttt] [tytttt] 

2024/05/13 07:39:12 [31m[Error] Error 
[0m
2024/05/13 07:39:12 
2024/05/13 07:39:12 ## OPEN LOG FILE  rumctl  20240513 07:39:12.870 ##
2024/05/13 07:39:12 
2024/05/13 07:39:12 [tytttt] [tytttt] 

2024/05/13 07:39:12 [31m[Error] Error 
[0m
2024/05/13 07:45:50 
2024/05/13 07:45:50 ## OPEN LOG FILE  rumctl  20240513 07:45:50.974 ##
2024/05/13 07:45:50 
2024/05/13 07:45:50 [tytttt] [tytttt] 

2024/05/13 07:45:50 [31m[Error] Error 
[0m
2024/05/13 07:45:50 
2024/05/13 07:45:50 ## OPEN LOG FILE  rumctl  20240513 07:45:50.974 ##
2024/05/13 07:45:50 
2024/05/13 07:45:50 [tytttt] [tytttt] 

2024/05/13 07:45:50 [31m[Error] Error 
[0m
2024/05/13 07:45:50 
2024/05/13 07:45:50 ## OPEN LOG FILE  rumctl  20240513 07:45:50.974 ##
2024/05/13 07:45:50 
2024/05/13 07:45:50 [tytttt] [tytttt] 

2024/05/13 07:45:50 [31m[Error] Error 
[0m
2024/05/13 07:56:39 
2024/05/13 07:56:39 ## OPEN LOG FILE  rumctl  20240513 07:56:39.869 ##
2024/05/13 07:56:39 
2024/05/13 07:56:39 [tytttt] [tytttt] 

2024/05/13 07:56:39 [31m[Error] Error 
[0m
2024/05/13 07:56:39 
2024/05/13 07:56:39 ## OPEN LOG FILE  rumctl  20240513 07:56:39.869 ##
2024/05/13 07:56:39 
2024/05/13 07:56:39 [tytttt] [tytttt] 

2024/05/13 07:56:39 [31m[Error] Error 
[0m
2024/05/13 07:56:39 
2024/05/13 07:56:39 ## OPEN LOG FILE  rumctl  20240513 07:56:39.869 ##
2024/05/13 07:56:39 
2024/05/13 07:56:39 [tytttt] [tytttt] 

2024/05/13 07:56:39 [31m[Error] Error 
[0m
2024/05/13 07:58:08 
2024/05/13 07:58:08 ## OPEN LOG FILE  rumctl  20240513 07:58:08.383 ##
2024/05/13 07:58:08 
2024/05/13 07:58:08 [tytttt] [tytttt] 

2024/05/13 07:58:08 [31m[Error] Error 
[0m
2024/05/13 07:58:08 
2024/05/13 07:58:08 ## OPEN LOG FILE  rumctl  20240513 07:58:08.384 ##
2024/05/13 07:58:08 
2024/05/13 07:58:08 [tytttt] [tytttt] 

2024/05/13 07:58:08 [31m[Error] Error 
[0m
2024/05/13 07:58:08 
2024/05/13 07:58:08 ## OPEN LOG FILE  rumctl  20240513 07:58:08.384 ##
2024/05/13 07:58:08 
2024/05/13 07:58:08 [tytttt] [tytttt] 

2024/05/13 07:58:08 [31m[Error] Error 
[0m
2024/05/13 07:58:48 
2024/05/13 07:58:48 ## OPEN LOG FILE  rumctl  20240513 07:58:48.308 ##
2024/05/13 07:58:48 
2024/05/13 07:58:48 [tytttt] [tytttt] 

2024/05/13 07:58:48 [31m[Error] Error 
[0m
2024/05/13 07:58:48 
2024/05/13 07:58:48 ## OPEN LOG FILE  rumctl  20240513 07:58:48.308 ##
2024/05/13 07:58:48 
2024/05/13 07:58:48 [tytttt] [tytttt] 

2024/05/13 07:58:48 [31m[Error] Error 
[0m
2024/05/13 07:58:48 
2024/05/13 07:58:48 ## OPEN LOG FILE  rumctl  20240513 07:58:48.308 ##
2024/05/13 07:58:48 
2024/05/13 07:58:48 [tytttt] [tytttt] 

2024/05/13 07:58:48 [31m[Error] Error 
[0m
2024/05/13 08:00:57 
2024/05/13 08:00:57 ## OPEN LOG FILE  rumctl  20240513 08:00:57.582 ##
2024/05/13 08:00:57 
2024/05/13 08:00:57 [tytttt] [tytttt] 

2024/05/13 08:00:57 [31m[Error] Error 
[0m
2024/05/13 08:00:57 
2024/05/13 08:00:57 ## OPEN LOG FILE  rumctl  20240513 08:00:57.582 ##
2024/05/13 08:00:57 
2024/05/13 08:00:57 [tytttt] [tytttt] 

2024/05/13 08:00:57 [31m[Error] Error 
[0m
2024/05/13 08:00:57 
2024/05/13 08:00:57 ## OPEN LOG FILE  rumctl  20240513 08:00:57.583 ##
2024/05/13 08:00:57 
2024/05/13 08:00:57 [tytttt] [tytttt] 

2024/05/13 08:00:57 [31m[Error] Error 
[0m
2024/05/13 08:03:37 
2024/05/13 08:03:37 ## OPEN LOG FILE  rumctl  20240513 08:03:37.393 ##
2024/05/13 08:03:37 
2024/05/13 08:03:37 [tytttt] [tytttt] 

2024/05/13 08:03:37 [31m[Error] Error 
[0m
2024/05/13 08:03:37 
2024/05/13 08:03:37 ## OPEN LOG FILE  rumctl  20240513 08:03:37.394 ##
2024/05/13 08:03:37 
2024/05/13 08:03:37 [tytttt] [tytttt] 

2024/05/13 08:03:37 [31m[Error] Error 
[0m
2024/05/13 08:03:37 
2024/05/13 08:03:37 ## OPEN LOG FILE  rumctl  20240513 08:03:37.394 ##
2024/05/13 08:03:37 
2024/05/13 08:03:37 [tytttt] [tytttt] 

2024/05/13 08:03:37 [31m[Error] Error 
[0m
2024/05/13 08:24:23 
2024/05/13 08:24:23 ## OPEN LOG FILE  rumctl  20240513 08:24:23.500 ##
2024/05/13 08:24:23 
2024/05/13 08:24:23 [tytttt] [tytttt] 

2024/05/13 08:24:23 [31m[Error] Error 
[0m
2024/05/13 08:24:23 
2024/05/13 08:24:23 ## OPEN LOG FILE  rumctl  20240513 08:24:23.500 ##
2024/05/13 08:24:23 
2024/05/13 08:24:23 [tytttt] [tytttt] 

2024/05/13 08:24:23 [31m[Error] Error 
[0m
2024/05/13 08:24:23 
2024/05/13 08:24:23 ## OPEN LOG FILE  rumctl  20240513 08:24:23.500 ##
2024/05/13 08:24:23 
2024/05/13 08:24:23 [tytttt] [tytttt] 

2024/05/13 08:24:23 [31m[Error] Error 
[0m
2024/05/13 08:25:52 
2024/05/13 08:25:52 ## OPEN LOG FILE  rumctl  20240513 08:25:52.585 ##
2024/05/13 08:25:52 
2024/05/13 08:25:52 [tytttt] [tytttt] 

2024/05/13 08:25:52 [31m[Error] Error 
[0m
2024/05/13 08:25:52 
2024/05/13 08:25:52 ## OPEN LOG FILE  rumctl  20240513 08:25:52.585 ##
2024/05/13 08:25:52 
2024/05/13 08:25:52 [tytttt] [tytttt] 

2024/05/13 08:25:52 [31m[Error] Error 
[0m
2024/05/13 08:25:52 
2024/05/13 08:25:52 ## OPEN LOG FILE  rumctl  20240513 08:25:52.586 ##
2024/05/13 08:25:52 
2024/05/13 08:25:52 [tytttt] [tytttt] 

2024/05/13 08:25:52 [31m[Error] Error 
[0m
2024/05/13 08:27:13 
2024/05/13 08:27:13 ## OPEN LOG FILE  rumctl  20240513 08:27:13.421 ##
2024/05/13 08:27:13 
2024/05/13 08:27:13 [tytttt] [tytttt] 

2024/05/13 08:27:13 [31m[Error] Error 
[0m
2024/05/13 08:27:13 
2024/05/13 08:27:13 ## OPEN LOG FILE  rumctl  20240513 08:27:13.421 ##
2024/05/13 08:27:13 
2024/05/13 08:27:13 [tytttt] [tytttt] 

2024/05/13 08:27:13 [31m[Error] Error 
[0m
2024/05/13 08:27:13 
2024/05/13 08:27:13 ## OPEN LOG FILE  rumctl  20240513 08:27:13.422 ##
2024/05/13 08:27:13 
2024/05/13 08:27:13 [tytttt] [tytttt] 

2024/05/13 08:27:13 [31m[Error] Error 
[0m
2024/05/13 08:29:11 
2024/05/13 08:29:11 ## OPEN LOG FILE  rumctl  20240513 08:29:11.02 ##
2024/05/13 08:29:11 
2024/05/13 08:29:11 [tytttt] [tytttt] 

2024/05/13 08:29:11 [31m[Error] Error 
[0m
2024/05/13 08:29:11 
2024/05/13 08:29:11 ## OPEN LOG FILE  rumctl  20240513 08:29:11.02 ##
2024/05/13 08:29:11 
2024/05/13 08:29:11 [tytttt] [tytttt] 

2024/05/13 08:29:11 [31m[Error] Error 
[0m
2024/05/13 08:29:11 
2024/05/13 08:29:11 ## OPEN LOG FILE  rumctl  20240513 08:29:11.03 ##
2024/05/13 08:29:11 
2024/05/13 08:29:11 [tytttt] [tytttt] 

2024/05/13 08:29:11 [31m[Error] Error 
[0m
2024/05/13 08:29:29 
2024/05/13 08:29:29 ## OPEN LOG FILE  rumctl  20240513 08:29:29.636 ##
2024/05/13 08:29:29 
2024/05/13 08:29:29 [tytttt] [tytttt] 

2024/05/13 08:29:29 [31m[Error] Error 
[0m
2024/05/13 08:29:29 
2024/05/13 08:29:29 ## OPEN LOG FILE  rumctl  20240513 08:29:29.637 ##
2024/05/13 08:29:29 
2024/05/13 08:29:29 [tytttt] [tytttt] 

2024/05/13 08:29:29 [31m[Error] Error 
[0m
2024/05/13 08:29:29 
2024/05/13 08:29:29 ## OPEN LOG FILE  rumctl  20240513 08:29:29.637 ##
2024/05/13 08:29:29 
2024/05/13 08:29:29 [tytttt] [tytttt] 

2024/05/13 08:29:29 [31m[Error] Error 
[0m
2024/05/13 08:31:43 
2024/05/13 08:31:43 ## OPEN LOG FILE  rumctl  20240513 08:31:43.561 ##
2024/05/13 08:31:43 
2024/05/13 08:31:43 [tytttt] [tytttt] 

2024/05/13 08:31:43 [31m[Error] Error 
[0m
2024/05/13 08:31:43 
2024/05/13 08:31:43 ## OPEN LOG FILE  rumctl  20240513 08:31:43.561 ##
2024/05/13 08:31:43 
2024/05/13 08:31:43 [tytttt] [tytttt] 

2024/05/13 08:31:43 [31m[Error] Error 
[0m
2024/05/13 08:31:43 
2024/05/13 08:31:43 ## OPEN LOG FILE  rumctl  20240513 08:31:43.561 ##
2024/05/13 08:31:43 
2024/05/13 08:31:43 [tytttt] [tytttt] 

2024/05/13 08:31:43 [31m[Error] Error 
[0m
