2023/10/26 08:03:48 
2023/10/26 08:03:48 ## OPEN LOG FILE  boot  20231026 08:03:48.539 ##
2023/10/26 08:03:48 
2023/10/26 08:03:48 [aaa] [aaa] 

2023/10/26 08:03:48 [31m[Error] Error 
[0m
2023/10/26 08:04:09 
2023/10/26 08:04:09 ## OPEN LOG FILE  boot  20231026 08:04:09.297 ##
2023/10/26 08:04:09 
2023/10/26 08:04:09 [aaa] [aaa] 

2023/10/26 08:04:09 [31m[Error] Error 
[0m
2023/10/26 08:04:29 
2023/10/26 08:04:29 ## OPEN LOG FILE  boot  20231026 08:04:29.98 ##
2023/10/26 08:04:29 
2023/10/26 08:04:29 [aaa] [aaa] 

2023/10/26 08:04:29 [31m[Error] Error 
[0m
2023/10/26 08:04:52 
2023/10/26 08:04:52 ## OPEN LOG FILE  boot  20231026 08:04:52.23 ##
2023/10/26 08:04:52 
2023/10/26 08:04:52 [aaa] [aaa] 

2023/10/26 08:04:52 [31m[Error] Error 
[0m
2023/10/26 08:05:13 
2023/10/26 08:05:13 ## OPEN LOG FILE  boot  20231026 08:05:13.454 ##
2023/10/26 08:05:13 
2023/10/26 08:05:13 [aaa] [aaa] 

2023/10/26 08:05:13 [31m[Error] Error 
[0m
2023/10/26 08:05:33 
2023/10/26 08:05:33 ## OPEN LOG FILE  boot  20231026 08:05:33.787 ##
2023/10/26 08:05:33 
2023/10/26 08:05:33 [aaa] [aaa] 

2023/10/26 08:05:33 [31m[Error] Error 
[0m
