2022/09/19 02:36:53 
2022/09/19 02:36:53 ## OPEN LOG FILE  boot  20220919 02:36:53.194 ##
2022/09/19 02:36:53 
2022/09/19 02:36:53 [aaa] [aaa] 

2022/09/19 02:36:53 [31m[Error] Error 
[0m
2022/09/19 02:37:07 
2022/09/19 02:37:07 ## OPEN LOG FILE  boot  20220919 02:37:07.249 ##
2022/09/19 02:37:07 
2022/09/19 02:37:07 [aaa] [aaa] 

2022/09/19 02:37:07 [31m[Error] Error 
[0m
2022/09/19 02:37:18 
2022/09/19 02:37:18 ## OPEN LOG FILE  boot  20220919 02:37:18.966 ##
2022/09/19 02:37:18 
2022/09/19 02:37:18 [aaa] [aaa] 

2022/09/19 02:37:18 [31m[Error] Error 
[0m
2022/09/19 02:37:29 
2022/09/19 02:37:29 ## OPEN LOG FILE  boot  20220919 02:37:29.280 ##
2022/09/19 02:37:29 
2022/09/19 02:37:29 [aaa] [aaa] 

2022/09/19 02:37:29 [31m[Error] Error 
[0m
