2025/08/29 05:28:12 
2025/08/29 05:28:12 ## OPEN LOG FILE  boot  20250829 05:28:12.305 ##
2025/08/29 05:28:12 
2025/08/29 05:28:12 [aaa] [aaa] 

2025/08/29 05:28:12 [31m[Error] Error 
[0m
2025/08/29 05:36:11 
2025/08/29 05:36:11 ## OPEN LOG FILE  boot  20250829 05:36:11.872 ##
2025/08/29 05:36:11 
2025/08/29 05:36:11 [aaa] [aaa] 

2025/08/29 05:36:11 [31m[Error] Error 
[0m
2025/08/29 05:41:52 
2025/08/29 05:41:52 ## OPEN LOG FILE  boot  20250829 05:41:52.128 ##
2025/08/29 05:41:52 
2025/08/29 05:41:52 [aaa] [aaa] 

2025/08/29 05:41:52 [31m[Error] Error 
[0m
2025/08/29 05:48:44 
2025/08/29 05:48:44 ## OPEN LOG FILE  boot  20250829 05:48:44.454 ##
2025/08/29 05:48:44 
2025/08/29 05:48:44 [aaa] [aaa] 

2025/08/29 05:48:44 [31m[Error] Error 
[0m
