2023/10/06 04:55:36 
2023/10/06 04:55:36 ## OPEN LOG FILE  boot  20231006 04:55:36.191 ##
2023/10/06 04:55:36 
2023/10/06 04:55:36 [aaa] [aaa] 

2023/10/06 04:55:36 [31m[Error] Error 
[0m
2023/10/06 04:56:08 
2023/10/06 04:56:08 ## OPEN LOG FILE  boot  20231006 04:56:08.274 ##
2023/10/06 04:56:08 
2023/10/06 04:56:08 [aaa] [aaa] 

2023/10/06 04:56:08 [31m[Error] Error 
[0m
2023/10/06 04:56:39 
2023/10/06 04:56:39 ## OPEN LOG FILE  boot  20231006 04:56:39.870 ##
2023/10/06 04:56:39 
2023/10/06 04:56:39 [aaa] [aaa] 

2023/10/06 04:56:39 [31m[Error] Error 
[0m
2023/10/06 04:57:12 
2023/10/06 04:57:12 ## OPEN LOG FILE  boot  20231006 04:57:12.150 ##
2023/10/06 04:57:12 
2023/10/06 04:57:12 [aaa] [aaa] 

2023/10/06 04:57:12 [31m[Error] Error 
[0m
2023/10/06 04:57:43 
2023/10/06 04:57:43 ## OPEN LOG FILE  boot  20231006 04:57:43.710 ##
2023/10/06 04:57:43 
2023/10/06 04:57:43 [aaa] [aaa] 

2023/10/06 04:57:43 [31m[Error] Error 
[0m
2023/10/06 04:58:16 
2023/10/06 04:58:16 ## OPEN LOG FILE  boot  20231006 04:58:16.397 ##
2023/10/06 04:58:16 
2023/10/06 04:58:16 [aaa] [aaa] 

2023/10/06 04:58:16 [31m[Error] Error 
[0m
