2022/09/06 03:46:32 
2022/09/06 03:46:32 ## OPEN LOG FILE  boot  20220906 03:46:32.974 ##
2022/09/06 03:46:32 
2022/09/06 03:46:32 [aaa] [aaa] 

2022/09/06 03:46:32 [31m[Error] Error 
[0m
2022/09/06 03:47:32 
2022/09/06 03:47:32 ## OPEN LOG FILE  boot  20220906 03:47:32.341 ##
2022/09/06 03:47:32 
2022/09/06 03:47:32 [aaa] [aaa] 

2022/09/06 03:47:32 [31m[Error] Error 
[0m
2022/09/06 03:48:32 
2022/09/06 03:48:32 ## OPEN LOG FILE  boot  20220906 03:48:32.489 ##
2022/09/06 03:48:32 
2022/09/06 03:48:32 [aaa] [aaa] 

2022/09/06 03:48:32 [31m[Error] Error 
[0m
2022/09/06 03:49:27 
2022/09/06 03:49:27 ## OPEN LOG FILE  boot  20220906 03:49:27.707 ##
2022/09/06 03:49:27 
2022/09/06 03:49:27 [aaa] [aaa] 

2022/09/06 03:49:27 [31m[Error] Error 
[0m
