2022/12/07 09:10:39 
2022/12/07 09:10:39 ## OPEN LOG FILE  boot  20221207 09:10:39.314 ##
2022/12/07 09:10:39 
2022/12/07 09:10:39 [aaa] [aaa] 

2022/12/07 09:10:39 [31m[Error] Error 
[0m
2022/12/07 09:11:56 
2022/12/07 09:11:56 ## OPEN LOG FILE  boot  20221207 09:11:56.56 ##
2022/12/07 09:11:56 
2022/12/07 09:11:56 [aaa] [aaa] 

2022/12/07 09:11:56 [31m[Error] Error 
[0m
2022/12/07 09:13:29 
2022/12/07 09:13:29 ## OPEN LOG FILE  boot  20221207 09:13:29.894 ##
2022/12/07 09:13:29 
2022/12/07 09:13:29 [aaa] [aaa] 

2022/12/07 09:13:29 [31m[Error] Error 
[0m
2022/12/07 09:14:54 
2022/12/07 09:14:54 ## OPEN LOG FILE  boot  20221207 09:14:54.481 ##
2022/12/07 09:14:54 
2022/12/07 09:14:54 [aaa] [aaa] 

2022/12/07 09:14:54 [31m[Error] Error 
[0m
2022/12/07 09:27:23 
2022/12/07 09:27:23 ## OPEN LOG FILE  boot  20221207 09:27:23.145 ##
2022/12/07 09:27:23 
2022/12/07 09:27:23 [aaa] [aaa] 

2022/12/07 09:27:23 [31m[Error] Error 
[0m
2022/12/07 09:28:02 
2022/12/07 09:28:02 ## OPEN LOG FILE  boot  20221207 09:28:02.620 ##
2022/12/07 09:28:02 
2022/12/07 09:28:02 [aaa] [aaa] 

2022/12/07 09:28:02 [31m[Error] Error 
[0m
2022/12/07 09:29:49 
2022/12/07 09:29:49 ## OPEN LOG FILE  boot  20221207 09:29:49.505 ##
2022/12/07 09:29:49 
2022/12/07 09:29:49 [aaa] [aaa] 

2022/12/07 09:29:49 [31m[Error] Error 
[0m
2022/12/07 09:30:05 
2022/12/07 09:30:05 ## OPEN LOG FILE  boot  20221207 09:30:05.585 ##
2022/12/07 09:30:05 
2022/12/07 09:30:05 [aaa] [aaa] 

2022/12/07 09:30:05 [31m[Error] Error 
[0m
2022/12/07 09:30:20 
2022/12/07 09:30:20 ## OPEN LOG FILE  boot  20221207 09:30:20.115 ##
2022/12/07 09:30:20 
2022/12/07 09:30:20 [aaa] [aaa] 

2022/12/07 09:30:20 [31m[Error] Error 
[0m
2022/12/07 09:30:34 
2022/12/07 09:30:34 ## OPEN LOG FILE  boot  20221207 09:30:34.151 ##
2022/12/07 09:30:34 
2022/12/07 09:30:34 [aaa] [aaa] 

2022/12/07 09:30:34 [31m[Error] Error 
[0m
2022/12/07 09:37:59 
2022/12/07 09:37:59 ## OPEN LOG FILE  boot  20221207 09:37:59.423 ##
2022/12/07 09:37:59 
2022/12/07 09:37:59 [aaa] [aaa] 

2022/12/07 09:37:59 [31m[Error] Error 
[0m
2022/12/07 09:38:13 
2022/12/07 09:38:13 ## OPEN LOG FILE  boot  20221207 09:38:13.21 ##
2022/12/07 09:38:13 
2022/12/07 09:38:13 [aaa] [aaa] 

2022/12/07 09:38:13 [31m[Error] Error 
[0m
2022/12/07 09:38:23 
2022/12/07 09:38:23 ## OPEN LOG FILE  boot  20221207 09:38:23.586 ##
2022/12/07 09:38:23 
2022/12/07 09:38:23 [aaa] [aaa] 

2022/12/07 09:38:23 [31m[Error] Error 
[0m
2022/12/07 09:38:33 
2022/12/07 09:38:33 ## OPEN LOG FILE  boot  20221207 09:38:33.66 ##
2022/12/07 09:38:33 
2022/12/07 09:38:33 [aaa] [aaa] 

2022/12/07 09:38:33 [31m[Error] Error 
[0m
2022/12/07 09:38:41 
2022/12/07 09:38:41 ## OPEN LOG FILE  boot  20221207 09:38:41.311 ##
2022/12/07 09:38:41 
2022/12/07 09:38:41 [aaa] [aaa] 

2022/12/07 09:38:41 [31m[Error] Error 
[0m
2022/12/07 09:38:54 
2022/12/07 09:38:54 ## OPEN LOG FILE  boot  20221207 09:38:54.475 ##
2022/12/07 09:38:54 
2022/12/07 09:38:54 [aaa] [aaa] 

2022/12/07 09:38:54 [31m[Error] Error 
[0m
