2024/05/13 07:27:40 
2024/05/13 07:27:40 ## OPEN LOG FILE  boot  20240513 07:27:40.722 ##
2024/05/13 07:27:40 
2024/05/13 07:27:40 [aaa] [aaa] 

2024/05/13 07:27:40 [31m[Error] Error 
[0m
2024/05/13 07:34:39 
2024/05/13 07:34:39 ## OPEN LOG FILE  boot  20240513 07:34:39.464 ##
2024/05/13 07:34:39 
2024/05/13 07:34:39 [aaa] [aaa] 

2024/05/13 07:34:39 [31m[Error] Error 
[0m
2024/05/13 07:39:12 
2024/05/13 07:39:12 ## OPEN LOG FILE  boot  20240513 07:39:12.869 ##
2024/05/13 07:39:12 
2024/05/13 07:39:12 [aaa] [aaa] 

2024/05/13 07:39:12 [31m[Error] Error 
[0m
2024/05/13 07:45:50 
2024/05/13 07:45:50 ## OPEN LOG FILE  boot  20240513 07:45:50.974 ##
2024/05/13 07:45:50 
2024/05/13 07:45:50 [aaa] [aaa] 

2024/05/13 07:45:50 [31m[Error] Error 
[0m
2024/05/13 07:56:39 
2024/05/13 07:56:39 ## OPEN LOG FILE  boot  20240513 07:56:39.868 ##
2024/05/13 07:56:39 
2024/05/13 07:56:39 [aaa] [aaa] 

2024/05/13 07:56:39 [31m[Error] Error 
[0m
2024/05/13 07:58:08 
2024/05/13 07:58:08 ## OPEN LOG FILE  boot  20240513 07:58:08.382 ##
2024/05/13 07:58:08 
2024/05/13 07:58:08 [aaa] [aaa] 

2024/05/13 07:58:08 [31m[Error] Error 
[0m
2024/05/13 07:58:48 
2024/05/13 07:58:48 ## OPEN LOG FILE  boot  20240513 07:58:48.308 ##
2024/05/13 07:58:48 
2024/05/13 07:58:48 [aaa] [aaa] 

2024/05/13 07:58:48 [31m[Error] Error 
[0m
2024/05/13 08:00:57 
2024/05/13 08:00:57 ## OPEN LOG FILE  boot  20240513 08:00:57.582 ##
2024/05/13 08:00:57 
2024/05/13 08:00:57 [aaa] [aaa] 

2024/05/13 08:00:57 [31m[Error] Error 
[0m
2024/05/13 08:03:37 
2024/05/13 08:03:37 ## OPEN LOG FILE  boot  20240513 08:03:37.393 ##
2024/05/13 08:03:37 
2024/05/13 08:03:37 [aaa] [aaa] 

2024/05/13 08:03:37 [31m[Error] Error 
[0m
2024/05/13 08:24:23 
2024/05/13 08:24:23 ## OPEN LOG FILE  boot  20240513 08:24:23.500 ##
2024/05/13 08:24:23 
2024/05/13 08:24:23 [aaa] [aaa] 

2024/05/13 08:24:23 [31m[Error] Error 
[0m
2024/05/13 08:25:52 
2024/05/13 08:25:52 ## OPEN LOG FILE  boot  20240513 08:25:52.585 ##
2024/05/13 08:25:52 
2024/05/13 08:25:52 [aaa] [aaa] 

2024/05/13 08:25:52 [31m[Error] Error 
[0m
2024/05/13 08:27:13 
2024/05/13 08:27:13 ## OPEN LOG FILE  boot  20240513 08:27:13.421 ##
2024/05/13 08:27:13 
2024/05/13 08:27:13 [aaa] [aaa] 

2024/05/13 08:27:13 [31m[Error] Error 
[0m
2024/05/13 08:29:10 
2024/05/13 08:29:11 ## OPEN LOG FILE  boot  20240513 08:29:11.02 ##
2024/05/13 08:29:11 
2024/05/13 08:29:11 [aaa] [aaa] 

2024/05/13 08:29:11 [31m[Error] Error 
[0m
2024/05/13 08:29:29 
2024/05/13 08:29:29 ## OPEN LOG FILE  boot  20240513 08:29:29.636 ##
2024/05/13 08:29:29 
2024/05/13 08:29:29 [aaa] [aaa] 

2024/05/13 08:29:29 [31m[Error] Error 
[0m
2024/05/13 08:31:43 
2024/05/13 08:31:43 ## OPEN LOG FILE  boot  20240513 08:31:43.559 ##
2024/05/13 08:31:43 
2024/05/13 08:31:43 [aaa] [aaa] 

2024/05/13 08:31:43 [31m[Error] Error 
[0m
