2024/09/05 07:42:55 
2024/09/05 07:42:55 ## OPEN LOG FILE  boot  20240905 07:42:55.924 ##
2024/09/05 07:42:55 
2024/09/05 07:42:55 [aaa] [aaa] 

2024/09/05 07:42:55 [31m[Error] Error 
[0m
2024/09/05 07:47:16 
2024/09/05 07:47:16 ## OPEN LOG FILE  boot  20240905 07:47:16.731 ##
2024/09/05 07:47:16 
2024/09/05 07:47:16 [aaa] [aaa] 

2024/09/05 07:47:16 [31m[Error] Error 
[0m
2024/09/05 07:52:07 
2024/09/05 07:52:07 ## OPEN LOG FILE  boot  20240905 07:52:07.643 ##
2024/09/05 07:52:07 
2024/09/05 07:52:07 [aaa] [aaa] 

2024/09/05 07:52:07 [31m[Error] Error 
[0m
2024/09/05 07:59:25 
2024/09/05 07:59:25 ## OPEN LOG FILE  boot  20240905 07:59:25.77 ##
2024/09/05 07:59:25 
2024/09/05 07:59:25 [aaa] [aaa] 

2024/09/05 07:59:25 [31m[Error] Error 
[0m
2024/09/05 08:07:05 
2024/09/05 08:07:05 ## OPEN LOG FILE  boot  20240905 08:07:05.133 ##
2024/09/05 08:07:05 
2024/09/05 08:07:05 [aaa] [aaa] 

2024/09/05 08:07:05 [31m[Error] Error 
[0m
2024/09/05 08:12:46 
2024/09/05 08:12:46 ## OPEN LOG FILE  boot  20240905 08:12:46.398 ##
2024/09/05 08:12:46 
2024/09/05 08:12:46 [aaa] [aaa] 

2024/09/05 08:12:46 [31m[Error] Error 
[0m
