2024/02/22 05:00:28 
2024/02/22 05:00:28 ## OPEN LOG FILE  boot  20240222 05:00:28.131 ##
2024/02/22 05:00:28 
2024/02/22 05:00:28 [aaa] [aaa] 

2024/02/22 05:00:28 [31m[Error] Error 
[0m
2024/02/22 05:01:11 
2024/02/22 05:01:11 ## OPEN LOG FILE  boot  20240222 05:01:11.305 ##
2024/02/22 05:01:11 
2024/02/22 05:01:11 [aaa] [aaa] 

2024/02/22 05:01:11 [31m[Error] Error 
[0m
2024/02/22 05:03:24 
2024/02/22 05:03:24 ## OPEN LOG FILE  boot  20240222 05:03:24.885 ##
2024/02/22 05:03:24 
2024/02/22 05:03:24 [aaa] [aaa] 

2024/02/22 05:03:24 [31m[Error] Error 
[0m
2024/02/22 05:05:26 
2024/02/22 05:05:26 ## OPEN LOG FILE  boot  20240222 05:05:26.836 ##
2024/02/22 05:05:26 
2024/02/22 05:05:26 [aaa] [aaa] 

2024/02/22 05:05:26 [31m[Error] Error 
[0m
2024/02/22 05:06:02 
2024/02/22 05:06:02 ## OPEN LOG FILE  boot  20240222 05:06:02.82 ##
2024/02/22 05:06:02 
2024/02/22 05:06:02 [aaa] [aaa] 

2024/02/22 05:06:02 [31m[Error] Error 
[0m
2024/02/22 05:08:22 
2024/02/22 05:08:22 ## OPEN LOG FILE  boot  20240222 05:08:22.185 ##
2024/02/22 05:08:22 
2024/02/22 05:08:22 [aaa] [aaa] 

2024/02/22 05:08:22 [31m[Error] Error 
[0m
