2024/07/29 01:41:59 
2024/07/29 01:41:59 ## OPEN LOG FILE  boot  20240729 01:41:59.318 ##
2024/07/29 01:41:59 
2024/07/29 01:41:59 [aaa] [aaa] 

2024/07/29 01:41:59 [31m[Error] Error 
[0m
2024/07/29 01:48:46 
2024/07/29 01:48:46 ## OPEN LOG FILE  boot  20240729 01:48:46.560 ##
2024/07/29 01:48:46 
2024/07/29 01:48:46 [aaa] [aaa] 

2024/07/29 01:48:46 [31m[Error] Error 
[0m
2024/07/29 01:53:10 
2024/07/29 01:53:10 ## OPEN LOG FILE  boot  20240729 01:53:10.465 ##
2024/07/29 01:53:10 
2024/07/29 01:53:10 [aaa] [aaa] 

2024/07/29 01:53:10 [31m[Error] Error 
[0m
2024/07/29 02:00:17 
2024/07/29 02:00:17 ## OPEN LOG FILE  boot  20240729 02:00:17.183 ##
2024/07/29 02:00:17 
2024/07/29 02:00:17 [aaa] [aaa] 

2024/07/29 02:00:17 [31m[Error] Error 
[0m
2024/07/29 02:07:39 
2024/07/29 02:07:39 ## OPEN LOG FILE  boot  20240729 02:07:39.488 ##
2024/07/29 02:07:39 
2024/07/29 02:07:39 [aaa] [aaa] 

2024/07/29 02:07:39 [31m[Error] Error 
[0m
2024/07/29 02:12:50 
2024/07/29 02:12:50 ## OPEN LOG FILE  boot  20240729 02:12:50.827 ##
2024/07/29 02:12:50 
2024/07/29 02:12:50 [aaa] [aaa] 

2024/07/29 02:12:50 [31m[Error] Error 
[0m
