2023/02/08 08:16:08 
2023/02/08 08:16:08 ## OPEN LOG FILE  boot  20230208 08:16:08.241 ##
2023/02/08 08:16:08 
2023/02/08 08:16:08 [aaa] [aaa] 

2023/02/08 08:16:08 [31m[Error] Error 
[0m
2023/02/08 08:16:48 
2023/02/08 08:16:48 ## OPEN LOG FILE  boot  20230208 08:16:48.319 ##
2023/02/08 08:16:48 
2023/02/08 08:16:48 [aaa] [aaa] 

2023/02/08 08:16:48 [31m[Error] Error 
[0m
2023/02/08 08:17:27 
2023/02/08 08:17:27 ## OPEN LOG FILE  boot  20230208 08:17:27.458 ##
2023/02/08 08:17:27 
2023/02/08 08:17:27 [aaa] [aaa] 

2023/02/08 08:17:27 [31m[Error] Error 
[0m
2023/02/08 08:18:03 
2023/02/08 08:18:03 ## OPEN LOG FILE  boot  20230208 08:18:03.680 ##
2023/02/08 08:18:03 
2023/02/08 08:18:03 [aaa] [aaa] 

2023/02/08 08:18:03 [31m[Error] Error 
[0m
2023/02/08 08:18:39 
2023/02/08 08:18:39 ## OPEN LOG FILE  boot  20230208 08:18:39.629 ##
2023/02/08 08:18:39 
2023/02/08 08:18:39 [aaa] [aaa] 

2023/02/08 08:18:39 [31m[Error] Error 
[0m
2023/02/08 08:19:15 
2023/02/08 08:19:15 ## OPEN LOG FILE  boot  20230208 08:19:15.222 ##
2023/02/08 08:19:15 
2023/02/08 08:19:15 [aaa] [aaa] 

2023/02/08 08:19:15 [31m[Error] Error 
[0m
2023/02/08 08:19:54 
2023/02/08 08:19:54 ## OPEN LOG FILE  boot  20230208 08:19:54.530 ##
2023/02/08 08:19:54 
2023/02/08 08:19:54 [aaa] [aaa] 

2023/02/08 08:19:54 [31m[Error] Error 
[0m
2023/02/08 08:20:30 
2023/02/08 08:20:30 ## OPEN LOG FILE  boot  20230208 08:20:30.528 ##
2023/02/08 08:20:30 
2023/02/08 08:20:30 [aaa] [aaa] 

2023/02/08 08:20:30 [31m[Error] Error 
[0m
2023/02/08 08:21:09 
2023/02/08 08:21:09 ## OPEN LOG FILE  boot  20230208 08:21:09.80 ##
2023/02/08 08:21:09 
2023/02/08 08:21:09 [aaa] [aaa] 

2023/02/08 08:21:09 [31m[Error] Error 
[0m
2023/02/08 08:21:48 
2023/02/08 08:21:48 ## OPEN LOG FILE  boot  20230208 08:21:48.305 ##
2023/02/08 08:21:48 
2023/02/08 08:21:48 [aaa] [aaa] 

2023/02/08 08:21:48 [31m[Error] Error 
[0m
