2022/12/08 01:56:54 
2022/12/08 01:56:54 ## OPEN LOG FILE  boot  20221208 01:56:54.94 ##
2022/12/08 01:56:54 
2022/12/08 01:56:54 [aaa] [aaa] 

2022/12/08 01:56:54 [31m[Error] Error 
[0m
2022/12/08 01:57:08 
2022/12/08 01:57:08 ## OPEN LOG FILE  boot  20221208 01:57:08.265 ##
2022/12/08 01:57:08 
2022/12/08 01:57:08 [aaa] [aaa] 

2022/12/08 01:57:08 [31m[Error] Error 
[0m
2022/12/08 01:57:19 
2022/12/08 01:57:19 ## OPEN LOG FILE  boot  20221208 01:57:19.522 ##
2022/12/08 01:57:19 
2022/12/08 01:57:19 [aaa] [aaa] 

2022/12/08 01:57:19 [31m[Error] Error 
[0m
2022/12/08 01:57:28 
2022/12/08 01:57:28 ## OPEN LOG FILE  boot  20221208 01:57:28.793 ##
2022/12/08 01:57:28 
2022/12/08 01:57:28 [aaa] [aaa] 

2022/12/08 01:57:28 [31m[Error] Error 
[0m
2022/12/08 01:57:38 
2022/12/08 01:57:38 ## OPEN LOG FILE  boot  20221208 01:57:38.97 ##
2022/12/08 01:57:38 
2022/12/08 01:57:38 [aaa] [aaa] 

2022/12/08 01:57:38 [31m[Error] Error 
[0m
2022/12/08 01:57:48 
2022/12/08 01:57:48 ## OPEN LOG FILE  boot  20221208 01:57:48.118 ##
2022/12/08 01:57:48 
2022/12/08 01:57:48 [aaa] [aaa] 

2022/12/08 01:57:48 [31m[Error] Error 
[0m
2022/12/08 02:07:14 
2022/12/08 02:07:14 ## OPEN LOG FILE  boot  20221208 02:07:14.322 ##
2022/12/08 02:07:14 
2022/12/08 02:07:14 [aaa] [aaa] 

2022/12/08 02:07:14 [31m[Error] Error 
[0m
2022/12/08 02:19:01 
2022/12/08 02:19:01 ## OPEN LOG FILE  boot  20221208 02:19:01.223 ##
2022/12/08 02:19:01 
2022/12/08 02:19:01 [aaa] [aaa] 

2022/12/08 02:19:01 [31m[Error] Error 
[0m
2022/12/08 02:23:14 
2022/12/08 02:23:14 ## OPEN LOG FILE  boot  20221208 02:23:14.512 ##
2022/12/08 02:23:14 
2022/12/08 02:23:14 [aaa] [aaa] 

2022/12/08 02:23:14 [31m[Error] Error 
[0m
2022/12/08 02:28:48 
2022/12/08 02:28:48 ## OPEN LOG FILE  boot  20221208 02:28:48.333 ##
2022/12/08 02:28:48 
2022/12/08 02:28:48 [aaa] [aaa] 

2022/12/08 02:28:48 [31m[Error] Error 
[0m
2022/12/08 02:29:04 
2022/12/08 02:29:04 ## OPEN LOG FILE  boot  20221208 02:29:04.875 ##
2022/12/08 02:29:04 
2022/12/08 02:29:04 [aaa] [aaa] 

2022/12/08 02:29:04 [31m[Error] Error 
[0m
2022/12/08 02:29:20 
2022/12/08 02:29:20 ## OPEN LOG FILE  boot  20221208 02:29:20.404 ##
2022/12/08 02:29:20 
2022/12/08 02:29:20 [aaa] [aaa] 

2022/12/08 02:29:20 [31m[Error] Error 
[0m
2022/12/08 02:29:35 
2022/12/08 02:29:35 ## OPEN LOG FILE  boot  20221208 02:29:35.147 ##
2022/12/08 02:29:35 
2022/12/08 02:29:35 [aaa] [aaa] 

2022/12/08 02:29:35 [31m[Error] Error 
[0m
2022/12/08 02:29:48 
2022/12/08 02:29:48 ## OPEN LOG FILE  boot  20221208 02:29:48.837 ##
2022/12/08 02:29:48 
2022/12/08 02:29:48 [aaa] [aaa] 

2022/12/08 02:29:48 [31m[Error] Error 
[0m
2022/12/08 03:24:16 
2022/12/08 03:24:16 ## OPEN LOG FILE  boot  20221208 03:24:16.599 ##
2022/12/08 03:24:16 
2022/12/08 03:24:16 [aaa] [aaa] 

2022/12/08 03:24:16 [31m[Error] Error 
[0m
2022/12/08 03:24:31 
2022/12/08 03:24:31 ## OPEN LOG FILE  boot  20221208 03:24:31.790 ##
2022/12/08 03:24:31 
2022/12/08 03:24:31 [aaa] [aaa] 

2022/12/08 03:24:31 [31m[Error] Error 
[0m
2022/12/08 03:24:43 
2022/12/08 03:24:43 ## OPEN LOG FILE  boot  20221208 03:24:43.538 ##
2022/12/08 03:24:43 
2022/12/08 03:24:43 [aaa] [aaa] 

2022/12/08 03:24:43 [31m[Error] Error 
[0m
2022/12/08 03:24:53 
2022/12/08 03:24:53 ## OPEN LOG FILE  boot  20221208 03:24:53.348 ##
2022/12/08 03:24:53 
2022/12/08 03:24:53 [aaa] [aaa] 

2022/12/08 03:24:53 [31m[Error] Error 
[0m
2022/12/08 03:25:02 
2022/12/08 03:25:02 ## OPEN LOG FILE  boot  20221208 03:25:02.823 ##
2022/12/08 03:25:02 
2022/12/08 03:25:02 [aaa] [aaa] 

2022/12/08 03:25:02 [31m[Error] Error 
[0m
2022/12/08 03:25:54 
2022/12/08 03:25:54 ## OPEN LOG FILE  boot  20221208 03:25:54.989 ##
2022/12/08 03:25:54 
2022/12/08 03:25:54 [aaa] [aaa] 

2022/12/08 03:25:54 [31m[Error] Error 
[0m
2022/12/08 03:26:17 
2022/12/08 03:26:17 ## OPEN LOG FILE  boot  20221208 03:26:17.623 ##
2022/12/08 03:26:17 
2022/12/08 03:26:17 [aaa] [aaa] 

2022/12/08 03:26:17 [31m[Error] Error 
[0m
2022/12/08 03:26:35 
2022/12/08 03:26:35 ## OPEN LOG FILE  boot  20221208 03:26:35.776 ##
2022/12/08 03:26:35 
2022/12/08 03:26:35 [aaa] [aaa] 

2022/12/08 03:26:35 [31m[Error] Error 
[0m
2022/12/08 03:26:49 
2022/12/08 03:26:49 ## OPEN LOG FILE  boot  20221208 03:26:49.161 ##
2022/12/08 03:26:49 
2022/12/08 03:26:49 [aaa] [aaa] 

2022/12/08 03:26:49 [31m[Error] Error 
[0m
2022/12/08 03:27:02 
2022/12/08 03:27:02 ## OPEN LOG FILE  boot  20221208 03:27:02.201 ##
2022/12/08 03:27:02 
2022/12/08 03:27:02 [aaa] [aaa] 

2022/12/08 03:27:02 [31m[Error] Error 
[0m
