2025/07/07 00:51:19 
2025/07/07 00:51:19 ## OPEN LOG FILE  boot  20250707 00:51:19.481 ##
2025/07/07 00:51:19 
2025/07/07 00:51:19 [aaa] [aaa] 

2025/07/07 00:51:19 [31m[Error] Error 
[0m
2025/07/07 00:58:13 
2025/07/07 00:58:13 ## OPEN LOG FILE  boot  20250707 00:58:13.409 ##
2025/07/07 00:58:13 
2025/07/07 00:58:13 [aaa] [aaa] 

2025/07/07 00:58:13 [31m[Error] Error 
[0m
2025/07/07 01:02:43 
2025/07/07 01:02:43 ## OPEN LOG FILE  boot  20250707 01:02:43.287 ##
2025/07/07 01:02:43 
2025/07/07 01:02:43 [aaa] [aaa] 

2025/07/07 01:02:43 [31m[Error] Error 
[0m
2025/07/07 01:10:12 
2025/07/07 01:10:12 ## OPEN LOG FILE  boot  20250707 01:10:12.254 ##
2025/07/07 01:10:12 
2025/07/07 01:10:12 [aaa] [aaa] 

2025/07/07 01:10:12 [31m[Error] Error 
[0m
2025/07/07 01:10:46 
2025/07/07 01:10:46 ## OPEN LOG FILE  boot  20250707 01:10:46.32 ##
2025/07/07 01:10:46 
2025/07/07 01:10:46 [aaa] [aaa] 

2025/07/07 01:10:46 [31m[Error] Error 
[0m
2025/07/07 01:11:11 
2025/07/07 01:11:11 ## OPEN LOG FILE  boot  20250707 01:11:11.281 ##
2025/07/07 01:11:11 
2025/07/07 01:11:11 [aaa] [aaa] 

2025/07/07 01:11:11 [31m[Error] Error 
[0m
