2023/02/09 03:25:12 
2023/02/09 03:25:12 ## OPEN LOG FILE  boot  20230209 03:25:12.197 ##
2023/02/09 03:25:12 
2023/02/09 03:25:12 [aaa] [aaa] 

2023/02/09 03:25:12 [31m[Error] Error 
[0m
2023/02/09 03:25:26 
2023/02/09 03:25:26 ## OPEN LOG FILE  boot  20230209 03:25:26.658 ##
2023/02/09 03:25:26 
2023/02/09 03:25:26 [aaa] [aaa] 

2023/02/09 03:25:26 [31m[Error] Error 
[0m
2023/02/09 03:25:41 
2023/02/09 03:25:41 ## OPEN LOG FILE  boot  20230209 03:25:41.42 ##
2023/02/09 03:25:41 
2023/02/09 03:25:41 [aaa] [aaa] 

2023/02/09 03:25:41 [31m[Error] Error 
[0m
2023/02/09 03:25:54 
2023/02/09 03:25:54 ## OPEN LOG FILE  boot  20230209 03:25:54.144 ##
2023/02/09 03:25:54 
2023/02/09 03:25:54 [aaa] [aaa] 

2023/02/09 03:25:54 [31m[Error] Error 
[0m
2023/02/09 03:26:06 
2023/02/09 03:26:06 ## OPEN LOG FILE  boot  20230209 03:26:06.861 ##
2023/02/09 03:26:06 
2023/02/09 03:26:06 [aaa] [aaa] 

2023/02/09 03:26:06 [31m[Error] Error 
[0m
2023/02/09 03:26:19 
2023/02/09 03:26:19 ## OPEN LOG FILE  boot  20230209 03:26:19.174 ##
2023/02/09 03:26:19 
2023/02/09 03:26:19 [aaa] [aaa] 

2023/02/09 03:26:19 [31m[Error] Error 
[0m
2023/02/09 03:26:32 
2023/02/09 03:26:32 ## OPEN LOG FILE  boot  20230209 03:26:32.80 ##
2023/02/09 03:26:32 
2023/02/09 03:26:32 [aaa] [aaa] 

2023/02/09 03:26:32 [31m[Error] Error 
[0m
2023/02/09 03:26:44 
2023/02/09 03:26:44 ## OPEN LOG FILE  boot  20230209 03:26:44.912 ##
2023/02/09 03:26:44 
2023/02/09 03:26:44 [aaa] [aaa] 

2023/02/09 03:26:44 [31m[Error] Error 
[0m
2023/02/09 03:26:57 
2023/02/09 03:26:57 ## OPEN LOG FILE  boot  20230209 03:26:57.516 ##
2023/02/09 03:26:57 
2023/02/09 03:26:57 [aaa] [aaa] 

2023/02/09 03:26:57 [31m[Error] Error 
[0m
2023/02/09 03:27:09 
2023/02/09 03:27:09 ## OPEN LOG FILE  boot  20230209 03:27:09.993 ##
2023/02/09 03:27:09 
2023/02/09 03:27:09 [aaa] [aaa] 

2023/02/09 03:27:09 [31m[Error] Error 
[0m
