2023/12/04 07:37:49 
2023/12/04 07:37:49 ## OPEN LOG FILE  boot  20231204 07:37:49.363 ##
2023/12/04 07:37:49 
2023/12/04 07:37:49 [aaa] [aaa] 

2023/12/04 07:37:49 [31m[Error] Error 
[0m
2023/12/04 07:38:30 
2023/12/04 07:38:30 ## OPEN LOG FILE  boot  20231204 07:38:30.955 ##
2023/12/04 07:38:30 
2023/12/04 07:38:30 [aaa] [aaa] 

2023/12/04 07:38:30 [31m[Error] Error 
[0m
2023/12/04 07:39:13 
2023/12/04 07:39:13 ## OPEN LOG FILE  boot  20231204 07:39:13.29 ##
2023/12/04 07:39:13 
2023/12/04 07:39:13 [aaa] [aaa] 

2023/12/04 07:39:13 [31m[Error] Error 
[0m
2023/12/04 07:40:00 
2023/12/04 07:40:00 ## OPEN LOG FILE  boot  20231204 07:40:00.470 ##
2023/12/04 07:40:00 
2023/12/04 07:40:00 [aaa] [aaa] 

2023/12/04 07:40:00 [31m[Error] Error 
[0m
2023/12/04 07:40:42 
2023/12/04 07:40:42 ## OPEN LOG FILE  boot  20231204 07:40:42.94 ##
2023/12/04 07:40:42 
2023/12/04 07:40:42 [aaa] [aaa] 

2023/12/04 07:40:42 [31m[Error] Error 
[0m
2023/12/04 07:41:25 
2023/12/04 07:41:25 ## OPEN LOG FILE  boot  20231204 07:41:25.532 ##
2023/12/04 07:41:25 
2023/12/04 07:41:25 [aaa] [aaa] 

2023/12/04 07:41:25 [31m[Error] Error 
[0m
