2024/12/05 05:52:20 
2024/12/05 05:52:20 ## OPEN LOG FILE  boot  20241205 05:52:20.178 ##
2024/12/05 05:52:20 
2024/12/05 05:52:20 [aaa] [aaa] 

2024/12/05 05:52:20 [31m[Error] Error 
[0m
2024/12/05 05:57:50 
2024/12/05 05:57:50 ## OPEN LOG FILE  boot  20241205 05:57:50.747 ##
2024/12/05 05:57:50 
2024/12/05 05:57:50 [aaa] [aaa] 

2024/12/05 05:57:50 [31m[Error] Error 
[0m
2024/12/05 06:04:24 
2024/12/05 06:04:24 ## OPEN LOG FILE  boot  20241205 06:04:24.752 ##
2024/12/05 06:04:24 
2024/12/05 06:04:24 [aaa] [aaa] 

2024/12/05 06:04:24 [31m[Error] Error 
[0m
2024/12/05 06:21:02 
2024/12/05 06:21:02 ## OPEN LOG FILE  boot  20241205 06:21:02.46 ##
2024/12/05 06:21:02 
2024/12/05 06:21:02 [aaa] [aaa] 

2024/12/05 06:21:02 [31m[Error] Error 
[0m
2024/12/05 06:21:49 
2024/12/05 06:21:50 ## OPEN LOG FILE  boot  20241205 06:21:50.06 ##
2024/12/05 06:21:50 
2024/12/05 06:21:50 [aaa] [aaa] 

2024/12/05 06:21:50 [31m[Error] Error 
[0m
2024/12/05 06:22:00 
2024/12/05 06:22:00 ## OPEN LOG FILE  boot  20241205 06:22:00.159 ##
2024/12/05 06:22:00 
2024/12/05 06:22:00 [aaa] [aaa] 

2024/12/05 06:22:00 [31m[Error] Error 
[0m
2024/12/05 06:24:20 
2024/12/05 06:24:20 ## OPEN LOG FILE  boot  20241205 06:24:20.161 ##
2024/12/05 06:24:20 
2024/12/05 06:24:20 [aaa] [aaa] 

2024/12/05 06:24:20 [31m[Error] Error 
[0m
2024/12/05 07:01:51 
2024/12/05 07:01:51 ## OPEN LOG FILE  boot  20241205 07:01:51.987 ##
2024/12/05 07:01:51 
2024/12/05 07:01:51 [aaa] [aaa] 

2024/12/05 07:01:51 [31m[Error] Error 
[0m
2024/12/05 07:02:53 
2024/12/05 07:02:53 ## OPEN LOG FILE  boot  20241205 07:02:53.938 ##
2024/12/05 07:02:53 
2024/12/05 07:02:53 [aaa] [aaa] 

2024/12/05 07:02:53 [31m[Error] Error 
[0m
2024/12/05 07:03:25 
2024/12/05 07:03:25 ## OPEN LOG FILE  boot  20241205 07:03:25.684 ##
2024/12/05 07:03:25 
2024/12/05 07:03:25 [aaa] [aaa] 

2024/12/05 07:03:25 [31m[Error] Error 
[0m
2024/12/05 07:04:02 
2024/12/05 07:04:02 ## OPEN LOG FILE  boot  20241205 07:04:02.958 ##
2024/12/05 07:04:02 
2024/12/05 07:04:02 [aaa] [aaa] 

2024/12/05 07:04:02 [31m[Error] Error 
[0m
2024/12/05 07:09:41 
2024/12/05 07:09:41 ## OPEN LOG FILE  boot  20241205 07:09:41.760 ##
2024/12/05 07:09:41 
2024/12/05 07:09:41 [aaa] [aaa] 

2024/12/05 07:09:41 [31m[Error] Error 
[0m
2024/12/05 07:10:02 
2024/12/05 07:10:02 ## OPEN LOG FILE  boot  20241205 07:10:02.536 ##
2024/12/05 07:10:02 
2024/12/05 07:10:02 [aaa] [aaa] 

2024/12/05 07:10:02 [31m[Error] Error 
[0m
2024/12/05 07:10:16 
2024/12/05 07:10:16 ## OPEN LOG FILE  boot  20241205 07:10:16.42 ##
2024/12/05 07:10:16 
2024/12/05 07:10:16 [aaa] [aaa] 

2024/12/05 07:10:16 [31m[Error] Error 
[0m
2024/12/05 07:10:32 
2024/12/05 07:10:32 ## OPEN LOG FILE  boot  20241205 07:10:32.332 ##
2024/12/05 07:10:32 
2024/12/05 07:10:32 [aaa] [aaa] 

2024/12/05 07:10:32 [31m[Error] Error 
[0m
2024/12/05 07:14:02 
2024/12/05 07:14:02 ## OPEN LOG FILE  boot  20241205 07:14:02.611 ##
2024/12/05 07:14:02 
2024/12/05 07:14:02 [aaa] [aaa] 

2024/12/05 07:14:02 [31m[Error] Error 
[0m
2024/12/05 07:22:07 
2024/12/05 07:22:07 ## OPEN LOG FILE  boot  20241205 07:22:07.472 ##
2024/12/05 07:22:07 
2024/12/05 07:22:07 [aaa] [aaa] 

2024/12/05 07:22:07 [31m[Error] Error 
[0m
2024/12/05 07:23:17 
2024/12/05 07:23:17 ## OPEN LOG FILE  boot  20241205 07:23:17.945 ##
2024/12/05 07:23:17 
2024/12/05 07:23:17 [aaa] [aaa] 

2024/12/05 07:23:17 [31m[Error] Error 
[0m
2024/12/05 07:24:00 
2024/12/05 07:24:00 ## OPEN LOG FILE  boot  20241205 07:24:00.476 ##
2024/12/05 07:24:00 
2024/12/05 07:24:00 [aaa] [aaa] 

2024/12/05 07:24:00 [31m[Error] Error 
[0m
