2023/12/28 06:59:14 
2023/12/28 06:59:14 ## OPEN LOG FILE  boot  20231228 06:59:14.578 ##
2023/12/28 06:59:14 
2023/12/28 06:59:14 [aaa] [aaa] 

2023/12/28 06:59:14 [31m[Error] Error 
[0m
2023/12/28 07:01:34 
2023/12/28 07:01:34 ## OPEN LOG FILE  boot  20231228 07:01:34.798 ##
2023/12/28 07:01:34 
2023/12/28 07:01:34 [aaa] [aaa] 

2023/12/28 07:01:34 [31m[Error] Error 
[0m
2023/12/28 07:03:11 
2023/12/28 07:03:11 ## OPEN LOG FILE  boot  20231228 07:03:11.679 ##
2023/12/28 07:03:11 
2023/12/28 07:03:11 [aaa] [aaa] 

2023/12/28 07:03:11 [31m[Error] Error 
[0m
2023/12/28 07:05:38 
2023/12/28 07:05:38 ## OPEN LOG FILE  boot  20231228 07:05:38.414 ##
2023/12/28 07:05:38 
2023/12/28 07:05:38 [aaa] [aaa] 

2023/12/28 07:05:38 [31m[Error] Error 
[0m
2023/12/28 07:08:04 
2023/12/28 07:08:04 ## OPEN LOG FILE  boot  20231228 07:08:04.746 ##
2023/12/28 07:08:04 
2023/12/28 07:08:04 [aaa] [aaa] 

2023/12/28 07:08:04 [31m[Error] Error 
[0m
2023/12/28 07:09:46 
2023/12/28 07:09:46 ## OPEN LOG FILE  boot  20231228 07:09:46.42 ##
2023/12/28 07:09:46 
2023/12/28 07:09:46 [aaa] [aaa] 

2023/12/28 07:09:46 [31m[Error] Error 
[0m
2023/12/28 07:27:33 
2023/12/28 07:27:33 ## OPEN LOG FILE  boot  20231228 07:27:33.424 ##
2023/12/28 07:27:33 
2023/12/28 07:27:33 [aaa] [aaa] 

2023/12/28 07:27:33 [31m[Error] Error 
[0m
2023/12/28 07:28:15 
2023/12/28 07:28:15 ## OPEN LOG FILE  boot  20231228 07:28:15.479 ##
2023/12/28 07:28:15 
2023/12/28 07:28:15 [aaa] [aaa] 

2023/12/28 07:28:15 [31m[Error] Error 
[0m
2023/12/28 07:28:48 
2023/12/28 07:28:48 ## OPEN LOG FILE  boot  20231228 07:28:48.599 ##
2023/12/28 07:28:48 
2023/12/28 07:28:48 [aaa] [aaa] 

2023/12/28 07:28:48 [31m[Error] Error 
[0m
2023/12/28 07:29:25 
2023/12/28 07:29:25 ## OPEN LOG FILE  boot  20231228 07:29:25.786 ##
2023/12/28 07:29:25 
2023/12/28 07:29:25 [aaa] [aaa] 

2023/12/28 07:29:25 [31m[Error] Error 
[0m
2023/12/28 07:29:44 
2023/12/28 07:29:44 ## OPEN LOG FILE  boot  20231228 07:29:44.821 ##
2023/12/28 07:29:44 
2023/12/28 07:29:44 [aaa] [aaa] 

2023/12/28 07:29:44 [31m[Error] Error 
[0m
2023/12/28 07:29:54 
2023/12/28 07:29:54 ## OPEN LOG FILE  boot  20231228 07:29:54.902 ##
2023/12/28 07:29:54 
2023/12/28 07:29:54 [aaa] [aaa] 

2023/12/28 07:29:54 [31m[Error] Error 
[0m
