2022/09/14 07:04:06 
2022/09/14 07:04:06 ## OPEN LOG FILE  boot  20220914 07:04:06.20 ##
2022/09/14 07:04:06 
2022/09/14 07:04:06 [aaa] [aaa] 

2022/09/14 07:04:06 [31m[Error] Error 
[0m
2022/09/14 07:04:55 
2022/09/14 07:04:55 ## OPEN LOG FILE  boot  20220914 07:04:55.126 ##
2022/09/14 07:04:55 
2022/09/14 07:04:55 [aaa] [aaa] 

2022/09/14 07:04:55 [31m[Error] Error 
[0m
2022/09/14 07:10:08 
2022/09/14 07:10:08 ## OPEN LOG FILE  boot  20220914 07:10:08.560 ##
2022/09/14 07:10:08 
2022/09/14 07:10:08 [aaa] [aaa] 

2022/09/14 07:10:08 [31m[Error] Error 
[0m
2022/09/14 07:14:03 
2022/09/14 07:14:03 ## OPEN LOG FILE  boot  20220914 07:14:03.118 ##
2022/09/14 07:14:03 
2022/09/14 07:14:03 [aaa] [aaa] 

2022/09/14 07:14:03 [31m[Error] Error 
[0m
2022/09/14 07:15:35 
2022/09/14 07:15:35 ## OPEN LOG FILE  boot  20220914 07:15:35.311 ##
2022/09/14 07:15:35 
2022/09/14 07:15:35 [aaa] [aaa] 

2022/09/14 07:15:35 [31m[Error] Error 
[0m
2022/09/14 07:52:32 
2022/09/14 07:52:32 ## OPEN LOG FILE  boot  20220914 07:52:32.991 ##
2022/09/14 07:52:32 
2022/09/14 07:52:32 [aaa] [aaa] 

2022/09/14 07:52:32 [31m[Error] Error 
[0m
2022/09/14 07:52:46 
2022/09/14 07:52:46 ## OPEN LOG FILE  boot  20220914 07:52:46.378 ##
2022/09/14 07:52:46 
2022/09/14 07:52:46 [aaa] [aaa] 

2022/09/14 07:52:46 [31m[Error] Error 
[0m
2022/09/14 07:52:57 
2022/09/14 07:52:57 ## OPEN LOG FILE  boot  20220914 07:52:57.808 ##
2022/09/14 07:52:57 
2022/09/14 07:52:57 [aaa] [aaa] 

2022/09/14 07:52:57 [31m[Error] Error 
[0m
2022/09/14 08:03:15 
2022/09/14 08:03:15 ## OPEN LOG FILE  boot  20220914 08:03:15.900 ##
2022/09/14 08:03:15 
2022/09/14 08:03:15 [aaa] [aaa] 

2022/09/14 08:03:15 [31m[Error] Error 
[0m
2022/09/14 08:03:28 
2022/09/14 08:03:28 ## OPEN LOG FILE  boot  20220914 08:03:28.127 ##
2022/09/14 08:03:28 
2022/09/14 08:03:28 [aaa] [aaa] 

2022/09/14 08:03:28 [31m[Error] Error 
[0m
2022/09/14 08:03:38 
2022/09/14 08:03:38 ## OPEN LOG FILE  boot  20220914 08:03:38.639 ##
2022/09/14 08:03:38 
2022/09/14 08:03:38 [aaa] [aaa] 

2022/09/14 08:03:38 [31m[Error] Error 
[0m
2022/09/14 08:03:48 
2022/09/14 08:03:48 ## OPEN LOG FILE  boot  20220914 08:03:48.147 ##
2022/09/14 08:03:48 
2022/09/14 08:03:48 [aaa] [aaa] 

2022/09/14 08:03:48 [31m[Error] Error 
[0m
